ARM GAS  /var/folders/qx/3thh6vs13c76w0sbjx53xp240000gn/T//ccillUcH.s 			page 1


   1              		.cpu cortex-m4
   2              		.eabi_attribute 27, 1
   3              		.eabi_attribute 28, 1
   4              		.eabi_attribute 20, 1
   5              		.eabi_attribute 21, 1
   6              		.eabi_attribute 23, 3
   7              		.eabi_attribute 24, 1
   8              		.eabi_attribute 25, 1
   9              		.eabi_attribute 26, 1
  10              		.eabi_attribute 30, 1
  11              		.eabi_attribute 34, 1
  12              		.eabi_attribute 18, 4
  13              		.file	"main.c"
  14              		.text
  15              	.Ltext0:
  16              		.cfi_sections	.debug_frame
  17              		.section	.text.MX_GPIO_Init,"ax",%progbits
  18              		.align	1
  19              		.syntax unified
  20              		.thumb
  21              		.thumb_func
  22              		.fpu fpv4-sp-d16
  24              	MX_GPIO_Init:
  25              	.LFB127:
  26              		.file 1 "Src/main.c"
   1:Src/main.c    **** /**
   2:Src/main.c    ****   ******************************************************************************
   3:Src/main.c    ****   * File Name          : main.c
   4:Src/main.c    ****   * Description        : Main program body
   5:Src/main.c    ****   ******************************************************************************
   6:Src/main.c    ****   ** This notice applies to any and all portions of this file
   7:Src/main.c    ****   * that are not between comment pairs USER CODE BEGIN and
   8:Src/main.c    ****   * USER CODE END. Other portions of this file, whether 
   9:Src/main.c    ****   * inserted by the user or by software development tools
  10:Src/main.c    ****   * are owned by their respective copyright owners.
  11:Src/main.c    ****   *
  12:Src/main.c    ****   * COPYRIGHT(c) 2017 STMicroelectronics
  13:Src/main.c    ****   *
  14:Src/main.c    ****   * Redistribution and use in source and binary forms, with or without modification,
  15:Src/main.c    ****   * are permitted provided that the following conditions are met:
  16:Src/main.c    ****   *   1. Redistributions of source code must retain the above copyright notice,
  17:Src/main.c    ****   *      this list of conditions and the following disclaimer.
  18:Src/main.c    ****   *   2. Redistributions in binary form must reproduce the above copyright notice,
  19:Src/main.c    ****   *      this list of conditions and the following disclaimer in the documentation
  20:Src/main.c    ****   *      and/or other materials provided with the distribution.
  21:Src/main.c    ****   *   3. Neither the name of STMicroelectronics nor the names of its contributors
  22:Src/main.c    ****   *      may be used to endorse or promote products derived from this software
  23:Src/main.c    ****   *      without specific prior written permission.
  24:Src/main.c    ****   *
  25:Src/main.c    ****   * THIS SOFTWARE IS PROVIDED BY THE COPYRIGHT HOLDERS AND CONTRIBUTORS "AS IS"
  26:Src/main.c    ****   * AND ANY EXPRESS OR IMPLIED WARRANTIES, INCLUDING, BUT NOT LIMITED TO, THE
  27:Src/main.c    ****   * IMPLIED WARRANTIES OF MERCHANTABILITY AND FITNESS FOR A PARTICULAR PURPOSE ARE
  28:Src/main.c    ****   * DISCLAIMED. IN NO EVENT SHALL THE COPYRIGHT HOLDER OR CONTRIBUTORS BE LIABLE
  29:Src/main.c    ****   * FOR ANY DIRECT, INDIRECT, INCIDENTAL, SPECIAL, EXEMPLARY, OR CONSEQUENTIAL
  30:Src/main.c    ****   * DAMAGES (INCLUDING, BUT NOT LIMITED TO, PROCUREMENT OF SUBSTITUTE GOODS OR
  31:Src/main.c    ****   * SERVICES; LOSS OF USE, DATA, OR PROFITS; OR BUSINESS INTERRUPTION) HOWEVER
  32:Src/main.c    ****   * CAUSED AND ON ANY THEORY OF LIABILITY, WHETHER IN CONTRACT, STRICT LIABILITY,
ARM GAS  /var/folders/qx/3thh6vs13c76w0sbjx53xp240000gn/T//ccillUcH.s 			page 2


  33:Src/main.c    ****   * OR TORT (INCLUDING NEGLIGENCE OR OTHERWISE) ARISING IN ANY WAY OUT OF THE USE
  34:Src/main.c    ****   * OF THIS SOFTWARE, EVEN IF ADVISED OF THE POSSIBILITY OF SUCH DAMAGE.
  35:Src/main.c    ****   *
  36:Src/main.c    ****   ******************************************************************************
  37:Src/main.c    ****   */
  38:Src/main.c    **** /* Includes ------------------------------------------------------------------*/
  39:Src/main.c    **** #include "main.h"
  40:Src/main.c    **** #include "stm32f4xx_hal.h"
  41:Src/main.c    **** 
  42:Src/main.c    **** /* USER CODE BEGIN Includes */
  43:Src/main.c    **** 
  44:Src/main.c    **** /* USER CODE END Includes */
  45:Src/main.c    **** 
  46:Src/main.c    **** /* Private variables ---------------------------------------------------------*/
  47:Src/main.c    **** UART_HandleTypeDef huart1;
  48:Src/main.c    **** 
  49:Src/main.c    **** /* USER CODE BEGIN PV */
  50:Src/main.c    **** /* Private variables ---------------------------------------------------------*/
  51:Src/main.c    **** 
  52:Src/main.c    **** /* USER CODE END PV */
  53:Src/main.c    **** 
  54:Src/main.c    **** /* Private function prototypes -----------------------------------------------*/
  55:Src/main.c    **** void SystemClock_Config(void);
  56:Src/main.c    **** static void MX_GPIO_Init(void);
  57:Src/main.c    **** static void MX_USART1_UART_Init(void);
  58:Src/main.c    **** 
  59:Src/main.c    **** /* USER CODE BEGIN PFP */
  60:Src/main.c    **** /* Private function prototypes -----------------------------------------------*/
  61:Src/main.c    **** 
  62:Src/main.c    **** /* USER CODE END PFP */
  63:Src/main.c    **** 
  64:Src/main.c    **** /* USER CODE BEGIN 0 */
  65:Src/main.c    **** 
  66:Src/main.c    **** /* USER CODE END 0 */
  67:Src/main.c    **** 
  68:Src/main.c    **** int main(void)
  69:Src/main.c    **** {
  70:Src/main.c    **** 
  71:Src/main.c    ****   /* USER CODE BEGIN 1 */
  72:Src/main.c    **** 
  73:Src/main.c    ****   /* USER CODE END 1 */
  74:Src/main.c    **** 
  75:Src/main.c    ****   /* MCU Configuration----------------------------------------------------------*/
  76:Src/main.c    **** 
  77:Src/main.c    ****   /* Reset of all peripherals, Initializes the Flash interface and the Systick. */
  78:Src/main.c    ****   HAL_Init();
  79:Src/main.c    **** 
  80:Src/main.c    ****   /* USER CODE BEGIN Init */
  81:Src/main.c    **** 
  82:Src/main.c    ****   /* USER CODE END Init */
  83:Src/main.c    **** 
  84:Src/main.c    ****   /* Configure the system clock */
  85:Src/main.c    ****   SystemClock_Config();
  86:Src/main.c    **** 
  87:Src/main.c    ****   /* USER CODE BEGIN SysInit */
  88:Src/main.c    **** 
  89:Src/main.c    ****   /* USER CODE END SysInit */
ARM GAS  /var/folders/qx/3thh6vs13c76w0sbjx53xp240000gn/T//ccillUcH.s 			page 3


  90:Src/main.c    **** 
  91:Src/main.c    ****   /* Initialize all configured peripherals */
  92:Src/main.c    ****   MX_GPIO_Init();
  93:Src/main.c    ****   MX_USART1_UART_Init();
  94:Src/main.c    **** 
  95:Src/main.c    ****   /* USER CODE BEGIN 2 */
  96:Src/main.c    **** 
  97:Src/main.c    ****   /* USER CODE END 2 */
  98:Src/main.c    **** 
  99:Src/main.c    ****   /* Infinite loop */
 100:Src/main.c    ****   /* USER CODE BEGIN WHILE */
 101:Src/main.c    ****   while (1)
 102:Src/main.c    ****   {
 103:Src/main.c    ****   /* USER CODE END WHILE */
 104:Src/main.c    ****     if(HAL_GPIO_ReadPin(GPIOC, GPIO_PIN_13))
 105:Src/main.c    ****     {
 106:Src/main.c    ****         HAL_GPIO_TogglePin(GPIOA, GPIO_PIN_5);
 107:Src/main.c    ****         HAL_Delay(100);
 108:Src/main.c    ****     }
 109:Src/main.c    ****     else
 110:Src/main.c    ****     {
 111:Src/main.c    ****         HAL_GPIO_WritePin(GPIOA, GPIO_PIN_5, GPIO_PIN_RESET);
 112:Src/main.c    ****     }
 113:Src/main.c    ****   /* USER CODE BEGIN 3 */
 114:Src/main.c    **** 
 115:Src/main.c    ****   }
 116:Src/main.c    ****   /* USER CODE END 3 */
 117:Src/main.c    **** 
 118:Src/main.c    **** }
 119:Src/main.c    **** 
 120:Src/main.c    **** /** System Clock Configuration
 121:Src/main.c    **** */
 122:Src/main.c    **** void SystemClock_Config(void)
 123:Src/main.c    **** {
 124:Src/main.c    **** 
 125:Src/main.c    ****   RCC_OscInitTypeDef RCC_OscInitStruct;
 126:Src/main.c    ****   RCC_ClkInitTypeDef RCC_ClkInitStruct;
 127:Src/main.c    **** 
 128:Src/main.c    ****     /**Configure the main internal regulator output voltage 
 129:Src/main.c    ****     */
 130:Src/main.c    ****   __HAL_RCC_PWR_CLK_ENABLE();
 131:Src/main.c    **** 
 132:Src/main.c    ****   __HAL_PWR_VOLTAGESCALING_CONFIG(PWR_REGULATOR_VOLTAGE_SCALE1);
 133:Src/main.c    **** 
 134:Src/main.c    ****     /**Initializes the CPU, AHB and APB busses clocks 
 135:Src/main.c    ****     */
 136:Src/main.c    ****   RCC_OscInitStruct.OscillatorType = RCC_OSCILLATORTYPE_HSI;
 137:Src/main.c    ****   RCC_OscInitStruct.HSIState = RCC_HSI_ON;
 138:Src/main.c    ****   RCC_OscInitStruct.HSICalibrationValue = 16;
 139:Src/main.c    ****   RCC_OscInitStruct.PLL.PLLState = RCC_PLL_ON;
 140:Src/main.c    ****   RCC_OscInitStruct.PLL.PLLSource = RCC_PLLSOURCE_HSI;
 141:Src/main.c    ****   RCC_OscInitStruct.PLL.PLLM = 16;
 142:Src/main.c    ****   RCC_OscInitStruct.PLL.PLLN = 336;
 143:Src/main.c    ****   RCC_OscInitStruct.PLL.PLLP = RCC_PLLP_DIV4;
 144:Src/main.c    ****   RCC_OscInitStruct.PLL.PLLQ = 4;
 145:Src/main.c    ****   RCC_OscInitStruct.PLL.PLLR = 2;
 146:Src/main.c    ****   if (HAL_RCC_OscConfig(&RCC_OscInitStruct) != HAL_OK)
ARM GAS  /var/folders/qx/3thh6vs13c76w0sbjx53xp240000gn/T//ccillUcH.s 			page 4


 147:Src/main.c    ****   {
 148:Src/main.c    ****     _Error_Handler(__FILE__, __LINE__);
 149:Src/main.c    ****   }
 150:Src/main.c    **** 
 151:Src/main.c    ****     /**Initializes the CPU, AHB and APB busses clocks 
 152:Src/main.c    ****     */
 153:Src/main.c    ****   RCC_ClkInitStruct.ClockType = RCC_CLOCKTYPE_HCLK|RCC_CLOCKTYPE_SYSCLK
 154:Src/main.c    ****                               |RCC_CLOCKTYPE_PCLK1|RCC_CLOCKTYPE_PCLK2;
 155:Src/main.c    ****   RCC_ClkInitStruct.SYSCLKSource = RCC_SYSCLKSOURCE_PLLCLK;
 156:Src/main.c    ****   RCC_ClkInitStruct.AHBCLKDivider = RCC_SYSCLK_DIV1;
 157:Src/main.c    ****   RCC_ClkInitStruct.APB1CLKDivider = RCC_HCLK_DIV2;
 158:Src/main.c    ****   RCC_ClkInitStruct.APB2CLKDivider = RCC_HCLK_DIV1;
 159:Src/main.c    **** 
 160:Src/main.c    ****   if (HAL_RCC_ClockConfig(&RCC_ClkInitStruct, FLASH_LATENCY_2) != HAL_OK)
 161:Src/main.c    ****   {
 162:Src/main.c    ****     _Error_Handler(__FILE__, __LINE__);
 163:Src/main.c    ****   }
 164:Src/main.c    **** 
 165:Src/main.c    ****     /**Configure the Systick interrupt time 
 166:Src/main.c    ****     */
 167:Src/main.c    ****   HAL_SYSTICK_Config(HAL_RCC_GetHCLKFreq()/1000);
 168:Src/main.c    **** 
 169:Src/main.c    ****     /**Configure the Systick 
 170:Src/main.c    ****     */
 171:Src/main.c    ****   HAL_SYSTICK_CLKSourceConfig(SYSTICK_CLKSOURCE_HCLK);
 172:Src/main.c    **** 
 173:Src/main.c    ****   /* SysTick_IRQn interrupt configuration */
 174:Src/main.c    ****   HAL_NVIC_SetPriority(SysTick_IRQn, 0, 0);
 175:Src/main.c    **** }
 176:Src/main.c    **** 
 177:Src/main.c    **** /* USART1 init function */
 178:Src/main.c    **** static void MX_USART1_UART_Init(void)
 179:Src/main.c    **** {
 180:Src/main.c    **** 
 181:Src/main.c    ****   huart1.Instance = USART1;
 182:Src/main.c    ****   huart1.Init.BaudRate = 115200;
 183:Src/main.c    ****   huart1.Init.WordLength = UART_WORDLENGTH_8B;
 184:Src/main.c    ****   huart1.Init.StopBits = UART_STOPBITS_1;
 185:Src/main.c    ****   huart1.Init.Parity = UART_PARITY_NONE;
 186:Src/main.c    ****   huart1.Init.Mode = UART_MODE_TX_RX;
 187:Src/main.c    ****   huart1.Init.HwFlowCtl = UART_HWCONTROL_NONE;
 188:Src/main.c    ****   huart1.Init.OverSampling = UART_OVERSAMPLING_16;
 189:Src/main.c    ****   if (HAL_UART_Init(&huart1) != HAL_OK)
 190:Src/main.c    ****   {
 191:Src/main.c    ****     _Error_Handler(__FILE__, __LINE__);
 192:Src/main.c    ****   }
 193:Src/main.c    **** 
 194:Src/main.c    **** }
 195:Src/main.c    **** 
 196:Src/main.c    **** /** Configure pins as 
 197:Src/main.c    ****         * Analog 
 198:Src/main.c    ****         * Input 
 199:Src/main.c    ****         * Output
 200:Src/main.c    ****         * EVENT_OUT
 201:Src/main.c    ****         * EXTI
 202:Src/main.c    ****      PA2   ------> USART2_TX
 203:Src/main.c    ****      PA3   ------> USART2_RX
ARM GAS  /var/folders/qx/3thh6vs13c76w0sbjx53xp240000gn/T//ccillUcH.s 			page 5


 204:Src/main.c    **** */
 205:Src/main.c    **** static void MX_GPIO_Init(void)
 206:Src/main.c    **** {
  27              		.loc 1 206 0
  28              		.cfi_startproc
  29              		@ args = 0, pretend = 0, frame = 40
  30              		@ frame_needed = 0, uses_anonymous_args = 0
  31 0000 2DE9F041 		push	{r4, r5, r6, r7, r8, lr}
  32              	.LCFI0:
  33              		.cfi_def_cfa_offset 24
  34              		.cfi_offset 4, -24
  35              		.cfi_offset 5, -20
  36              		.cfi_offset 6, -16
  37              		.cfi_offset 7, -12
  38              		.cfi_offset 8, -8
  39              		.cfi_offset 14, -4
  40 0004 8AB0     		sub	sp, sp, #40
  41              	.LCFI1:
  42              		.cfi_def_cfa_offset 64
  43              	.LBB2:
 207:Src/main.c    **** 
 208:Src/main.c    ****   GPIO_InitTypeDef GPIO_InitStruct;
 209:Src/main.c    **** 
 210:Src/main.c    ****   /* GPIO Ports Clock Enable */
 211:Src/main.c    ****   __HAL_RCC_GPIOC_CLK_ENABLE();
  44              		.loc 1 211 0
  45 0006 0024     		movs	r4, #0
  46 0008 0194     		str	r4, [sp, #4]
  47 000a 424B     		ldr	r3, .L3
  48 000c 1A6B     		ldr	r2, [r3, #48]
  49 000e 42F00402 		orr	r2, r2, #4
  50 0012 1A63     		str	r2, [r3, #48]
  51 0014 1A6B     		ldr	r2, [r3, #48]
  52 0016 02F00402 		and	r2, r2, #4
  53 001a 0192     		str	r2, [sp, #4]
  54 001c 019A     		ldr	r2, [sp, #4]
  55              	.LBE2:
  56              	.LBB3:
 212:Src/main.c    ****   __HAL_RCC_GPIOH_CLK_ENABLE();
  57              		.loc 1 212 0
  58 001e 0294     		str	r4, [sp, #8]
  59 0020 1A6B     		ldr	r2, [r3, #48]
  60 0022 42F08002 		orr	r2, r2, #128
  61 0026 1A63     		str	r2, [r3, #48]
  62 0028 1A6B     		ldr	r2, [r3, #48]
  63 002a 02F08002 		and	r2, r2, #128
  64 002e 0292     		str	r2, [sp, #8]
  65 0030 029A     		ldr	r2, [sp, #8]
  66              	.LBE3:
  67              	.LBB4:
 213:Src/main.c    ****   __HAL_RCC_GPIOA_CLK_ENABLE();
  68              		.loc 1 213 0
  69 0032 0394     		str	r4, [sp, #12]
  70 0034 1A6B     		ldr	r2, [r3, #48]
  71 0036 42F00102 		orr	r2, r2, #1
  72 003a 1A63     		str	r2, [r3, #48]
  73 003c 1A6B     		ldr	r2, [r3, #48]
ARM GAS  /var/folders/qx/3thh6vs13c76w0sbjx53xp240000gn/T//ccillUcH.s 			page 6


  74 003e 02F00102 		and	r2, r2, #1
  75 0042 0392     		str	r2, [sp, #12]
  76 0044 039A     		ldr	r2, [sp, #12]
  77              	.LBE4:
  78              	.LBB5:
 214:Src/main.c    ****   __HAL_RCC_GPIOB_CLK_ENABLE();
  79              		.loc 1 214 0
  80 0046 0494     		str	r4, [sp, #16]
  81 0048 1A6B     		ldr	r2, [r3, #48]
  82 004a 42F00202 		orr	r2, r2, #2
  83 004e 1A63     		str	r2, [r3, #48]
  84 0050 1B6B     		ldr	r3, [r3, #48]
  85 0052 03F00203 		and	r3, r3, #2
  86 0056 0493     		str	r3, [sp, #16]
  87 0058 049B     		ldr	r3, [sp, #16]
  88              	.LBE5:
 215:Src/main.c    **** 
 216:Src/main.c    ****   /*Configure GPIO pin Output Level */
 217:Src/main.c    ****   HAL_GPIO_WritePin(LD2_GPIO_Port, LD2_Pin, GPIO_PIN_RESET);
  89              		.loc 1 217 0
  90 005a 2F4D     		ldr	r5, .L3+4
  91 005c 2246     		mov	r2, r4
  92 005e 2021     		movs	r1, #32
  93 0060 2846     		mov	r0, r5
  94 0062 FFF7FEFF 		bl	HAL_GPIO_WritePin
  95              	.LVL0:
 218:Src/main.c    **** 
 219:Src/main.c    ****   /*Configure GPIO pin Output Level */
 220:Src/main.c    ****   HAL_GPIO_WritePin(GPIOB, GPIO_PIN_13|GPIO_PIN_14|GPIO_PIN_15, GPIO_PIN_RESET);
  96              		.loc 1 220 0
  97 0066 DFF8BC80 		ldr	r8, .L3+16
  98 006a 2246     		mov	r2, r4
  99 006c 4FF46041 		mov	r1, #57344
 100 0070 4046     		mov	r0, r8
 101 0072 FFF7FEFF 		bl	HAL_GPIO_WritePin
 102              	.LVL1:
 221:Src/main.c    **** 
 222:Src/main.c    ****   /*Configure GPIO pin Output Level */
 223:Src/main.c    ****   HAL_GPIO_WritePin(GPIOC, GPIO_PIN_6, GPIO_PIN_RESET);
 103              		.loc 1 223 0
 104 0076 294E     		ldr	r6, .L3+8
 105 0078 2246     		mov	r2, r4
 106 007a 4021     		movs	r1, #64
 107 007c 3046     		mov	r0, r6
 108 007e FFF7FEFF 		bl	HAL_GPIO_WritePin
 109              	.LVL2:
 224:Src/main.c    **** 
 225:Src/main.c    ****   /*Configure GPIO pin : B1_Pin */
 226:Src/main.c    ****   GPIO_InitStruct.Pin = B1_Pin;
 110              		.loc 1 226 0
 111 0082 4FF40053 		mov	r3, #8192
 112 0086 0593     		str	r3, [sp, #20]
 227:Src/main.c    ****   GPIO_InitStruct.Mode = GPIO_MODE_IT_FALLING;
 113              		.loc 1 227 0
 114 0088 254B     		ldr	r3, .L3+12
 115 008a 0693     		str	r3, [sp, #24]
 228:Src/main.c    ****   GPIO_InitStruct.Pull = GPIO_NOPULL;
ARM GAS  /var/folders/qx/3thh6vs13c76w0sbjx53xp240000gn/T//ccillUcH.s 			page 7


 116              		.loc 1 228 0
 117 008c 0794     		str	r4, [sp, #28]
 229:Src/main.c    ****   HAL_GPIO_Init(B1_GPIO_Port, &GPIO_InitStruct);
 118              		.loc 1 229 0
 119 008e 05A9     		add	r1, sp, #20
 120 0090 3046     		mov	r0, r6
 121 0092 FFF7FEFF 		bl	HAL_GPIO_Init
 122              	.LVL3:
 230:Src/main.c    **** 
 231:Src/main.c    ****   /*Configure GPIO pins : USART_TX_Pin USART_RX_Pin */
 232:Src/main.c    ****   GPIO_InitStruct.Pin = USART_TX_Pin|USART_RX_Pin;
 123              		.loc 1 232 0
 124 0096 0C23     		movs	r3, #12
 125 0098 0593     		str	r3, [sp, #20]
 233:Src/main.c    ****   GPIO_InitStruct.Mode = GPIO_MODE_AF_PP;
 126              		.loc 1 233 0
 127 009a 0223     		movs	r3, #2
 128 009c 0693     		str	r3, [sp, #24]
 234:Src/main.c    ****   GPIO_InitStruct.Pull = GPIO_NOPULL;
 129              		.loc 1 234 0
 130 009e 0794     		str	r4, [sp, #28]
 235:Src/main.c    ****   GPIO_InitStruct.Speed = GPIO_SPEED_FREQ_VERY_HIGH;
 131              		.loc 1 235 0
 132 00a0 0323     		movs	r3, #3
 133 00a2 0893     		str	r3, [sp, #32]
 236:Src/main.c    ****   GPIO_InitStruct.Alternate = GPIO_AF7_USART2;
 134              		.loc 1 236 0
 135 00a4 0723     		movs	r3, #7
 136 00a6 0993     		str	r3, [sp, #36]
 237:Src/main.c    ****   HAL_GPIO_Init(GPIOA, &GPIO_InitStruct);
 137              		.loc 1 237 0
 138 00a8 05A9     		add	r1, sp, #20
 139 00aa 2846     		mov	r0, r5
 140 00ac FFF7FEFF 		bl	HAL_GPIO_Init
 141              	.LVL4:
 238:Src/main.c    **** 
 239:Src/main.c    ****   /*Configure GPIO pin : LD2_Pin */
 240:Src/main.c    ****   GPIO_InitStruct.Pin = LD2_Pin;
 142              		.loc 1 240 0
 143 00b0 2023     		movs	r3, #32
 144 00b2 0593     		str	r3, [sp, #20]
 241:Src/main.c    ****   GPIO_InitStruct.Mode = GPIO_MODE_OUTPUT_PP;
 145              		.loc 1 241 0
 146 00b4 0127     		movs	r7, #1
 147 00b6 0697     		str	r7, [sp, #24]
 242:Src/main.c    ****   GPIO_InitStruct.Pull = GPIO_NOPULL;
 148              		.loc 1 242 0
 149 00b8 0794     		str	r4, [sp, #28]
 243:Src/main.c    ****   GPIO_InitStruct.Speed = GPIO_SPEED_FREQ_LOW;
 150              		.loc 1 243 0
 151 00ba 0894     		str	r4, [sp, #32]
 244:Src/main.c    ****   HAL_GPIO_Init(LD2_GPIO_Port, &GPIO_InitStruct);
 152              		.loc 1 244 0
 153 00bc 05A9     		add	r1, sp, #20
 154 00be 2846     		mov	r0, r5
 155 00c0 FFF7FEFF 		bl	HAL_GPIO_Init
 156              	.LVL5:
ARM GAS  /var/folders/qx/3thh6vs13c76w0sbjx53xp240000gn/T//ccillUcH.s 			page 8


 245:Src/main.c    **** 
 246:Src/main.c    ****   /*Configure GPIO pins : PB13 PB14 PB15 */
 247:Src/main.c    ****   GPIO_InitStruct.Pin = GPIO_PIN_13|GPIO_PIN_14|GPIO_PIN_15;
 157              		.loc 1 247 0
 158 00c4 4FF46043 		mov	r3, #57344
 159 00c8 0593     		str	r3, [sp, #20]
 248:Src/main.c    ****   GPIO_InitStruct.Mode = GPIO_MODE_OUTPUT_PP;
 160              		.loc 1 248 0
 161 00ca 0697     		str	r7, [sp, #24]
 249:Src/main.c    ****   GPIO_InitStruct.Pull = GPIO_NOPULL;
 162              		.loc 1 249 0
 163 00cc 0794     		str	r4, [sp, #28]
 250:Src/main.c    ****   GPIO_InitStruct.Speed = GPIO_SPEED_FREQ_LOW;
 164              		.loc 1 250 0
 165 00ce 0894     		str	r4, [sp, #32]
 251:Src/main.c    ****   HAL_GPIO_Init(GPIOB, &GPIO_InitStruct);
 166              		.loc 1 251 0
 167 00d0 05A9     		add	r1, sp, #20
 168 00d2 4046     		mov	r0, r8
 169 00d4 FFF7FEFF 		bl	HAL_GPIO_Init
 170              	.LVL6:
 252:Src/main.c    **** 
 253:Src/main.c    ****   /*Configure GPIO pin : PC6 */
 254:Src/main.c    ****   GPIO_InitStruct.Pin = GPIO_PIN_6;
 171              		.loc 1 254 0
 172 00d8 4023     		movs	r3, #64
 173 00da 0593     		str	r3, [sp, #20]
 255:Src/main.c    ****   GPIO_InitStruct.Mode = GPIO_MODE_OUTPUT_PP;
 174              		.loc 1 255 0
 175 00dc 0697     		str	r7, [sp, #24]
 256:Src/main.c    ****   GPIO_InitStruct.Pull = GPIO_NOPULL;
 176              		.loc 1 256 0
 177 00de 0794     		str	r4, [sp, #28]
 257:Src/main.c    ****   GPIO_InitStruct.Speed = GPIO_SPEED_FREQ_LOW;
 178              		.loc 1 257 0
 179 00e0 0894     		str	r4, [sp, #32]
 258:Src/main.c    ****   HAL_GPIO_Init(GPIOC, &GPIO_InitStruct);
 180              		.loc 1 258 0
 181 00e2 05A9     		add	r1, sp, #20
 182 00e4 3046     		mov	r0, r6
 183 00e6 FFF7FEFF 		bl	HAL_GPIO_Init
 184              	.LVL7:
 259:Src/main.c    **** 
 260:Src/main.c    ****   /*Configure GPIO pins : PC7 PC8 PC9 */
 261:Src/main.c    ****   GPIO_InitStruct.Pin = GPIO_PIN_7|GPIO_PIN_8|GPIO_PIN_9;
 185              		.loc 1 261 0
 186 00ea 4FF46073 		mov	r3, #896
 187 00ee 0593     		str	r3, [sp, #20]
 262:Src/main.c    ****   GPIO_InitStruct.Mode = GPIO_MODE_INPUT;
 188              		.loc 1 262 0
 189 00f0 0694     		str	r4, [sp, #24]
 263:Src/main.c    ****   GPIO_InitStruct.Pull = GPIO_NOPULL;
 190              		.loc 1 263 0
 191 00f2 0794     		str	r4, [sp, #28]
 264:Src/main.c    ****   HAL_GPIO_Init(GPIOC, &GPIO_InitStruct);
 192              		.loc 1 264 0
 193 00f4 05A9     		add	r1, sp, #20
ARM GAS  /var/folders/qx/3thh6vs13c76w0sbjx53xp240000gn/T//ccillUcH.s 			page 9


 194 00f6 3046     		mov	r0, r6
 195 00f8 FFF7FEFF 		bl	HAL_GPIO_Init
 196              	.LVL8:
 265:Src/main.c    **** 
 266:Src/main.c    ****   /*Configure GPIO pin : PA8 */
 267:Src/main.c    ****   GPIO_InitStruct.Pin = GPIO_PIN_8;
 197              		.loc 1 267 0
 198 00fc 4FF48073 		mov	r3, #256
 199 0100 0593     		str	r3, [sp, #20]
 268:Src/main.c    ****   GPIO_InitStruct.Mode = GPIO_MODE_INPUT;
 200              		.loc 1 268 0
 201 0102 0694     		str	r4, [sp, #24]
 269:Src/main.c    ****   GPIO_InitStruct.Pull = GPIO_NOPULL;
 202              		.loc 1 269 0
 203 0104 0794     		str	r4, [sp, #28]
 270:Src/main.c    ****   HAL_GPIO_Init(GPIOA, &GPIO_InitStruct);
 204              		.loc 1 270 0
 205 0106 05A9     		add	r1, sp, #20
 206 0108 2846     		mov	r0, r5
 207 010a FFF7FEFF 		bl	HAL_GPIO_Init
 208              	.LVL9:
 271:Src/main.c    **** 
 272:Src/main.c    **** }
 209              		.loc 1 272 0
 210 010e 0AB0     		add	sp, sp, #40
 211              	.LCFI2:
 212              		.cfi_def_cfa_offset 24
 213              		@ sp needed
 214 0110 BDE8F081 		pop	{r4, r5, r6, r7, r8, pc}
 215              	.L4:
 216              		.align	2
 217              	.L3:
 218 0114 00380240 		.word	1073887232
 219 0118 00000240 		.word	1073872896
 220 011c 00080240 		.word	1073874944
 221 0120 00002110 		.word	270598144
 222 0124 00040240 		.word	1073873920
 223              		.cfi_endproc
 224              	.LFE127:
 226              		.section	.text._Error_Handler,"ax",%progbits
 227              		.align	1
 228              		.global	_Error_Handler
 229              		.syntax unified
 230              		.thumb
 231              		.thumb_func
 232              		.fpu fpv4-sp-d16
 234              	_Error_Handler:
 235              	.LFB128:
 273:Src/main.c    **** 
 274:Src/main.c    **** /* USER CODE BEGIN 4 */
 275:Src/main.c    **** 
 276:Src/main.c    **** /* USER CODE END 4 */
 277:Src/main.c    **** 
 278:Src/main.c    **** /**
 279:Src/main.c    ****   * @brief  This function is executed in case of error occurrence.
 280:Src/main.c    ****   * @param  None
 281:Src/main.c    ****   * @retval None
ARM GAS  /var/folders/qx/3thh6vs13c76w0sbjx53xp240000gn/T//ccillUcH.s 			page 10


 282:Src/main.c    ****   */
 283:Src/main.c    **** void _Error_Handler(char * file, int line)
 284:Src/main.c    **** {
 236              		.loc 1 284 0
 237              		.cfi_startproc
 238              		@ Volatile: function does not return.
 239              		@ args = 0, pretend = 0, frame = 0
 240              		@ frame_needed = 0, uses_anonymous_args = 0
 241              		@ link register save eliminated.
 242              	.LVL10:
 243              	.L6:
 244 0000 FEE7     		b	.L6
 245              		.cfi_endproc
 246              	.LFE128:
 248              		.section	.text.MX_USART1_UART_Init,"ax",%progbits
 249              		.align	1
 250              		.syntax unified
 251              		.thumb
 252              		.thumb_func
 253              		.fpu fpv4-sp-d16
 255              	MX_USART1_UART_Init:
 256              	.LFB126:
 179:Src/main.c    **** 
 257              		.loc 1 179 0
 258              		.cfi_startproc
 259              		@ args = 0, pretend = 0, frame = 0
 260              		@ frame_needed = 0, uses_anonymous_args = 0
 179:Src/main.c    **** 
 261              		.loc 1 179 0
 262 0000 08B5     		push	{r3, lr}
 263              	.LCFI3:
 264              		.cfi_def_cfa_offset 8
 265              		.cfi_offset 3, -8
 266              		.cfi_offset 14, -4
 181:Src/main.c    ****   huart1.Init.BaudRate = 115200;
 267              		.loc 1 181 0
 268 0002 0B48     		ldr	r0, .L11
 269 0004 0B4B     		ldr	r3, .L11+4
 270 0006 0360     		str	r3, [r0]
 182:Src/main.c    ****   huart1.Init.WordLength = UART_WORDLENGTH_8B;
 271              		.loc 1 182 0
 272 0008 4FF4E133 		mov	r3, #115200
 273 000c 4360     		str	r3, [r0, #4]
 183:Src/main.c    ****   huart1.Init.StopBits = UART_STOPBITS_1;
 274              		.loc 1 183 0
 275 000e 0023     		movs	r3, #0
 276 0010 8360     		str	r3, [r0, #8]
 184:Src/main.c    ****   huart1.Init.Parity = UART_PARITY_NONE;
 277              		.loc 1 184 0
 278 0012 C360     		str	r3, [r0, #12]
 185:Src/main.c    ****   huart1.Init.Mode = UART_MODE_TX_RX;
 279              		.loc 1 185 0
 280 0014 0361     		str	r3, [r0, #16]
 186:Src/main.c    ****   huart1.Init.HwFlowCtl = UART_HWCONTROL_NONE;
 281              		.loc 1 186 0
 282 0016 0C22     		movs	r2, #12
 283 0018 4261     		str	r2, [r0, #20]
ARM GAS  /var/folders/qx/3thh6vs13c76w0sbjx53xp240000gn/T//ccillUcH.s 			page 11


 187:Src/main.c    ****   huart1.Init.OverSampling = UART_OVERSAMPLING_16;
 284              		.loc 1 187 0
 285 001a 8361     		str	r3, [r0, #24]
 188:Src/main.c    ****   if (HAL_UART_Init(&huart1) != HAL_OK)
 286              		.loc 1 188 0
 287 001c C361     		str	r3, [r0, #28]
 189:Src/main.c    ****   {
 288              		.loc 1 189 0
 289 001e FFF7FEFF 		bl	HAL_UART_Init
 290              	.LVL11:
 291 0022 00B9     		cbnz	r0, .L10
 292 0024 08BD     		pop	{r3, pc}
 293              	.L10:
 191:Src/main.c    ****   }
 294              		.loc 1 191 0
 295 0026 BF21     		movs	r1, #191
 296 0028 0348     		ldr	r0, .L11+8
 297 002a FFF7FEFF 		bl	_Error_Handler
 298              	.LVL12:
 299              	.L12:
 300 002e 00BF     		.align	2
 301              	.L11:
 302 0030 00000000 		.word	huart1
 303 0034 00100140 		.word	1073811456
 304 0038 00000000 		.word	.LC0
 305              		.cfi_endproc
 306              	.LFE126:
 308              		.section	.text.SystemClock_Config,"ax",%progbits
 309              		.align	1
 310              		.global	SystemClock_Config
 311              		.syntax unified
 312              		.thumb
 313              		.thumb_func
 314              		.fpu fpv4-sp-d16
 316              	SystemClock_Config:
 317              	.LFB125:
 123:Src/main.c    **** 
 318              		.loc 1 123 0
 319              		.cfi_startproc
 320              		@ args = 0, pretend = 0, frame = 80
 321              		@ frame_needed = 0, uses_anonymous_args = 0
 322 0000 00B5     		push	{lr}
 323              	.LCFI4:
 324              		.cfi_def_cfa_offset 4
 325              		.cfi_offset 14, -4
 326 0002 95B0     		sub	sp, sp, #84
 327              	.LCFI5:
 328              		.cfi_def_cfa_offset 88
 329              	.LBB6:
 130:Src/main.c    **** 
 330              		.loc 1 130 0
 331 0004 0022     		movs	r2, #0
 332 0006 0092     		str	r2, [sp]
 333 0008 294B     		ldr	r3, .L19
 334 000a 196C     		ldr	r1, [r3, #64]
 335 000c 41F08051 		orr	r1, r1, #268435456
 336 0010 1964     		str	r1, [r3, #64]
ARM GAS  /var/folders/qx/3thh6vs13c76w0sbjx53xp240000gn/T//ccillUcH.s 			page 12


 337 0012 1B6C     		ldr	r3, [r3, #64]
 338 0014 03F08053 		and	r3, r3, #268435456
 339 0018 0093     		str	r3, [sp]
 340 001a 009B     		ldr	r3, [sp]
 341              	.LBE6:
 342              	.LBB7:
 132:Src/main.c    **** 
 343              		.loc 1 132 0
 344 001c 0192     		str	r2, [sp, #4]
 345 001e 254B     		ldr	r3, .L19+4
 346 0020 1968     		ldr	r1, [r3]
 347 0022 41F44041 		orr	r1, r1, #49152
 348 0026 1960     		str	r1, [r3]
 349 0028 1B68     		ldr	r3, [r3]
 350 002a 03F44043 		and	r3, r3, #49152
 351 002e 0193     		str	r3, [sp, #4]
 352 0030 019B     		ldr	r3, [sp, #4]
 353              	.LBE7:
 136:Src/main.c    ****   RCC_OscInitStruct.HSIState = RCC_HSI_ON;
 354              		.loc 1 136 0
 355 0032 0223     		movs	r3, #2
 356 0034 0793     		str	r3, [sp, #28]
 137:Src/main.c    ****   RCC_OscInitStruct.HSICalibrationValue = 16;
 357              		.loc 1 137 0
 358 0036 0121     		movs	r1, #1
 359 0038 0A91     		str	r1, [sp, #40]
 138:Src/main.c    ****   RCC_OscInitStruct.PLL.PLLState = RCC_PLL_ON;
 360              		.loc 1 138 0
 361 003a 1021     		movs	r1, #16
 362 003c 0B91     		str	r1, [sp, #44]
 139:Src/main.c    ****   RCC_OscInitStruct.PLL.PLLSource = RCC_PLLSOURCE_HSI;
 363              		.loc 1 139 0
 364 003e 0D93     		str	r3, [sp, #52]
 140:Src/main.c    ****   RCC_OscInitStruct.PLL.PLLM = 16;
 365              		.loc 1 140 0
 366 0040 0E92     		str	r2, [sp, #56]
 141:Src/main.c    ****   RCC_OscInitStruct.PLL.PLLN = 336;
 367              		.loc 1 141 0
 368 0042 0F91     		str	r1, [sp, #60]
 142:Src/main.c    ****   RCC_OscInitStruct.PLL.PLLP = RCC_PLLP_DIV4;
 369              		.loc 1 142 0
 370 0044 4FF4A872 		mov	r2, #336
 371 0048 1092     		str	r2, [sp, #64]
 143:Src/main.c    ****   RCC_OscInitStruct.PLL.PLLQ = 4;
 372              		.loc 1 143 0
 373 004a 0422     		movs	r2, #4
 374 004c 1192     		str	r2, [sp, #68]
 144:Src/main.c    ****   RCC_OscInitStruct.PLL.PLLR = 2;
 375              		.loc 1 144 0
 376 004e 1292     		str	r2, [sp, #72]
 145:Src/main.c    ****   if (HAL_RCC_OscConfig(&RCC_OscInitStruct) != HAL_OK)
 377              		.loc 1 145 0
 378 0050 1393     		str	r3, [sp, #76]
 146:Src/main.c    ****   {
 379              		.loc 1 146 0
 380 0052 07A8     		add	r0, sp, #28
 381 0054 FFF7FEFF 		bl	HAL_RCC_OscConfig
ARM GAS  /var/folders/qx/3thh6vs13c76w0sbjx53xp240000gn/T//ccillUcH.s 			page 13


 382              	.LVL13:
 383 0058 08BB     		cbnz	r0, .L17
 153:Src/main.c    ****                               |RCC_CLOCKTYPE_PCLK1|RCC_CLOCKTYPE_PCLK2;
 384              		.loc 1 153 0
 385 005a 0F23     		movs	r3, #15
 386 005c 0293     		str	r3, [sp, #8]
 155:Src/main.c    ****   RCC_ClkInitStruct.AHBCLKDivider = RCC_SYSCLK_DIV1;
 387              		.loc 1 155 0
 388 005e 0221     		movs	r1, #2
 389 0060 0391     		str	r1, [sp, #12]
 156:Src/main.c    ****   RCC_ClkInitStruct.APB1CLKDivider = RCC_HCLK_DIV2;
 390              		.loc 1 156 0
 391 0062 0023     		movs	r3, #0
 392 0064 0493     		str	r3, [sp, #16]
 157:Src/main.c    ****   RCC_ClkInitStruct.APB2CLKDivider = RCC_HCLK_DIV1;
 393              		.loc 1 157 0
 394 0066 4FF48052 		mov	r2, #4096
 395 006a 0592     		str	r2, [sp, #20]
 158:Src/main.c    **** 
 396              		.loc 1 158 0
 397 006c 0693     		str	r3, [sp, #24]
 160:Src/main.c    ****   {
 398              		.loc 1 160 0
 399 006e 02A8     		add	r0, sp, #8
 400 0070 FFF7FEFF 		bl	HAL_RCC_ClockConfig
 401              	.LVL14:
 402 0074 B8B9     		cbnz	r0, .L18
 167:Src/main.c    **** 
 403              		.loc 1 167 0
 404 0076 FFF7FEFF 		bl	HAL_RCC_GetHCLKFreq
 405              	.LVL15:
 406 007a 0F4B     		ldr	r3, .L19+8
 407 007c A3FB0030 		umull	r3, r0, r3, r0
 408 0080 8009     		lsrs	r0, r0, #6
 409 0082 FFF7FEFF 		bl	HAL_SYSTICK_Config
 410              	.LVL16:
 171:Src/main.c    **** 
 411              		.loc 1 171 0
 412 0086 0420     		movs	r0, #4
 413 0088 FFF7FEFF 		bl	HAL_SYSTICK_CLKSourceConfig
 414              	.LVL17:
 174:Src/main.c    **** }
 415              		.loc 1 174 0
 416 008c 0022     		movs	r2, #0
 417 008e 1146     		mov	r1, r2
 418 0090 4FF0FF30 		mov	r0, #-1
 419 0094 FFF7FEFF 		bl	HAL_NVIC_SetPriority
 420              	.LVL18:
 175:Src/main.c    **** 
 421              		.loc 1 175 0
 422 0098 15B0     		add	sp, sp, #84
 423              	.LCFI6:
 424              		.cfi_remember_state
 425              		.cfi_def_cfa_offset 4
 426              		@ sp needed
 427 009a 5DF804FB 		ldr	pc, [sp], #4
 428              	.L17:
ARM GAS  /var/folders/qx/3thh6vs13c76w0sbjx53xp240000gn/T//ccillUcH.s 			page 14


 429              	.LCFI7:
 430              		.cfi_restore_state
 148:Src/main.c    ****   }
 431              		.loc 1 148 0
 432 009e 9421     		movs	r1, #148
 433 00a0 0648     		ldr	r0, .L19+12
 434 00a2 FFF7FEFF 		bl	_Error_Handler
 435              	.LVL19:
 436              	.L18:
 162:Src/main.c    ****   }
 437              		.loc 1 162 0
 438 00a6 A221     		movs	r1, #162
 439 00a8 0448     		ldr	r0, .L19+12
 440 00aa FFF7FEFF 		bl	_Error_Handler
 441              	.LVL20:
 442              	.L20:
 443 00ae 00BF     		.align	2
 444              	.L19:
 445 00b0 00380240 		.word	1073887232
 446 00b4 00700040 		.word	1073770496
 447 00b8 D34D6210 		.word	274877907
 448 00bc 00000000 		.word	.LC0
 449              		.cfi_endproc
 450              	.LFE125:
 452              		.section	.text.main,"ax",%progbits
 453              		.align	1
 454              		.global	main
 455              		.syntax unified
 456              		.thumb
 457              		.thumb_func
 458              		.fpu fpv4-sp-d16
 460              	main:
 461              	.LFB124:
  69:Src/main.c    **** 
 462              		.loc 1 69 0
 463              		.cfi_startproc
 464              		@ Volatile: function does not return.
 465              		@ args = 0, pretend = 0, frame = 0
 466              		@ frame_needed = 0, uses_anonymous_args = 0
 467 0000 08B5     		push	{r3, lr}
 468              	.LCFI8:
 469              		.cfi_def_cfa_offset 8
 470              		.cfi_offset 3, -8
 471              		.cfi_offset 14, -4
  78:Src/main.c    **** 
 472              		.loc 1 78 0
 473 0002 FFF7FEFF 		bl	HAL_Init
 474              	.LVL21:
  85:Src/main.c    **** 
 475              		.loc 1 85 0
 476 0006 FFF7FEFF 		bl	SystemClock_Config
 477              	.LVL22:
  92:Src/main.c    ****   MX_USART1_UART_Init();
 478              		.loc 1 92 0
 479 000a FFF7FEFF 		bl	MX_GPIO_Init
 480              	.LVL23:
  93:Src/main.c    **** 
ARM GAS  /var/folders/qx/3thh6vs13c76w0sbjx53xp240000gn/T//ccillUcH.s 			page 15


 481              		.loc 1 93 0
 482 000e FFF7FEFF 		bl	MX_USART1_UART_Init
 483              	.LVL24:
 484 0012 04E0     		b	.L22
 485              	.L23:
 111:Src/main.c    ****     }
 486              		.loc 1 111 0
 487 0014 0022     		movs	r2, #0
 488 0016 2021     		movs	r1, #32
 489 0018 0848     		ldr	r0, .L26
 490 001a FFF7FEFF 		bl	HAL_GPIO_WritePin
 491              	.LVL25:
 492              	.L22:
 104:Src/main.c    ****     {
 493              		.loc 1 104 0
 494 001e 4FF40051 		mov	r1, #8192
 495 0022 0748     		ldr	r0, .L26+4
 496 0024 FFF7FEFF 		bl	HAL_GPIO_ReadPin
 497              	.LVL26:
 498 0028 0028     		cmp	r0, #0
 499 002a F3D0     		beq	.L23
 106:Src/main.c    ****         HAL_Delay(100);
 500              		.loc 1 106 0
 501 002c 2021     		movs	r1, #32
 502 002e 0348     		ldr	r0, .L26
 503 0030 FFF7FEFF 		bl	HAL_GPIO_TogglePin
 504              	.LVL27:
 107:Src/main.c    ****     }
 505              		.loc 1 107 0
 506 0034 6420     		movs	r0, #100
 507 0036 FFF7FEFF 		bl	HAL_Delay
 508              	.LVL28:
 509 003a F0E7     		b	.L22
 510              	.L27:
 511              		.align	2
 512              	.L26:
 513 003c 00000240 		.word	1073872896
 514 0040 00080240 		.word	1073874944
 515              		.cfi_endproc
 516              	.LFE124:
 518              		.comm	huart1,64,4
 519              		.section	.rodata.MX_USART1_UART_Init.str1.4,"aMS",%progbits,1
 520              		.align	2
 521              	.LC0:
 522 0000 5372632F 		.ascii	"Src/main.c\000"
 522      6D61696E 
 522      2E6300
 523              		.text
 524              	.Letext0:
 525              		.file 2 "/usr/local/Caskroom/gcc-arm-embedded/6-2017-q1-update/gcc-arm-none-eabi-6-2017-q1-update/
 526              		.file 3 "/usr/local/Caskroom/gcc-arm-embedded/6-2017-q1-update/gcc-arm-none-eabi-6-2017-q1-update/
 527              		.file 4 "Drivers/CMSIS/Include/core_cm4.h"
 528              		.file 5 "Drivers/CMSIS/Device/ST/STM32F4xx/Include/system_stm32f4xx.h"
 529              		.file 6 "Drivers/CMSIS/Device/ST/STM32F4xx/Include/stm32f410rx.h"
 530              		.file 7 "/usr/local/Caskroom/gcc-arm-embedded/6-2017-q1-update/gcc-arm-none-eabi-6-2017-q1-update/
 531              		.file 8 "/usr/local/Caskroom/gcc-arm-embedded/6-2017-q1-update/gcc-arm-none-eabi-6-2017-q1-update/
 532              		.file 9 "/usr/local/Caskroom/gcc-arm-embedded/6-2017-q1-update/gcc-arm-none-eabi-6-2017-q1-update/
ARM GAS  /var/folders/qx/3thh6vs13c76w0sbjx53xp240000gn/T//ccillUcH.s 			page 16


 533              		.file 10 "/usr/local/Caskroom/gcc-arm-embedded/6-2017-q1-update/gcc-arm-none-eabi-6-2017-q1-update
 534              		.file 11 "Drivers/STM32F4xx_HAL_Driver/Inc/stm32f4xx_hal_def.h"
 535              		.file 12 "Drivers/STM32F4xx_HAL_Driver/Inc/stm32f4xx_hal_rcc_ex.h"
 536              		.file 13 "Drivers/STM32F4xx_HAL_Driver/Inc/stm32f4xx_hal_rcc.h"
 537              		.file 14 "Drivers/STM32F4xx_HAL_Driver/Inc/stm32f4xx_hal_gpio.h"
 538              		.file 15 "Drivers/STM32F4xx_HAL_Driver/Inc/stm32f4xx_hal_dma.h"
 539              		.file 16 "Drivers/STM32F4xx_HAL_Driver/Inc/stm32f4xx_hal_uart.h"
 540              		.file 17 "Drivers/STM32F4xx_HAL_Driver/Inc/stm32f4xx_hal_cortex.h"
 541              		.file 18 "Drivers/STM32F4xx_HAL_Driver/Inc/stm32f4xx_hal.h"
ARM GAS  /var/folders/qx/3thh6vs13c76w0sbjx53xp240000gn/T//ccillUcH.s 			page 17


DEFINED SYMBOLS
                            *ABS*:0000000000000000 main.c
/var/folders/qx/3thh6vs13c76w0sbjx53xp240000gn/T//ccillUcH.s:18     .text.MX_GPIO_Init:0000000000000000 $t
/var/folders/qx/3thh6vs13c76w0sbjx53xp240000gn/T//ccillUcH.s:24     .text.MX_GPIO_Init:0000000000000000 MX_GPIO_Init
/var/folders/qx/3thh6vs13c76w0sbjx53xp240000gn/T//ccillUcH.s:218    .text.MX_GPIO_Init:0000000000000114 $d
/var/folders/qx/3thh6vs13c76w0sbjx53xp240000gn/T//ccillUcH.s:227    .text._Error_Handler:0000000000000000 $t
/var/folders/qx/3thh6vs13c76w0sbjx53xp240000gn/T//ccillUcH.s:234    .text._Error_Handler:0000000000000000 _Error_Handler
/var/folders/qx/3thh6vs13c76w0sbjx53xp240000gn/T//ccillUcH.s:249    .text.MX_USART1_UART_Init:0000000000000000 $t
/var/folders/qx/3thh6vs13c76w0sbjx53xp240000gn/T//ccillUcH.s:255    .text.MX_USART1_UART_Init:0000000000000000 MX_USART1_UART_Init
/var/folders/qx/3thh6vs13c76w0sbjx53xp240000gn/T//ccillUcH.s:302    .text.MX_USART1_UART_Init:0000000000000030 $d
                            *COM*:0000000000000040 huart1
/var/folders/qx/3thh6vs13c76w0sbjx53xp240000gn/T//ccillUcH.s:309    .text.SystemClock_Config:0000000000000000 $t
/var/folders/qx/3thh6vs13c76w0sbjx53xp240000gn/T//ccillUcH.s:316    .text.SystemClock_Config:0000000000000000 SystemClock_Config
/var/folders/qx/3thh6vs13c76w0sbjx53xp240000gn/T//ccillUcH.s:445    .text.SystemClock_Config:00000000000000b0 $d
/var/folders/qx/3thh6vs13c76w0sbjx53xp240000gn/T//ccillUcH.s:453    .text.main:0000000000000000 $t
/var/folders/qx/3thh6vs13c76w0sbjx53xp240000gn/T//ccillUcH.s:460    .text.main:0000000000000000 main
/var/folders/qx/3thh6vs13c76w0sbjx53xp240000gn/T//ccillUcH.s:513    .text.main:000000000000003c $d
/var/folders/qx/3thh6vs13c76w0sbjx53xp240000gn/T//ccillUcH.s:520    .rodata.MX_USART1_UART_Init.str1.4:0000000000000000 $d
                     .debug_frame:0000000000000010 $d

UNDEFINED SYMBOLS
HAL_GPIO_WritePin
HAL_GPIO_Init
HAL_UART_Init
HAL_RCC_OscConfig
HAL_RCC_ClockConfig
HAL_RCC_GetHCLKFreq
HAL_SYSTICK_Config
HAL_SYSTICK_CLKSourceConfig
HAL_NVIC_SetPriority
HAL_Init
HAL_GPIO_ReadPin
HAL_GPIO_TogglePin
HAL_Delay
