ARM GAS  /var/folders/qx/3thh6vs13c76w0sbjx53xp240000gn/T//cckrvpxA.s 			page 1


   1              		.cpu cortex-m4
   2              		.eabi_attribute 27, 1
   3              		.eabi_attribute 28, 1
   4              		.eabi_attribute 20, 1
   5              		.eabi_attribute 21, 1
   6              		.eabi_attribute 23, 3
   7              		.eabi_attribute 24, 1
   8              		.eabi_attribute 25, 1
   9              		.eabi_attribute 26, 1
  10              		.eabi_attribute 30, 1
  11              		.eabi_attribute 34, 1
  12              		.eabi_attribute 18, 4
  13              		.file	"stm32f4xx_hal_flash_ramfunc.c"
  14              		.text
  15              	.Ltext0:
  16              		.cfi_sections	.debug_frame
  17              		.section	.RamFunc,"ax",%progbits
  18              		.align	1
  19              		.global	HAL_FLASHEx_StopFlashInterfaceClk
  20              		.syntax unified
  21              		.thumb
  22              		.thumb_func
  23              		.fpu fpv4-sp-d16
  25              	HAL_FLASHEx_StopFlashInterfaceClk:
  26              	.LFB124:
  27              		.file 1 "Drivers/STM32F4xx_HAL_Driver/Src/stm32f4xx_hal_flash_ramfunc.c"
   1:Drivers/STM32F4xx_HAL_Driver/Src/stm32f4xx_hal_flash_ramfunc.c **** /**
   2:Drivers/STM32F4xx_HAL_Driver/Src/stm32f4xx_hal_flash_ramfunc.c ****   ******************************************************************************
   3:Drivers/STM32F4xx_HAL_Driver/Src/stm32f4xx_hal_flash_ramfunc.c ****   * @file    stm32f4xx_hal_flash_ramfunc.c
   4:Drivers/STM32F4xx_HAL_Driver/Src/stm32f4xx_hal_flash_ramfunc.c ****   * @author  MCD Application Team
   5:Drivers/STM32F4xx_HAL_Driver/Src/stm32f4xx_hal_flash_ramfunc.c ****   * @version V1.7.1
   6:Drivers/STM32F4xx_HAL_Driver/Src/stm32f4xx_hal_flash_ramfunc.c ****   * @date    14-April-2017
   7:Drivers/STM32F4xx_HAL_Driver/Src/stm32f4xx_hal_flash_ramfunc.c ****   * @brief   FLASH RAMFUNC module driver.
   8:Drivers/STM32F4xx_HAL_Driver/Src/stm32f4xx_hal_flash_ramfunc.c ****   *          This file provides a FLASH firmware functions which should be 
   9:Drivers/STM32F4xx_HAL_Driver/Src/stm32f4xx_hal_flash_ramfunc.c ****   *          executed from internal SRAM
  10:Drivers/STM32F4xx_HAL_Driver/Src/stm32f4xx_hal_flash_ramfunc.c ****   *            + Stop/Start the flash interface while System Run
  11:Drivers/STM32F4xx_HAL_Driver/Src/stm32f4xx_hal_flash_ramfunc.c ****   *            + Enable/Disable the flash sleep while System Run
  12:Drivers/STM32F4xx_HAL_Driver/Src/stm32f4xx_hal_flash_ramfunc.c ****   @verbatim
  13:Drivers/STM32F4xx_HAL_Driver/Src/stm32f4xx_hal_flash_ramfunc.c ****   ==============================================================================
  14:Drivers/STM32F4xx_HAL_Driver/Src/stm32f4xx_hal_flash_ramfunc.c ****                     ##### APIs executed from Internal RAM #####
  15:Drivers/STM32F4xx_HAL_Driver/Src/stm32f4xx_hal_flash_ramfunc.c ****   ==============================================================================
  16:Drivers/STM32F4xx_HAL_Driver/Src/stm32f4xx_hal_flash_ramfunc.c ****   [..]
  17:Drivers/STM32F4xx_HAL_Driver/Src/stm32f4xx_hal_flash_ramfunc.c ****     *** ARM Compiler ***
  18:Drivers/STM32F4xx_HAL_Driver/Src/stm32f4xx_hal_flash_ramfunc.c ****     --------------------
  19:Drivers/STM32F4xx_HAL_Driver/Src/stm32f4xx_hal_flash_ramfunc.c ****     [..] RAM functions are defined using the toolchain options. 
  20:Drivers/STM32F4xx_HAL_Driver/Src/stm32f4xx_hal_flash_ramfunc.c ****          Functions that are be executed in RAM should reside in a separate
  21:Drivers/STM32F4xx_HAL_Driver/Src/stm32f4xx_hal_flash_ramfunc.c ****          source module. Using the 'Options for File' dialog you can simply change
  22:Drivers/STM32F4xx_HAL_Driver/Src/stm32f4xx_hal_flash_ramfunc.c ****          the 'Code / Const' area of a module to a memory space in physical RAM.
  23:Drivers/STM32F4xx_HAL_Driver/Src/stm32f4xx_hal_flash_ramfunc.c ****          Available memory areas are declared in the 'Target' tab of the 
  24:Drivers/STM32F4xx_HAL_Driver/Src/stm32f4xx_hal_flash_ramfunc.c ****          Options for Target' dialog.
  25:Drivers/STM32F4xx_HAL_Driver/Src/stm32f4xx_hal_flash_ramfunc.c **** 
  26:Drivers/STM32F4xx_HAL_Driver/Src/stm32f4xx_hal_flash_ramfunc.c ****     *** ICCARM Compiler ***
  27:Drivers/STM32F4xx_HAL_Driver/Src/stm32f4xx_hal_flash_ramfunc.c ****     -----------------------
  28:Drivers/STM32F4xx_HAL_Driver/Src/stm32f4xx_hal_flash_ramfunc.c ****     [..] RAM functions are defined using a specific toolchain keyword "__ramfunc".
  29:Drivers/STM32F4xx_HAL_Driver/Src/stm32f4xx_hal_flash_ramfunc.c **** 
  30:Drivers/STM32F4xx_HAL_Driver/Src/stm32f4xx_hal_flash_ramfunc.c ****     *** GNU Compiler ***
  31:Drivers/STM32F4xx_HAL_Driver/Src/stm32f4xx_hal_flash_ramfunc.c ****     --------------------
ARM GAS  /var/folders/qx/3thh6vs13c76w0sbjx53xp240000gn/T//cckrvpxA.s 			page 2


  32:Drivers/STM32F4xx_HAL_Driver/Src/stm32f4xx_hal_flash_ramfunc.c ****     [..] RAM functions are defined using a specific toolchain attribute
  33:Drivers/STM32F4xx_HAL_Driver/Src/stm32f4xx_hal_flash_ramfunc.c ****          "__attribute__((section(".RamFunc")))".
  34:Drivers/STM32F4xx_HAL_Driver/Src/stm32f4xx_hal_flash_ramfunc.c ****   
  35:Drivers/STM32F4xx_HAL_Driver/Src/stm32f4xx_hal_flash_ramfunc.c ****   @endverbatim         
  36:Drivers/STM32F4xx_HAL_Driver/Src/stm32f4xx_hal_flash_ramfunc.c ****   ******************************************************************************
  37:Drivers/STM32F4xx_HAL_Driver/Src/stm32f4xx_hal_flash_ramfunc.c ****   * @attention
  38:Drivers/STM32F4xx_HAL_Driver/Src/stm32f4xx_hal_flash_ramfunc.c ****   *
  39:Drivers/STM32F4xx_HAL_Driver/Src/stm32f4xx_hal_flash_ramfunc.c ****   * <h2><center>&copy; COPYRIGHT(c) 2017 STMicroelectronics</center></h2>
  40:Drivers/STM32F4xx_HAL_Driver/Src/stm32f4xx_hal_flash_ramfunc.c ****   *
  41:Drivers/STM32F4xx_HAL_Driver/Src/stm32f4xx_hal_flash_ramfunc.c ****   * Redistribution and use in source and binary forms, with or without modification,
  42:Drivers/STM32F4xx_HAL_Driver/Src/stm32f4xx_hal_flash_ramfunc.c ****   * are permitted provided that the following conditions are met:
  43:Drivers/STM32F4xx_HAL_Driver/Src/stm32f4xx_hal_flash_ramfunc.c ****   *   1. Redistributions of source code must retain the above copyright notice,
  44:Drivers/STM32F4xx_HAL_Driver/Src/stm32f4xx_hal_flash_ramfunc.c ****   *      this list of conditions and the following disclaimer.
  45:Drivers/STM32F4xx_HAL_Driver/Src/stm32f4xx_hal_flash_ramfunc.c ****   *   2. Redistributions in binary form must reproduce the above copyright notice,
  46:Drivers/STM32F4xx_HAL_Driver/Src/stm32f4xx_hal_flash_ramfunc.c ****   *      this list of conditions and the following disclaimer in the documentation
  47:Drivers/STM32F4xx_HAL_Driver/Src/stm32f4xx_hal_flash_ramfunc.c ****   *      and/or other materials provided with the distribution.
  48:Drivers/STM32F4xx_HAL_Driver/Src/stm32f4xx_hal_flash_ramfunc.c ****   *   3. Neither the name of STMicroelectronics nor the names of its contributors
  49:Drivers/STM32F4xx_HAL_Driver/Src/stm32f4xx_hal_flash_ramfunc.c ****   *      may be used to endorse or promote products derived from this software
  50:Drivers/STM32F4xx_HAL_Driver/Src/stm32f4xx_hal_flash_ramfunc.c ****   *      without specific prior written permission.
  51:Drivers/STM32F4xx_HAL_Driver/Src/stm32f4xx_hal_flash_ramfunc.c ****   *
  52:Drivers/STM32F4xx_HAL_Driver/Src/stm32f4xx_hal_flash_ramfunc.c ****   * THIS SOFTWARE IS PROVIDED BY THE COPYRIGHT HOLDERS AND CONTRIBUTORS "AS IS"
  53:Drivers/STM32F4xx_HAL_Driver/Src/stm32f4xx_hal_flash_ramfunc.c ****   * AND ANY EXPRESS OR IMPLIED WARRANTIES, INCLUDING, BUT NOT LIMITED TO, THE
  54:Drivers/STM32F4xx_HAL_Driver/Src/stm32f4xx_hal_flash_ramfunc.c ****   * IMPLIED WARRANTIES OF MERCHANTABILITY AND FITNESS FOR A PARTICULAR PURPOSE ARE
  55:Drivers/STM32F4xx_HAL_Driver/Src/stm32f4xx_hal_flash_ramfunc.c ****   * DISCLAIMED. IN NO EVENT SHALL THE COPYRIGHT HOLDER OR CONTRIBUTORS BE LIABLE
  56:Drivers/STM32F4xx_HAL_Driver/Src/stm32f4xx_hal_flash_ramfunc.c ****   * FOR ANY DIRECT, INDIRECT, INCIDENTAL, SPECIAL, EXEMPLARY, OR CONSEQUENTIAL
  57:Drivers/STM32F4xx_HAL_Driver/Src/stm32f4xx_hal_flash_ramfunc.c ****   * DAMAGES (INCLUDING, BUT NOT LIMITED TO, PROCUREMENT OF SUBSTITUTE GOODS OR
  58:Drivers/STM32F4xx_HAL_Driver/Src/stm32f4xx_hal_flash_ramfunc.c ****   * SERVICES; LOSS OF USE, DATA, OR PROFITS; OR BUSINESS INTERRUPTION) HOWEVER
  59:Drivers/STM32F4xx_HAL_Driver/Src/stm32f4xx_hal_flash_ramfunc.c ****   * CAUSED AND ON ANY THEORY OF LIABILITY, WHETHER IN CONTRACT, STRICT LIABILITY,
  60:Drivers/STM32F4xx_HAL_Driver/Src/stm32f4xx_hal_flash_ramfunc.c ****   * OR TORT (INCLUDING NEGLIGENCE OR OTHERWISE) ARISING IN ANY WAY OUT OF THE USE
  61:Drivers/STM32F4xx_HAL_Driver/Src/stm32f4xx_hal_flash_ramfunc.c ****   * OF THIS SOFTWARE, EVEN IF ADVISED OF THE POSSIBILITY OF SUCH DAMAGE.
  62:Drivers/STM32F4xx_HAL_Driver/Src/stm32f4xx_hal_flash_ramfunc.c ****   *
  63:Drivers/STM32F4xx_HAL_Driver/Src/stm32f4xx_hal_flash_ramfunc.c ****   ******************************************************************************
  64:Drivers/STM32F4xx_HAL_Driver/Src/stm32f4xx_hal_flash_ramfunc.c ****   */ 
  65:Drivers/STM32F4xx_HAL_Driver/Src/stm32f4xx_hal_flash_ramfunc.c **** 
  66:Drivers/STM32F4xx_HAL_Driver/Src/stm32f4xx_hal_flash_ramfunc.c **** /* Includes ------------------------------------------------------------------*/
  67:Drivers/STM32F4xx_HAL_Driver/Src/stm32f4xx_hal_flash_ramfunc.c **** #include "stm32f4xx_hal.h"
  68:Drivers/STM32F4xx_HAL_Driver/Src/stm32f4xx_hal_flash_ramfunc.c **** 
  69:Drivers/STM32F4xx_HAL_Driver/Src/stm32f4xx_hal_flash_ramfunc.c **** /** @addtogroup STM32F4xx_HAL_Driver
  70:Drivers/STM32F4xx_HAL_Driver/Src/stm32f4xx_hal_flash_ramfunc.c ****   * @{
  71:Drivers/STM32F4xx_HAL_Driver/Src/stm32f4xx_hal_flash_ramfunc.c ****   */
  72:Drivers/STM32F4xx_HAL_Driver/Src/stm32f4xx_hal_flash_ramfunc.c **** 
  73:Drivers/STM32F4xx_HAL_Driver/Src/stm32f4xx_hal_flash_ramfunc.c **** /** @defgroup FLASH_RAMFUNC FLASH RAMFUNC
  74:Drivers/STM32F4xx_HAL_Driver/Src/stm32f4xx_hal_flash_ramfunc.c ****   * @brief FLASH functions executed from RAM
  75:Drivers/STM32F4xx_HAL_Driver/Src/stm32f4xx_hal_flash_ramfunc.c ****   * @{
  76:Drivers/STM32F4xx_HAL_Driver/Src/stm32f4xx_hal_flash_ramfunc.c ****   */
  77:Drivers/STM32F4xx_HAL_Driver/Src/stm32f4xx_hal_flash_ramfunc.c **** #ifdef HAL_FLASH_MODULE_ENABLED
  78:Drivers/STM32F4xx_HAL_Driver/Src/stm32f4xx_hal_flash_ramfunc.c **** #if defined(STM32F410Tx) || defined(STM32F410Cx) || defined(STM32F410Rx) || defined(STM32F411xE) ||
  79:Drivers/STM32F4xx_HAL_Driver/Src/stm32f4xx_hal_flash_ramfunc.c ****     defined(STM32F412Rx) || defined(STM32F412Cx)
  80:Drivers/STM32F4xx_HAL_Driver/Src/stm32f4xx_hal_flash_ramfunc.c **** 
  81:Drivers/STM32F4xx_HAL_Driver/Src/stm32f4xx_hal_flash_ramfunc.c **** /* Private typedef -----------------------------------------------------------*/
  82:Drivers/STM32F4xx_HAL_Driver/Src/stm32f4xx_hal_flash_ramfunc.c **** /* Private define ------------------------------------------------------------*/
  83:Drivers/STM32F4xx_HAL_Driver/Src/stm32f4xx_hal_flash_ramfunc.c **** /* Private macro -------------------------------------------------------------*/
  84:Drivers/STM32F4xx_HAL_Driver/Src/stm32f4xx_hal_flash_ramfunc.c **** /* Private variables ---------------------------------------------------------*/
  85:Drivers/STM32F4xx_HAL_Driver/Src/stm32f4xx_hal_flash_ramfunc.c **** /* Private function prototypes -----------------------------------------------*/
  86:Drivers/STM32F4xx_HAL_Driver/Src/stm32f4xx_hal_flash_ramfunc.c **** /* Exported functions --------------------------------------------------------*/
  87:Drivers/STM32F4xx_HAL_Driver/Src/stm32f4xx_hal_flash_ramfunc.c **** /** @defgroup FLASH_RAMFUNC_Exported_Functions FLASH RAMFUNC Exported Functions
  88:Drivers/STM32F4xx_HAL_Driver/Src/stm32f4xx_hal_flash_ramfunc.c ****   * @{
ARM GAS  /var/folders/qx/3thh6vs13c76w0sbjx53xp240000gn/T//cckrvpxA.s 			page 3


  89:Drivers/STM32F4xx_HAL_Driver/Src/stm32f4xx_hal_flash_ramfunc.c ****   */
  90:Drivers/STM32F4xx_HAL_Driver/Src/stm32f4xx_hal_flash_ramfunc.c **** 
  91:Drivers/STM32F4xx_HAL_Driver/Src/stm32f4xx_hal_flash_ramfunc.c **** /** @defgroup FLASH_RAMFUNC_Exported_Functions_Group1 Peripheral features functions executed from i
  92:Drivers/STM32F4xx_HAL_Driver/Src/stm32f4xx_hal_flash_ramfunc.c ****   *  @brief Peripheral Extended features functions 
  93:Drivers/STM32F4xx_HAL_Driver/Src/stm32f4xx_hal_flash_ramfunc.c ****   *
  94:Drivers/STM32F4xx_HAL_Driver/Src/stm32f4xx_hal_flash_ramfunc.c **** @verbatim   
  95:Drivers/STM32F4xx_HAL_Driver/Src/stm32f4xx_hal_flash_ramfunc.c **** 
  96:Drivers/STM32F4xx_HAL_Driver/Src/stm32f4xx_hal_flash_ramfunc.c ****  ===============================================================================
  97:Drivers/STM32F4xx_HAL_Driver/Src/stm32f4xx_hal_flash_ramfunc.c ****                       ##### ramfunc functions #####
  98:Drivers/STM32F4xx_HAL_Driver/Src/stm32f4xx_hal_flash_ramfunc.c ****  ===============================================================================  
  99:Drivers/STM32F4xx_HAL_Driver/Src/stm32f4xx_hal_flash_ramfunc.c ****     [..]
 100:Drivers/STM32F4xx_HAL_Driver/Src/stm32f4xx_hal_flash_ramfunc.c ****     This subsection provides a set of functions that should be executed from RAM 
 101:Drivers/STM32F4xx_HAL_Driver/Src/stm32f4xx_hal_flash_ramfunc.c ****     transfers.
 102:Drivers/STM32F4xx_HAL_Driver/Src/stm32f4xx_hal_flash_ramfunc.c ****     
 103:Drivers/STM32F4xx_HAL_Driver/Src/stm32f4xx_hal_flash_ramfunc.c **** @endverbatim
 104:Drivers/STM32F4xx_HAL_Driver/Src/stm32f4xx_hal_flash_ramfunc.c ****   * @{
 105:Drivers/STM32F4xx_HAL_Driver/Src/stm32f4xx_hal_flash_ramfunc.c ****   */
 106:Drivers/STM32F4xx_HAL_Driver/Src/stm32f4xx_hal_flash_ramfunc.c **** 
 107:Drivers/STM32F4xx_HAL_Driver/Src/stm32f4xx_hal_flash_ramfunc.c **** /**
 108:Drivers/STM32F4xx_HAL_Driver/Src/stm32f4xx_hal_flash_ramfunc.c ****   * @brief Stop the flash interface while System Run
 109:Drivers/STM32F4xx_HAL_Driver/Src/stm32f4xx_hal_flash_ramfunc.c ****   * @note  This mode is only available for STM32F41xxx/STM32F446xx devices. 
 110:Drivers/STM32F4xx_HAL_Driver/Src/stm32f4xx_hal_flash_ramfunc.c ****   * @note  This mode couldn't be set while executing with the flash itself. 
 111:Drivers/STM32F4xx_HAL_Driver/Src/stm32f4xx_hal_flash_ramfunc.c ****   *        It should be done with specific routine executed from RAM.     
 112:Drivers/STM32F4xx_HAL_Driver/Src/stm32f4xx_hal_flash_ramfunc.c ****   * @retval None
 113:Drivers/STM32F4xx_HAL_Driver/Src/stm32f4xx_hal_flash_ramfunc.c ****   */
 114:Drivers/STM32F4xx_HAL_Driver/Src/stm32f4xx_hal_flash_ramfunc.c **** __RAM_FUNC HAL_FLASHEx_StopFlashInterfaceClk(void)
 115:Drivers/STM32F4xx_HAL_Driver/Src/stm32f4xx_hal_flash_ramfunc.c **** {
  28              		.loc 1 115 0
  29              		.cfi_startproc
  30              		@ args = 0, pretend = 0, frame = 8
  31              		@ frame_needed = 0, uses_anonymous_args = 0
  32              		@ link register save eliminated.
  33 0000 82B0     		sub	sp, sp, #8
  34              	.LCFI0:
  35              		.cfi_def_cfa_offset 8
  36              	.LBB2:
 116:Drivers/STM32F4xx_HAL_Driver/Src/stm32f4xx_hal_flash_ramfunc.c ****   /* Enable Power ctrl clock */
 117:Drivers/STM32F4xx_HAL_Driver/Src/stm32f4xx_hal_flash_ramfunc.c ****   __HAL_RCC_PWR_CLK_ENABLE();
  37              		.loc 1 117 0
  38 0002 0020     		movs	r0, #0
  39 0004 0190     		str	r0, [sp, #4]
  40 0006 084B     		ldr	r3, .L3
  41 0008 1A6C     		ldr	r2, [r3, #64]
  42 000a 42F08052 		orr	r2, r2, #268435456
  43 000e 1A64     		str	r2, [r3, #64]
  44 0010 1B6C     		ldr	r3, [r3, #64]
  45 0012 03F08053 		and	r3, r3, #268435456
  46 0016 0193     		str	r3, [sp, #4]
  47 0018 019B     		ldr	r3, [sp, #4]
  48              	.LBE2:
 118:Drivers/STM32F4xx_HAL_Driver/Src/stm32f4xx_hal_flash_ramfunc.c ****   /* Stop the flash interface while System Run */  
 119:Drivers/STM32F4xx_HAL_Driver/Src/stm32f4xx_hal_flash_ramfunc.c ****   SET_BIT(PWR->CR, PWR_CR_FISSR);
  49              		.loc 1 119 0
  50 001a 044A     		ldr	r2, .L3+4
  51 001c 1368     		ldr	r3, [r2]
  52 001e 43F40013 		orr	r3, r3, #2097152
  53 0022 1360     		str	r3, [r2]
ARM GAS  /var/folders/qx/3thh6vs13c76w0sbjx53xp240000gn/T//cckrvpxA.s 			page 4


 120:Drivers/STM32F4xx_HAL_Driver/Src/stm32f4xx_hal_flash_ramfunc.c ****    
 121:Drivers/STM32F4xx_HAL_Driver/Src/stm32f4xx_hal_flash_ramfunc.c ****   return HAL_OK;
 122:Drivers/STM32F4xx_HAL_Driver/Src/stm32f4xx_hal_flash_ramfunc.c **** }
  54              		.loc 1 122 0
  55 0024 02B0     		add	sp, sp, #8
  56              	.LCFI1:
  57              		.cfi_def_cfa_offset 0
  58              		@ sp needed
  59 0026 7047     		bx	lr
  60              	.L4:
  61              		.align	2
  62              	.L3:
  63 0028 00380240 		.word	1073887232
  64 002c 00700040 		.word	1073770496
  65              		.cfi_endproc
  66              	.LFE124:
  68              		.align	1
  69              		.global	HAL_FLASHEx_StartFlashInterfaceClk
  70              		.syntax unified
  71              		.thumb
  72              		.thumb_func
  73              		.fpu fpv4-sp-d16
  75              	HAL_FLASHEx_StartFlashInterfaceClk:
  76              	.LFB125:
 123:Drivers/STM32F4xx_HAL_Driver/Src/stm32f4xx_hal_flash_ramfunc.c **** 
 124:Drivers/STM32F4xx_HAL_Driver/Src/stm32f4xx_hal_flash_ramfunc.c **** /**
 125:Drivers/STM32F4xx_HAL_Driver/Src/stm32f4xx_hal_flash_ramfunc.c ****   * @brief Start the flash interface while System Run
 126:Drivers/STM32F4xx_HAL_Driver/Src/stm32f4xx_hal_flash_ramfunc.c ****   * @note  This mode is only available for STM32F411xx/STM32F446xx devices. 
 127:Drivers/STM32F4xx_HAL_Driver/Src/stm32f4xx_hal_flash_ramfunc.c ****   * @note  This mode couldn't be set while executing with the flash itself. 
 128:Drivers/STM32F4xx_HAL_Driver/Src/stm32f4xx_hal_flash_ramfunc.c ****   *        It should be done with specific routine executed from RAM.     
 129:Drivers/STM32F4xx_HAL_Driver/Src/stm32f4xx_hal_flash_ramfunc.c ****   * @retval None
 130:Drivers/STM32F4xx_HAL_Driver/Src/stm32f4xx_hal_flash_ramfunc.c ****   */
 131:Drivers/STM32F4xx_HAL_Driver/Src/stm32f4xx_hal_flash_ramfunc.c **** __RAM_FUNC HAL_FLASHEx_StartFlashInterfaceClk(void)
 132:Drivers/STM32F4xx_HAL_Driver/Src/stm32f4xx_hal_flash_ramfunc.c **** {
  77              		.loc 1 132 0
  78              		.cfi_startproc
  79              		@ args = 0, pretend = 0, frame = 8
  80              		@ frame_needed = 0, uses_anonymous_args = 0
  81              		@ link register save eliminated.
  82 0030 82B0     		sub	sp, sp, #8
  83              	.LCFI2:
  84              		.cfi_def_cfa_offset 8
  85              	.LBB3:
 133:Drivers/STM32F4xx_HAL_Driver/Src/stm32f4xx_hal_flash_ramfunc.c ****   /* Enable Power ctrl clock */
 134:Drivers/STM32F4xx_HAL_Driver/Src/stm32f4xx_hal_flash_ramfunc.c ****   __HAL_RCC_PWR_CLK_ENABLE();
  86              		.loc 1 134 0
  87 0032 0020     		movs	r0, #0
  88 0034 0190     		str	r0, [sp, #4]
  89 0036 084B     		ldr	r3, .L7
  90 0038 1A6C     		ldr	r2, [r3, #64]
  91 003a 42F08052 		orr	r2, r2, #268435456
  92 003e 1A64     		str	r2, [r3, #64]
  93 0040 1B6C     		ldr	r3, [r3, #64]
  94 0042 03F08053 		and	r3, r3, #268435456
  95 0046 0193     		str	r3, [sp, #4]
  96 0048 019B     		ldr	r3, [sp, #4]
  97              	.LBE3:
ARM GAS  /var/folders/qx/3thh6vs13c76w0sbjx53xp240000gn/T//cckrvpxA.s 			page 5


 135:Drivers/STM32F4xx_HAL_Driver/Src/stm32f4xx_hal_flash_ramfunc.c ****   /* Start the flash interface while System Run */
 136:Drivers/STM32F4xx_HAL_Driver/Src/stm32f4xx_hal_flash_ramfunc.c ****   CLEAR_BIT(PWR->CR, PWR_CR_FISSR);
  98              		.loc 1 136 0
  99 004a 044A     		ldr	r2, .L7+4
 100 004c 1368     		ldr	r3, [r2]
 101 004e 23F40013 		bic	r3, r3, #2097152
 102 0052 1360     		str	r3, [r2]
 137:Drivers/STM32F4xx_HAL_Driver/Src/stm32f4xx_hal_flash_ramfunc.c **** 
 138:Drivers/STM32F4xx_HAL_Driver/Src/stm32f4xx_hal_flash_ramfunc.c ****   return HAL_OK;
 139:Drivers/STM32F4xx_HAL_Driver/Src/stm32f4xx_hal_flash_ramfunc.c **** }
 103              		.loc 1 139 0
 104 0054 02B0     		add	sp, sp, #8
 105              	.LCFI3:
 106              		.cfi_def_cfa_offset 0
 107              		@ sp needed
 108 0056 7047     		bx	lr
 109              	.L8:
 110              		.align	2
 111              	.L7:
 112 0058 00380240 		.word	1073887232
 113 005c 00700040 		.word	1073770496
 114              		.cfi_endproc
 115              	.LFE125:
 117              		.align	1
 118              		.global	HAL_FLASHEx_EnableFlashSleepMode
 119              		.syntax unified
 120              		.thumb
 121              		.thumb_func
 122              		.fpu fpv4-sp-d16
 124              	HAL_FLASHEx_EnableFlashSleepMode:
 125              	.LFB126:
 140:Drivers/STM32F4xx_HAL_Driver/Src/stm32f4xx_hal_flash_ramfunc.c **** 
 141:Drivers/STM32F4xx_HAL_Driver/Src/stm32f4xx_hal_flash_ramfunc.c **** /**
 142:Drivers/STM32F4xx_HAL_Driver/Src/stm32f4xx_hal_flash_ramfunc.c ****   * @brief Enable the flash sleep while System Run
 143:Drivers/STM32F4xx_HAL_Driver/Src/stm32f4xx_hal_flash_ramfunc.c ****   * @note  This mode is only available for STM32F41xxx/STM32F446xx devices. 
 144:Drivers/STM32F4xx_HAL_Driver/Src/stm32f4xx_hal_flash_ramfunc.c ****   * @note  This mode could n't be set while executing with the flash itself. 
 145:Drivers/STM32F4xx_HAL_Driver/Src/stm32f4xx_hal_flash_ramfunc.c ****   *        It should be done with specific routine executed from RAM.     
 146:Drivers/STM32F4xx_HAL_Driver/Src/stm32f4xx_hal_flash_ramfunc.c ****   * @retval None
 147:Drivers/STM32F4xx_HAL_Driver/Src/stm32f4xx_hal_flash_ramfunc.c ****   */
 148:Drivers/STM32F4xx_HAL_Driver/Src/stm32f4xx_hal_flash_ramfunc.c **** __RAM_FUNC HAL_FLASHEx_EnableFlashSleepMode(void)
 149:Drivers/STM32F4xx_HAL_Driver/Src/stm32f4xx_hal_flash_ramfunc.c **** {
 126              		.loc 1 149 0
 127              		.cfi_startproc
 128              		@ args = 0, pretend = 0, frame = 8
 129              		@ frame_needed = 0, uses_anonymous_args = 0
 130              		@ link register save eliminated.
 131 0060 82B0     		sub	sp, sp, #8
 132              	.LCFI4:
 133              		.cfi_def_cfa_offset 8
 134              	.LBB4:
 150:Drivers/STM32F4xx_HAL_Driver/Src/stm32f4xx_hal_flash_ramfunc.c ****   /* Enable Power ctrl clock */
 151:Drivers/STM32F4xx_HAL_Driver/Src/stm32f4xx_hal_flash_ramfunc.c ****   __HAL_RCC_PWR_CLK_ENABLE();
 135              		.loc 1 151 0
 136 0062 0020     		movs	r0, #0
 137 0064 0190     		str	r0, [sp, #4]
 138 0066 084B     		ldr	r3, .L11
 139 0068 1A6C     		ldr	r2, [r3, #64]
ARM GAS  /var/folders/qx/3thh6vs13c76w0sbjx53xp240000gn/T//cckrvpxA.s 			page 6


 140 006a 42F08052 		orr	r2, r2, #268435456
 141 006e 1A64     		str	r2, [r3, #64]
 142 0070 1B6C     		ldr	r3, [r3, #64]
 143 0072 03F08053 		and	r3, r3, #268435456
 144 0076 0193     		str	r3, [sp, #4]
 145 0078 019B     		ldr	r3, [sp, #4]
 146              	.LBE4:
 152:Drivers/STM32F4xx_HAL_Driver/Src/stm32f4xx_hal_flash_ramfunc.c ****   /* Enable the flash sleep while System Run */
 153:Drivers/STM32F4xx_HAL_Driver/Src/stm32f4xx_hal_flash_ramfunc.c ****   SET_BIT(PWR->CR, PWR_CR_FMSSR);
 147              		.loc 1 153 0
 148 007a 044A     		ldr	r2, .L11+4
 149 007c 1368     		ldr	r3, [r2]
 150 007e 43F48013 		orr	r3, r3, #1048576
 151 0082 1360     		str	r3, [r2]
 154:Drivers/STM32F4xx_HAL_Driver/Src/stm32f4xx_hal_flash_ramfunc.c **** 
 155:Drivers/STM32F4xx_HAL_Driver/Src/stm32f4xx_hal_flash_ramfunc.c ****   return HAL_OK;
 156:Drivers/STM32F4xx_HAL_Driver/Src/stm32f4xx_hal_flash_ramfunc.c **** }
 152              		.loc 1 156 0
 153 0084 02B0     		add	sp, sp, #8
 154              	.LCFI5:
 155              		.cfi_def_cfa_offset 0
 156              		@ sp needed
 157 0086 7047     		bx	lr
 158              	.L12:
 159              		.align	2
 160              	.L11:
 161 0088 00380240 		.word	1073887232
 162 008c 00700040 		.word	1073770496
 163              		.cfi_endproc
 164              	.LFE126:
 166              		.align	1
 167              		.global	HAL_FLASHEx_DisableFlashSleepMode
 168              		.syntax unified
 169              		.thumb
 170              		.thumb_func
 171              		.fpu fpv4-sp-d16
 173              	HAL_FLASHEx_DisableFlashSleepMode:
 174              	.LFB127:
 157:Drivers/STM32F4xx_HAL_Driver/Src/stm32f4xx_hal_flash_ramfunc.c **** 
 158:Drivers/STM32F4xx_HAL_Driver/Src/stm32f4xx_hal_flash_ramfunc.c **** /**
 159:Drivers/STM32F4xx_HAL_Driver/Src/stm32f4xx_hal_flash_ramfunc.c ****   * @brief Disable the flash sleep while System Run
 160:Drivers/STM32F4xx_HAL_Driver/Src/stm32f4xx_hal_flash_ramfunc.c ****   * @note  This mode is only available for STM32F41xxx/STM32F446xx devices. 
 161:Drivers/STM32F4xx_HAL_Driver/Src/stm32f4xx_hal_flash_ramfunc.c ****   * @note  This mode couldn't be set while executing with the flash itself. 
 162:Drivers/STM32F4xx_HAL_Driver/Src/stm32f4xx_hal_flash_ramfunc.c ****   *        It should be done with specific routine executed from RAM.     
 163:Drivers/STM32F4xx_HAL_Driver/Src/stm32f4xx_hal_flash_ramfunc.c ****   * @retval None
 164:Drivers/STM32F4xx_HAL_Driver/Src/stm32f4xx_hal_flash_ramfunc.c ****   */
 165:Drivers/STM32F4xx_HAL_Driver/Src/stm32f4xx_hal_flash_ramfunc.c **** __RAM_FUNC HAL_FLASHEx_DisableFlashSleepMode(void)
 166:Drivers/STM32F4xx_HAL_Driver/Src/stm32f4xx_hal_flash_ramfunc.c **** {
 175              		.loc 1 166 0
 176              		.cfi_startproc
 177              		@ args = 0, pretend = 0, frame = 8
 178              		@ frame_needed = 0, uses_anonymous_args = 0
 179              		@ link register save eliminated.
 180 0090 82B0     		sub	sp, sp, #8
 181              	.LCFI6:
 182              		.cfi_def_cfa_offset 8
 183              	.LBB5:
ARM GAS  /var/folders/qx/3thh6vs13c76w0sbjx53xp240000gn/T//cckrvpxA.s 			page 7


 167:Drivers/STM32F4xx_HAL_Driver/Src/stm32f4xx_hal_flash_ramfunc.c ****   /* Enable Power ctrl clock */
 168:Drivers/STM32F4xx_HAL_Driver/Src/stm32f4xx_hal_flash_ramfunc.c ****   __HAL_RCC_PWR_CLK_ENABLE();
 184              		.loc 1 168 0
 185 0092 0020     		movs	r0, #0
 186 0094 0190     		str	r0, [sp, #4]
 187 0096 084B     		ldr	r3, .L15
 188 0098 1A6C     		ldr	r2, [r3, #64]
 189 009a 42F08052 		orr	r2, r2, #268435456
 190 009e 1A64     		str	r2, [r3, #64]
 191 00a0 1B6C     		ldr	r3, [r3, #64]
 192 00a2 03F08053 		and	r3, r3, #268435456
 193 00a6 0193     		str	r3, [sp, #4]
 194 00a8 019B     		ldr	r3, [sp, #4]
 195              	.LBE5:
 169:Drivers/STM32F4xx_HAL_Driver/Src/stm32f4xx_hal_flash_ramfunc.c ****   /* Disable the flash sleep while System Run */
 170:Drivers/STM32F4xx_HAL_Driver/Src/stm32f4xx_hal_flash_ramfunc.c ****   CLEAR_BIT(PWR->CR, PWR_CR_FMSSR);
 196              		.loc 1 170 0
 197 00aa 044A     		ldr	r2, .L15+4
 198 00ac 1368     		ldr	r3, [r2]
 199 00ae 23F48013 		bic	r3, r3, #1048576
 200 00b2 1360     		str	r3, [r2]
 171:Drivers/STM32F4xx_HAL_Driver/Src/stm32f4xx_hal_flash_ramfunc.c ****   
 172:Drivers/STM32F4xx_HAL_Driver/Src/stm32f4xx_hal_flash_ramfunc.c ****   return HAL_OK;
 173:Drivers/STM32F4xx_HAL_Driver/Src/stm32f4xx_hal_flash_ramfunc.c **** }
 201              		.loc 1 173 0
 202 00b4 02B0     		add	sp, sp, #8
 203              	.LCFI7:
 204              		.cfi_def_cfa_offset 0
 205              		@ sp needed
 206 00b6 7047     		bx	lr
 207              	.L16:
 208              		.align	2
 209              	.L15:
 210 00b8 00380240 		.word	1073887232
 211 00bc 00700040 		.word	1073770496
 212              		.cfi_endproc
 213              	.LFE127:
 215              		.text
 216              	.Letext0:
 217              		.file 2 "/usr/local/Caskroom/gcc-arm-embedded/6-2017-q1-update/gcc-arm-none-eabi-6-2017-q1-update/
 218              		.file 3 "/usr/local/Caskroom/gcc-arm-embedded/6-2017-q1-update/gcc-arm-none-eabi-6-2017-q1-update/
 219              		.file 4 "Drivers/CMSIS/Include/core_cm4.h"
 220              		.file 5 "Drivers/CMSIS/Device/ST/STM32F4xx/Include/system_stm32f4xx.h"
 221              		.file 6 "Drivers/CMSIS/Device/ST/STM32F4xx/Include/stm32f410rx.h"
 222              		.file 7 "/usr/local/Caskroom/gcc-arm-embedded/6-2017-q1-update/gcc-arm-none-eabi-6-2017-q1-update/
 223              		.file 8 "/usr/local/Caskroom/gcc-arm-embedded/6-2017-q1-update/gcc-arm-none-eabi-6-2017-q1-update/
 224              		.file 9 "/usr/local/Caskroom/gcc-arm-embedded/6-2017-q1-update/gcc-arm-none-eabi-6-2017-q1-update/
 225              		.file 10 "/usr/local/Caskroom/gcc-arm-embedded/6-2017-q1-update/gcc-arm-none-eabi-6-2017-q1-update
 226              		.file 11 "Drivers/STM32F4xx_HAL_Driver/Inc/stm32f4xx_hal_def.h"
ARM GAS  /var/folders/qx/3thh6vs13c76w0sbjx53xp240000gn/T//cckrvpxA.s 			page 8


DEFINED SYMBOLS
                            *ABS*:0000000000000000 stm32f4xx_hal_flash_ramfunc.c
/var/folders/qx/3thh6vs13c76w0sbjx53xp240000gn/T//cckrvpxA.s:18     .RamFunc:0000000000000000 $t
/var/folders/qx/3thh6vs13c76w0sbjx53xp240000gn/T//cckrvpxA.s:25     .RamFunc:0000000000000000 HAL_FLASHEx_StopFlashInterfaceClk
/var/folders/qx/3thh6vs13c76w0sbjx53xp240000gn/T//cckrvpxA.s:63     .RamFunc:0000000000000028 $d
/var/folders/qx/3thh6vs13c76w0sbjx53xp240000gn/T//cckrvpxA.s:68     .RamFunc:0000000000000030 $t
/var/folders/qx/3thh6vs13c76w0sbjx53xp240000gn/T//cckrvpxA.s:75     .RamFunc:0000000000000030 HAL_FLASHEx_StartFlashInterfaceClk
/var/folders/qx/3thh6vs13c76w0sbjx53xp240000gn/T//cckrvpxA.s:112    .RamFunc:0000000000000058 $d
/var/folders/qx/3thh6vs13c76w0sbjx53xp240000gn/T//cckrvpxA.s:117    .RamFunc:0000000000000060 $t
/var/folders/qx/3thh6vs13c76w0sbjx53xp240000gn/T//cckrvpxA.s:124    .RamFunc:0000000000000060 HAL_FLASHEx_EnableFlashSleepMode
/var/folders/qx/3thh6vs13c76w0sbjx53xp240000gn/T//cckrvpxA.s:161    .RamFunc:0000000000000088 $d
/var/folders/qx/3thh6vs13c76w0sbjx53xp240000gn/T//cckrvpxA.s:166    .RamFunc:0000000000000090 $t
/var/folders/qx/3thh6vs13c76w0sbjx53xp240000gn/T//cckrvpxA.s:173    .RamFunc:0000000000000090 HAL_FLASHEx_DisableFlashSleepMode
/var/folders/qx/3thh6vs13c76w0sbjx53xp240000gn/T//cckrvpxA.s:210    .RamFunc:00000000000000b8 $d
                     .debug_frame:0000000000000010 $d

NO UNDEFINED SYMBOLS
