ARM GAS  /var/folders/qx/3thh6vs13c76w0sbjx53xp240000gn/T//ccfnbiQV.s 			page 1


   1              		.cpu cortex-m4
   2              		.eabi_attribute 27, 1
   3              		.eabi_attribute 28, 1
   4              		.eabi_attribute 20, 1
   5              		.eabi_attribute 21, 1
   6              		.eabi_attribute 23, 3
   7              		.eabi_attribute 24, 1
   8              		.eabi_attribute 25, 1
   9              		.eabi_attribute 26, 1
  10              		.eabi_attribute 30, 1
  11              		.eabi_attribute 34, 1
  12              		.eabi_attribute 18, 4
  13              		.file	"stm32f4xx_hal_gpio.c"
  14              		.text
  15              	.Ltext0:
  16              		.cfi_sections	.debug_frame
  17              		.section	.text.HAL_GPIO_Init,"ax",%progbits
  18              		.align	1
  19              		.global	HAL_GPIO_Init
  20              		.syntax unified
  21              		.thumb
  22              		.thumb_func
  23              		.fpu fpv4-sp-d16
  25              	HAL_GPIO_Init:
  26              	.LFB124:
  27              		.file 1 "Drivers/STM32F4xx_HAL_Driver/Src/stm32f4xx_hal_gpio.c"
   1:Drivers/STM32F4xx_HAL_Driver/Src/stm32f4xx_hal_gpio.c **** /**
   2:Drivers/STM32F4xx_HAL_Driver/Src/stm32f4xx_hal_gpio.c ****   ******************************************************************************
   3:Drivers/STM32F4xx_HAL_Driver/Src/stm32f4xx_hal_gpio.c ****   * @file    stm32f4xx_hal_gpio.c
   4:Drivers/STM32F4xx_HAL_Driver/Src/stm32f4xx_hal_gpio.c ****   * @author  MCD Application Team
   5:Drivers/STM32F4xx_HAL_Driver/Src/stm32f4xx_hal_gpio.c ****   * @version V1.7.1
   6:Drivers/STM32F4xx_HAL_Driver/Src/stm32f4xx_hal_gpio.c ****   * @date    14-April-2017
   7:Drivers/STM32F4xx_HAL_Driver/Src/stm32f4xx_hal_gpio.c ****   * @brief   GPIO HAL module driver.
   8:Drivers/STM32F4xx_HAL_Driver/Src/stm32f4xx_hal_gpio.c ****   *          This file provides firmware functions to manage the following 
   9:Drivers/STM32F4xx_HAL_Driver/Src/stm32f4xx_hal_gpio.c ****   *          functionalities of the General Purpose Input/Output (GPIO) peripheral:
  10:Drivers/STM32F4xx_HAL_Driver/Src/stm32f4xx_hal_gpio.c ****   *           + Initialization and de-initialization functions
  11:Drivers/STM32F4xx_HAL_Driver/Src/stm32f4xx_hal_gpio.c ****   *           + IO operation functions
  12:Drivers/STM32F4xx_HAL_Driver/Src/stm32f4xx_hal_gpio.c ****   *
  13:Drivers/STM32F4xx_HAL_Driver/Src/stm32f4xx_hal_gpio.c ****   @verbatim
  14:Drivers/STM32F4xx_HAL_Driver/Src/stm32f4xx_hal_gpio.c ****   ==============================================================================
  15:Drivers/STM32F4xx_HAL_Driver/Src/stm32f4xx_hal_gpio.c ****                     ##### GPIO Peripheral features #####
  16:Drivers/STM32F4xx_HAL_Driver/Src/stm32f4xx_hal_gpio.c ****   ==============================================================================
  17:Drivers/STM32F4xx_HAL_Driver/Src/stm32f4xx_hal_gpio.c ****   [..] 
  18:Drivers/STM32F4xx_HAL_Driver/Src/stm32f4xx_hal_gpio.c ****   Subject to the specific hardware characteristics of each I/O port listed in the datasheet, each
  19:Drivers/STM32F4xx_HAL_Driver/Src/stm32f4xx_hal_gpio.c ****   port bit of the General Purpose IO (GPIO) Ports, can be individually configured by software
  20:Drivers/STM32F4xx_HAL_Driver/Src/stm32f4xx_hal_gpio.c ****   in several modes:
  21:Drivers/STM32F4xx_HAL_Driver/Src/stm32f4xx_hal_gpio.c ****   (+) Input mode 
  22:Drivers/STM32F4xx_HAL_Driver/Src/stm32f4xx_hal_gpio.c ****   (+) Analog mode
  23:Drivers/STM32F4xx_HAL_Driver/Src/stm32f4xx_hal_gpio.c ****   (+) Output mode
  24:Drivers/STM32F4xx_HAL_Driver/Src/stm32f4xx_hal_gpio.c ****   (+) Alternate function mode
  25:Drivers/STM32F4xx_HAL_Driver/Src/stm32f4xx_hal_gpio.c ****   (+) External interrupt/event lines
  26:Drivers/STM32F4xx_HAL_Driver/Src/stm32f4xx_hal_gpio.c **** 
  27:Drivers/STM32F4xx_HAL_Driver/Src/stm32f4xx_hal_gpio.c ****   [..]  
  28:Drivers/STM32F4xx_HAL_Driver/Src/stm32f4xx_hal_gpio.c ****   During and just after reset, the alternate functions and external interrupt  
  29:Drivers/STM32F4xx_HAL_Driver/Src/stm32f4xx_hal_gpio.c ****   lines are not active and the I/O ports are configured in input floating mode.
  30:Drivers/STM32F4xx_HAL_Driver/Src/stm32f4xx_hal_gpio.c ****   
  31:Drivers/STM32F4xx_HAL_Driver/Src/stm32f4xx_hal_gpio.c ****   [..]   
ARM GAS  /var/folders/qx/3thh6vs13c76w0sbjx53xp240000gn/T//ccfnbiQV.s 			page 2


  32:Drivers/STM32F4xx_HAL_Driver/Src/stm32f4xx_hal_gpio.c ****   All GPIO pins have weak internal pull-up and pull-down resistors, which can be 
  33:Drivers/STM32F4xx_HAL_Driver/Src/stm32f4xx_hal_gpio.c ****   activated or not.
  34:Drivers/STM32F4xx_HAL_Driver/Src/stm32f4xx_hal_gpio.c **** 
  35:Drivers/STM32F4xx_HAL_Driver/Src/stm32f4xx_hal_gpio.c ****   [..]
  36:Drivers/STM32F4xx_HAL_Driver/Src/stm32f4xx_hal_gpio.c ****   In Output or Alternate mode, each IO can be configured on open-drain or push-pull
  37:Drivers/STM32F4xx_HAL_Driver/Src/stm32f4xx_hal_gpio.c ****   type and the IO speed can be selected depending on the VDD value.
  38:Drivers/STM32F4xx_HAL_Driver/Src/stm32f4xx_hal_gpio.c **** 
  39:Drivers/STM32F4xx_HAL_Driver/Src/stm32f4xx_hal_gpio.c ****   [..]  
  40:Drivers/STM32F4xx_HAL_Driver/Src/stm32f4xx_hal_gpio.c ****   All ports have external interrupt/event capability. To use external interrupt 
  41:Drivers/STM32F4xx_HAL_Driver/Src/stm32f4xx_hal_gpio.c ****   lines, the port must be configured in input mode. All available GPIO pins are 
  42:Drivers/STM32F4xx_HAL_Driver/Src/stm32f4xx_hal_gpio.c ****   connected to the 16 external interrupt/event lines from EXTI0 to EXTI15.
  43:Drivers/STM32F4xx_HAL_Driver/Src/stm32f4xx_hal_gpio.c ****   
  44:Drivers/STM32F4xx_HAL_Driver/Src/stm32f4xx_hal_gpio.c ****   [..]
  45:Drivers/STM32F4xx_HAL_Driver/Src/stm32f4xx_hal_gpio.c ****   The external interrupt/event controller consists of up to 23 edge detectors 
  46:Drivers/STM32F4xx_HAL_Driver/Src/stm32f4xx_hal_gpio.c ****   (16 lines are connected to GPIO) for generating event/interrupt requests (each 
  47:Drivers/STM32F4xx_HAL_Driver/Src/stm32f4xx_hal_gpio.c ****   input line can be independently configured to select the type (interrupt or event) 
  48:Drivers/STM32F4xx_HAL_Driver/Src/stm32f4xx_hal_gpio.c ****   and the corresponding trigger event (rising or falling or both). Each line can 
  49:Drivers/STM32F4xx_HAL_Driver/Src/stm32f4xx_hal_gpio.c ****   also be masked independently. 
  50:Drivers/STM32F4xx_HAL_Driver/Src/stm32f4xx_hal_gpio.c **** 
  51:Drivers/STM32F4xx_HAL_Driver/Src/stm32f4xx_hal_gpio.c ****                      ##### How to use this driver #####
  52:Drivers/STM32F4xx_HAL_Driver/Src/stm32f4xx_hal_gpio.c ****   ==============================================================================  
  53:Drivers/STM32F4xx_HAL_Driver/Src/stm32f4xx_hal_gpio.c ****   [..]
  54:Drivers/STM32F4xx_HAL_Driver/Src/stm32f4xx_hal_gpio.c ****     (#) Enable the GPIO AHB clock using the following function: __HAL_RCC_GPIOx_CLK_ENABLE(). 
  55:Drivers/STM32F4xx_HAL_Driver/Src/stm32f4xx_hal_gpio.c **** 
  56:Drivers/STM32F4xx_HAL_Driver/Src/stm32f4xx_hal_gpio.c ****     (#) Configure the GPIO pin(s) using HAL_GPIO_Init().
  57:Drivers/STM32F4xx_HAL_Driver/Src/stm32f4xx_hal_gpio.c ****         (++) Configure the IO mode using "Mode" member from GPIO_InitTypeDef structure
  58:Drivers/STM32F4xx_HAL_Driver/Src/stm32f4xx_hal_gpio.c ****         (++) Activate Pull-up, Pull-down resistor using "Pull" member from GPIO_InitTypeDef 
  59:Drivers/STM32F4xx_HAL_Driver/Src/stm32f4xx_hal_gpio.c ****              structure.
  60:Drivers/STM32F4xx_HAL_Driver/Src/stm32f4xx_hal_gpio.c ****         (++) In case of Output or alternate function mode selection: the speed is 
  61:Drivers/STM32F4xx_HAL_Driver/Src/stm32f4xx_hal_gpio.c ****              configured through "Speed" member from GPIO_InitTypeDef structure.
  62:Drivers/STM32F4xx_HAL_Driver/Src/stm32f4xx_hal_gpio.c ****         (++) In alternate mode is selection, the alternate function connected to the IO
  63:Drivers/STM32F4xx_HAL_Driver/Src/stm32f4xx_hal_gpio.c ****              is configured through "Alternate" member from GPIO_InitTypeDef structure.
  64:Drivers/STM32F4xx_HAL_Driver/Src/stm32f4xx_hal_gpio.c ****         (++) Analog mode is required when a pin is to be used as ADC channel 
  65:Drivers/STM32F4xx_HAL_Driver/Src/stm32f4xx_hal_gpio.c ****              or DAC output.
  66:Drivers/STM32F4xx_HAL_Driver/Src/stm32f4xx_hal_gpio.c ****         (++) In case of external interrupt/event selection the "Mode" member from 
  67:Drivers/STM32F4xx_HAL_Driver/Src/stm32f4xx_hal_gpio.c ****              GPIO_InitTypeDef structure select the type (interrupt or event) and 
  68:Drivers/STM32F4xx_HAL_Driver/Src/stm32f4xx_hal_gpio.c ****              the corresponding trigger event (rising or falling or both).
  69:Drivers/STM32F4xx_HAL_Driver/Src/stm32f4xx_hal_gpio.c **** 
  70:Drivers/STM32F4xx_HAL_Driver/Src/stm32f4xx_hal_gpio.c ****     (#) In case of external interrupt/event mode selection, configure NVIC IRQ priority 
  71:Drivers/STM32F4xx_HAL_Driver/Src/stm32f4xx_hal_gpio.c ****         mapped to the EXTI line using HAL_NVIC_SetPriority() and enable it using
  72:Drivers/STM32F4xx_HAL_Driver/Src/stm32f4xx_hal_gpio.c ****         HAL_NVIC_EnableIRQ().
  73:Drivers/STM32F4xx_HAL_Driver/Src/stm32f4xx_hal_gpio.c ****          
  74:Drivers/STM32F4xx_HAL_Driver/Src/stm32f4xx_hal_gpio.c ****     (#) To get the level of a pin configured in input mode use HAL_GPIO_ReadPin().
  75:Drivers/STM32F4xx_HAL_Driver/Src/stm32f4xx_hal_gpio.c ****             
  76:Drivers/STM32F4xx_HAL_Driver/Src/stm32f4xx_hal_gpio.c ****     (#) To set/reset the level of a pin configured in output mode use 
  77:Drivers/STM32F4xx_HAL_Driver/Src/stm32f4xx_hal_gpio.c ****         HAL_GPIO_WritePin()/HAL_GPIO_TogglePin().
  78:Drivers/STM32F4xx_HAL_Driver/Src/stm32f4xx_hal_gpio.c ****     
  79:Drivers/STM32F4xx_HAL_Driver/Src/stm32f4xx_hal_gpio.c ****     (#) To lock pin configuration until next reset use HAL_GPIO_LockPin().
  80:Drivers/STM32F4xx_HAL_Driver/Src/stm32f4xx_hal_gpio.c **** 
  81:Drivers/STM32F4xx_HAL_Driver/Src/stm32f4xx_hal_gpio.c ****                  
  82:Drivers/STM32F4xx_HAL_Driver/Src/stm32f4xx_hal_gpio.c ****     (#) During and just after reset, the alternate functions are not 
  83:Drivers/STM32F4xx_HAL_Driver/Src/stm32f4xx_hal_gpio.c ****         active and the GPIO pins are configured in input floating mode (except JTAG
  84:Drivers/STM32F4xx_HAL_Driver/Src/stm32f4xx_hal_gpio.c ****         pins).
  85:Drivers/STM32F4xx_HAL_Driver/Src/stm32f4xx_hal_gpio.c ****   
  86:Drivers/STM32F4xx_HAL_Driver/Src/stm32f4xx_hal_gpio.c ****     (#) The LSE oscillator pins OSC32_IN and OSC32_OUT can be used as general purpose 
  87:Drivers/STM32F4xx_HAL_Driver/Src/stm32f4xx_hal_gpio.c ****         (PC14 and PC15, respectively) when the LSE oscillator is off. The LSE has 
  88:Drivers/STM32F4xx_HAL_Driver/Src/stm32f4xx_hal_gpio.c ****         priority over the GPIO function.
ARM GAS  /var/folders/qx/3thh6vs13c76w0sbjx53xp240000gn/T//ccfnbiQV.s 			page 3


  89:Drivers/STM32F4xx_HAL_Driver/Src/stm32f4xx_hal_gpio.c ****   
  90:Drivers/STM32F4xx_HAL_Driver/Src/stm32f4xx_hal_gpio.c ****     (#) The HSE oscillator pins OSC_IN/OSC_OUT can be used as 
  91:Drivers/STM32F4xx_HAL_Driver/Src/stm32f4xx_hal_gpio.c ****         general purpose PH0 and PH1, respectively, when the HSE oscillator is off. 
  92:Drivers/STM32F4xx_HAL_Driver/Src/stm32f4xx_hal_gpio.c ****         The HSE has priority over the GPIO function.
  93:Drivers/STM32F4xx_HAL_Driver/Src/stm32f4xx_hal_gpio.c ****   
  94:Drivers/STM32F4xx_HAL_Driver/Src/stm32f4xx_hal_gpio.c ****   @endverbatim
  95:Drivers/STM32F4xx_HAL_Driver/Src/stm32f4xx_hal_gpio.c ****   ******************************************************************************
  96:Drivers/STM32F4xx_HAL_Driver/Src/stm32f4xx_hal_gpio.c ****   * @attention
  97:Drivers/STM32F4xx_HAL_Driver/Src/stm32f4xx_hal_gpio.c ****   *
  98:Drivers/STM32F4xx_HAL_Driver/Src/stm32f4xx_hal_gpio.c ****   * <h2><center>&copy; COPYRIGHT(c) 2017 STMicroelectronics</center></h2>
  99:Drivers/STM32F4xx_HAL_Driver/Src/stm32f4xx_hal_gpio.c ****   *
 100:Drivers/STM32F4xx_HAL_Driver/Src/stm32f4xx_hal_gpio.c ****   * Redistribution and use in source and binary forms, with or without modification,
 101:Drivers/STM32F4xx_HAL_Driver/Src/stm32f4xx_hal_gpio.c ****   * are permitted provided that the following conditions are met:
 102:Drivers/STM32F4xx_HAL_Driver/Src/stm32f4xx_hal_gpio.c ****   *   1. Redistributions of source code must retain the above copyright notice,
 103:Drivers/STM32F4xx_HAL_Driver/Src/stm32f4xx_hal_gpio.c ****   *      this list of conditions and the following disclaimer.
 104:Drivers/STM32F4xx_HAL_Driver/Src/stm32f4xx_hal_gpio.c ****   *   2. Redistributions in binary form must reproduce the above copyright notice,
 105:Drivers/STM32F4xx_HAL_Driver/Src/stm32f4xx_hal_gpio.c ****   *      this list of conditions and the following disclaimer in the documentation
 106:Drivers/STM32F4xx_HAL_Driver/Src/stm32f4xx_hal_gpio.c ****   *      and/or other materials provided with the distribution.
 107:Drivers/STM32F4xx_HAL_Driver/Src/stm32f4xx_hal_gpio.c ****   *   3. Neither the name of STMicroelectronics nor the names of its contributors
 108:Drivers/STM32F4xx_HAL_Driver/Src/stm32f4xx_hal_gpio.c ****   *      may be used to endorse or promote products derived from this software
 109:Drivers/STM32F4xx_HAL_Driver/Src/stm32f4xx_hal_gpio.c ****   *      without specific prior written permission.
 110:Drivers/STM32F4xx_HAL_Driver/Src/stm32f4xx_hal_gpio.c ****   *
 111:Drivers/STM32F4xx_HAL_Driver/Src/stm32f4xx_hal_gpio.c ****   * THIS SOFTWARE IS PROVIDED BY THE COPYRIGHT HOLDERS AND CONTRIBUTORS "AS IS"
 112:Drivers/STM32F4xx_HAL_Driver/Src/stm32f4xx_hal_gpio.c ****   * AND ANY EXPRESS OR IMPLIED WARRANTIES, INCLUDING, BUT NOT LIMITED TO, THE
 113:Drivers/STM32F4xx_HAL_Driver/Src/stm32f4xx_hal_gpio.c ****   * IMPLIED WARRANTIES OF MERCHANTABILITY AND FITNESS FOR A PARTICULAR PURPOSE ARE
 114:Drivers/STM32F4xx_HAL_Driver/Src/stm32f4xx_hal_gpio.c ****   * DISCLAIMED. IN NO EVENT SHALL THE COPYRIGHT HOLDER OR CONTRIBUTORS BE LIABLE
 115:Drivers/STM32F4xx_HAL_Driver/Src/stm32f4xx_hal_gpio.c ****   * FOR ANY DIRECT, INDIRECT, INCIDENTAL, SPECIAL, EXEMPLARY, OR CONSEQUENTIAL
 116:Drivers/STM32F4xx_HAL_Driver/Src/stm32f4xx_hal_gpio.c ****   * DAMAGES (INCLUDING, BUT NOT LIMITED TO, PROCUREMENT OF SUBSTITUTE GOODS OR
 117:Drivers/STM32F4xx_HAL_Driver/Src/stm32f4xx_hal_gpio.c ****   * SERVICES; LOSS OF USE, DATA, OR PROFITS; OR BUSINESS INTERRUPTION) HOWEVER
 118:Drivers/STM32F4xx_HAL_Driver/Src/stm32f4xx_hal_gpio.c ****   * CAUSED AND ON ANY THEORY OF LIABILITY, WHETHER IN CONTRACT, STRICT LIABILITY,
 119:Drivers/STM32F4xx_HAL_Driver/Src/stm32f4xx_hal_gpio.c ****   * OR TORT (INCLUDING NEGLIGENCE OR OTHERWISE) ARISING IN ANY WAY OUT OF THE USE
 120:Drivers/STM32F4xx_HAL_Driver/Src/stm32f4xx_hal_gpio.c ****   * OF THIS SOFTWARE, EVEN IF ADVISED OF THE POSSIBILITY OF SUCH DAMAGE.
 121:Drivers/STM32F4xx_HAL_Driver/Src/stm32f4xx_hal_gpio.c ****   *
 122:Drivers/STM32F4xx_HAL_Driver/Src/stm32f4xx_hal_gpio.c ****   ******************************************************************************
 123:Drivers/STM32F4xx_HAL_Driver/Src/stm32f4xx_hal_gpio.c ****   */ 
 124:Drivers/STM32F4xx_HAL_Driver/Src/stm32f4xx_hal_gpio.c **** 
 125:Drivers/STM32F4xx_HAL_Driver/Src/stm32f4xx_hal_gpio.c **** /* Includes ------------------------------------------------------------------*/
 126:Drivers/STM32F4xx_HAL_Driver/Src/stm32f4xx_hal_gpio.c **** #include "stm32f4xx_hal.h"
 127:Drivers/STM32F4xx_HAL_Driver/Src/stm32f4xx_hal_gpio.c **** 
 128:Drivers/STM32F4xx_HAL_Driver/Src/stm32f4xx_hal_gpio.c **** /** @addtogroup STM32F4xx_HAL_Driver
 129:Drivers/STM32F4xx_HAL_Driver/Src/stm32f4xx_hal_gpio.c ****   * @{
 130:Drivers/STM32F4xx_HAL_Driver/Src/stm32f4xx_hal_gpio.c ****   */
 131:Drivers/STM32F4xx_HAL_Driver/Src/stm32f4xx_hal_gpio.c **** 
 132:Drivers/STM32F4xx_HAL_Driver/Src/stm32f4xx_hal_gpio.c **** /** @defgroup GPIO GPIO
 133:Drivers/STM32F4xx_HAL_Driver/Src/stm32f4xx_hal_gpio.c ****   * @brief GPIO HAL module driver
 134:Drivers/STM32F4xx_HAL_Driver/Src/stm32f4xx_hal_gpio.c ****   * @{
 135:Drivers/STM32F4xx_HAL_Driver/Src/stm32f4xx_hal_gpio.c ****   */
 136:Drivers/STM32F4xx_HAL_Driver/Src/stm32f4xx_hal_gpio.c **** 
 137:Drivers/STM32F4xx_HAL_Driver/Src/stm32f4xx_hal_gpio.c **** #ifdef HAL_GPIO_MODULE_ENABLED
 138:Drivers/STM32F4xx_HAL_Driver/Src/stm32f4xx_hal_gpio.c **** 
 139:Drivers/STM32F4xx_HAL_Driver/Src/stm32f4xx_hal_gpio.c **** /* Private typedef -----------------------------------------------------------*/
 140:Drivers/STM32F4xx_HAL_Driver/Src/stm32f4xx_hal_gpio.c **** /* Private define ------------------------------------------------------------*/
 141:Drivers/STM32F4xx_HAL_Driver/Src/stm32f4xx_hal_gpio.c **** /** @addtogroup GPIO_Private_Constants GPIO Private Constants
 142:Drivers/STM32F4xx_HAL_Driver/Src/stm32f4xx_hal_gpio.c ****   * @{
 143:Drivers/STM32F4xx_HAL_Driver/Src/stm32f4xx_hal_gpio.c ****   */
 144:Drivers/STM32F4xx_HAL_Driver/Src/stm32f4xx_hal_gpio.c **** #define GPIO_MODE             0x00000003U
 145:Drivers/STM32F4xx_HAL_Driver/Src/stm32f4xx_hal_gpio.c **** #define EXTI_MODE             0x10000000U
ARM GAS  /var/folders/qx/3thh6vs13c76w0sbjx53xp240000gn/T//ccfnbiQV.s 			page 4


 146:Drivers/STM32F4xx_HAL_Driver/Src/stm32f4xx_hal_gpio.c **** #define GPIO_MODE_IT          0x00010000U
 147:Drivers/STM32F4xx_HAL_Driver/Src/stm32f4xx_hal_gpio.c **** #define GPIO_MODE_EVT         0x00020000U
 148:Drivers/STM32F4xx_HAL_Driver/Src/stm32f4xx_hal_gpio.c **** #define RISING_EDGE           0x00100000U
 149:Drivers/STM32F4xx_HAL_Driver/Src/stm32f4xx_hal_gpio.c **** #define FALLING_EDGE          0x00200000U
 150:Drivers/STM32F4xx_HAL_Driver/Src/stm32f4xx_hal_gpio.c **** #define GPIO_OUTPUT_TYPE      0x00000010U
 151:Drivers/STM32F4xx_HAL_Driver/Src/stm32f4xx_hal_gpio.c **** 
 152:Drivers/STM32F4xx_HAL_Driver/Src/stm32f4xx_hal_gpio.c **** #define GPIO_NUMBER           16U
 153:Drivers/STM32F4xx_HAL_Driver/Src/stm32f4xx_hal_gpio.c **** /**
 154:Drivers/STM32F4xx_HAL_Driver/Src/stm32f4xx_hal_gpio.c ****   * @}
 155:Drivers/STM32F4xx_HAL_Driver/Src/stm32f4xx_hal_gpio.c ****   */
 156:Drivers/STM32F4xx_HAL_Driver/Src/stm32f4xx_hal_gpio.c **** /* Private macro -------------------------------------------------------------*/
 157:Drivers/STM32F4xx_HAL_Driver/Src/stm32f4xx_hal_gpio.c **** /* Private variables ---------------------------------------------------------*/
 158:Drivers/STM32F4xx_HAL_Driver/Src/stm32f4xx_hal_gpio.c **** /* Private function prototypes -----------------------------------------------*/
 159:Drivers/STM32F4xx_HAL_Driver/Src/stm32f4xx_hal_gpio.c **** /* Private functions ---------------------------------------------------------*/
 160:Drivers/STM32F4xx_HAL_Driver/Src/stm32f4xx_hal_gpio.c **** /* Exported functions --------------------------------------------------------*/
 161:Drivers/STM32F4xx_HAL_Driver/Src/stm32f4xx_hal_gpio.c **** /** @defgroup GPIO_Exported_Functions GPIO Exported Functions
 162:Drivers/STM32F4xx_HAL_Driver/Src/stm32f4xx_hal_gpio.c ****   * @{
 163:Drivers/STM32F4xx_HAL_Driver/Src/stm32f4xx_hal_gpio.c ****   */
 164:Drivers/STM32F4xx_HAL_Driver/Src/stm32f4xx_hal_gpio.c **** 
 165:Drivers/STM32F4xx_HAL_Driver/Src/stm32f4xx_hal_gpio.c **** /** @defgroup GPIO_Exported_Functions_Group1 Initialization and de-initialization functions
 166:Drivers/STM32F4xx_HAL_Driver/Src/stm32f4xx_hal_gpio.c ****   *  @brief    Initialization and Configuration functions
 167:Drivers/STM32F4xx_HAL_Driver/Src/stm32f4xx_hal_gpio.c ****   *
 168:Drivers/STM32F4xx_HAL_Driver/Src/stm32f4xx_hal_gpio.c **** @verbatim    
 169:Drivers/STM32F4xx_HAL_Driver/Src/stm32f4xx_hal_gpio.c ****  ===============================================================================
 170:Drivers/STM32F4xx_HAL_Driver/Src/stm32f4xx_hal_gpio.c ****               ##### Initialization and de-initialization functions #####
 171:Drivers/STM32F4xx_HAL_Driver/Src/stm32f4xx_hal_gpio.c ****  ===============================================================================
 172:Drivers/STM32F4xx_HAL_Driver/Src/stm32f4xx_hal_gpio.c ****   [..]
 173:Drivers/STM32F4xx_HAL_Driver/Src/stm32f4xx_hal_gpio.c ****     This section provides functions allowing to initialize and de-initialize the GPIOs
 174:Drivers/STM32F4xx_HAL_Driver/Src/stm32f4xx_hal_gpio.c ****     to be ready for use.
 175:Drivers/STM32F4xx_HAL_Driver/Src/stm32f4xx_hal_gpio.c ****  
 176:Drivers/STM32F4xx_HAL_Driver/Src/stm32f4xx_hal_gpio.c **** @endverbatim
 177:Drivers/STM32F4xx_HAL_Driver/Src/stm32f4xx_hal_gpio.c ****   * @{
 178:Drivers/STM32F4xx_HAL_Driver/Src/stm32f4xx_hal_gpio.c ****   */
 179:Drivers/STM32F4xx_HAL_Driver/Src/stm32f4xx_hal_gpio.c **** 
 180:Drivers/STM32F4xx_HAL_Driver/Src/stm32f4xx_hal_gpio.c **** 
 181:Drivers/STM32F4xx_HAL_Driver/Src/stm32f4xx_hal_gpio.c **** /**
 182:Drivers/STM32F4xx_HAL_Driver/Src/stm32f4xx_hal_gpio.c ****   * @brief  Initializes the GPIOx peripheral according to the specified parameters in the GPIO_Init
 183:Drivers/STM32F4xx_HAL_Driver/Src/stm32f4xx_hal_gpio.c ****   * @param  GPIOx: where x can be (A..K) to select the GPIO peripheral for STM32F429X device or
 184:Drivers/STM32F4xx_HAL_Driver/Src/stm32f4xx_hal_gpio.c ****   *                      x can be (A..I) to select the GPIO peripheral for STM32F40XX and STM32F427
 185:Drivers/STM32F4xx_HAL_Driver/Src/stm32f4xx_hal_gpio.c ****   * @param  GPIO_Init: pointer to a GPIO_InitTypeDef structure that contains
 186:Drivers/STM32F4xx_HAL_Driver/Src/stm32f4xx_hal_gpio.c ****   *         the configuration information for the specified GPIO peripheral.
 187:Drivers/STM32F4xx_HAL_Driver/Src/stm32f4xx_hal_gpio.c ****   * @retval None
 188:Drivers/STM32F4xx_HAL_Driver/Src/stm32f4xx_hal_gpio.c ****   */
 189:Drivers/STM32F4xx_HAL_Driver/Src/stm32f4xx_hal_gpio.c **** void HAL_GPIO_Init(GPIO_TypeDef  *GPIOx, GPIO_InitTypeDef *GPIO_Init)
 190:Drivers/STM32F4xx_HAL_Driver/Src/stm32f4xx_hal_gpio.c **** {
  28              		.loc 1 190 0
  29              		.cfi_startproc
  30              		@ args = 0, pretend = 0, frame = 8
  31              		@ frame_needed = 0, uses_anonymous_args = 0
  32              	.LVL0:
  33 0000 F0B5     		push	{r4, r5, r6, r7, lr}
  34              	.LCFI0:
  35              		.cfi_def_cfa_offset 20
  36              		.cfi_offset 4, -20
  37              		.cfi_offset 5, -16
  38              		.cfi_offset 6, -12
  39              		.cfi_offset 7, -8
ARM GAS  /var/folders/qx/3thh6vs13c76w0sbjx53xp240000gn/T//ccfnbiQV.s 			page 5


  40              		.cfi_offset 14, -4
  41 0002 83B0     		sub	sp, sp, #12
  42              	.LCFI1:
  43              		.cfi_def_cfa_offset 32
  44              	.LVL1:
 191:Drivers/STM32F4xx_HAL_Driver/Src/stm32f4xx_hal_gpio.c ****   uint32_t position;
 192:Drivers/STM32F4xx_HAL_Driver/Src/stm32f4xx_hal_gpio.c ****   uint32_t ioposition = 0x00U;
 193:Drivers/STM32F4xx_HAL_Driver/Src/stm32f4xx_hal_gpio.c ****   uint32_t iocurrent = 0x00U;
 194:Drivers/STM32F4xx_HAL_Driver/Src/stm32f4xx_hal_gpio.c ****   uint32_t temp = 0x00U;
 195:Drivers/STM32F4xx_HAL_Driver/Src/stm32f4xx_hal_gpio.c **** 
 196:Drivers/STM32F4xx_HAL_Driver/Src/stm32f4xx_hal_gpio.c ****   /* Check the parameters */
 197:Drivers/STM32F4xx_HAL_Driver/Src/stm32f4xx_hal_gpio.c ****   assert_param(IS_GPIO_ALL_INSTANCE(GPIOx));
 198:Drivers/STM32F4xx_HAL_Driver/Src/stm32f4xx_hal_gpio.c ****   assert_param(IS_GPIO_PIN(GPIO_Init->Pin));
 199:Drivers/STM32F4xx_HAL_Driver/Src/stm32f4xx_hal_gpio.c ****   assert_param(IS_GPIO_MODE(GPIO_Init->Mode));
 200:Drivers/STM32F4xx_HAL_Driver/Src/stm32f4xx_hal_gpio.c ****   assert_param(IS_GPIO_PULL(GPIO_Init->Pull));
 201:Drivers/STM32F4xx_HAL_Driver/Src/stm32f4xx_hal_gpio.c **** 
 202:Drivers/STM32F4xx_HAL_Driver/Src/stm32f4xx_hal_gpio.c ****   /* Configure the port pins */
 203:Drivers/STM32F4xx_HAL_Driver/Src/stm32f4xx_hal_gpio.c ****   for(position = 0U; position < GPIO_NUMBER; position++)
  45              		.loc 1 203 0
  46 0004 0024     		movs	r4, #0
  47 0006 87E0     		b	.L2
  48              	.LVL2:
  49              	.L4:
 204:Drivers/STM32F4xx_HAL_Driver/Src/stm32f4xx_hal_gpio.c ****   {
 205:Drivers/STM32F4xx_HAL_Driver/Src/stm32f4xx_hal_gpio.c ****     /* Get the IO position */
 206:Drivers/STM32F4xx_HAL_Driver/Src/stm32f4xx_hal_gpio.c ****     ioposition = 0x01U << position;
 207:Drivers/STM32F4xx_HAL_Driver/Src/stm32f4xx_hal_gpio.c ****     /* Get the current IO position */
 208:Drivers/STM32F4xx_HAL_Driver/Src/stm32f4xx_hal_gpio.c ****     iocurrent = (uint32_t)(GPIO_Init->Pin) & ioposition;
 209:Drivers/STM32F4xx_HAL_Driver/Src/stm32f4xx_hal_gpio.c **** 
 210:Drivers/STM32F4xx_HAL_Driver/Src/stm32f4xx_hal_gpio.c ****     if(iocurrent == ioposition)
 211:Drivers/STM32F4xx_HAL_Driver/Src/stm32f4xx_hal_gpio.c ****     {
 212:Drivers/STM32F4xx_HAL_Driver/Src/stm32f4xx_hal_gpio.c ****       /*--------------------- GPIO Mode Configuration ------------------------*/
 213:Drivers/STM32F4xx_HAL_Driver/Src/stm32f4xx_hal_gpio.c ****       /* In case of Alternate function mode selection */
 214:Drivers/STM32F4xx_HAL_Driver/Src/stm32f4xx_hal_gpio.c ****       if((GPIO_Init->Mode == GPIO_MODE_AF_PP) || (GPIO_Init->Mode == GPIO_MODE_AF_OD))
 215:Drivers/STM32F4xx_HAL_Driver/Src/stm32f4xx_hal_gpio.c ****       {
 216:Drivers/STM32F4xx_HAL_Driver/Src/stm32f4xx_hal_gpio.c ****         /* Check the Alternate function parameter */
 217:Drivers/STM32F4xx_HAL_Driver/Src/stm32f4xx_hal_gpio.c ****         assert_param(IS_GPIO_AF(GPIO_Init->Alternate));
 218:Drivers/STM32F4xx_HAL_Driver/Src/stm32f4xx_hal_gpio.c ****         /* Configure Alternate function mapped with the current IO */
 219:Drivers/STM32F4xx_HAL_Driver/Src/stm32f4xx_hal_gpio.c ****         temp = GPIOx->AFR[position >> 3U];
  50              		.loc 1 219 0
  51 0008 E608     		lsrs	r6, r4, #3
  52 000a 0836     		adds	r6, r6, #8
  53 000c 50F82620 		ldr	r2, [r0, r6, lsl #2]
  54              	.LVL3:
 220:Drivers/STM32F4xx_HAL_Driver/Src/stm32f4xx_hal_gpio.c ****         temp &= ~(0xFU << ((uint32_t)(position & 0x07U) * 4U)) ;
  55              		.loc 1 220 0
  56 0010 04F0070E 		and	lr, r4, #7
  57 0014 4FEA8E0E 		lsl	lr, lr, #2
  58 0018 0F27     		movs	r7, #15
  59 001a 07FA0EF7 		lsl	r7, r7, lr
  60 001e 22EA0702 		bic	r2, r2, r7
  61              	.LVL4:
 221:Drivers/STM32F4xx_HAL_Driver/Src/stm32f4xx_hal_gpio.c ****         temp |= ((uint32_t)(GPIO_Init->Alternate) << (((uint32_t)position & 0x07U) * 4U));
  62              		.loc 1 221 0
  63 0022 0F69     		ldr	r7, [r1, #16]
  64 0024 07FA0EF7 		lsl	r7, r7, lr
  65 0028 3A43     		orrs	r2, r2, r7
ARM GAS  /var/folders/qx/3thh6vs13c76w0sbjx53xp240000gn/T//ccfnbiQV.s 			page 6


  66              	.LVL5:
 222:Drivers/STM32F4xx_HAL_Driver/Src/stm32f4xx_hal_gpio.c ****         GPIOx->AFR[position >> 3U] = temp;
  67              		.loc 1 222 0
  68 002a 40F82620 		str	r2, [r0, r6, lsl #2]
  69 002e 83E0     		b	.L5
  70              	.LVL6:
  71              	.L6:
 223:Drivers/STM32F4xx_HAL_Driver/Src/stm32f4xx_hal_gpio.c ****       }
 224:Drivers/STM32F4xx_HAL_Driver/Src/stm32f4xx_hal_gpio.c **** 
 225:Drivers/STM32F4xx_HAL_Driver/Src/stm32f4xx_hal_gpio.c ****       /* Configure IO Direction mode (Input, Output, Alternate or Analog) */
 226:Drivers/STM32F4xx_HAL_Driver/Src/stm32f4xx_hal_gpio.c ****       temp = GPIOx->MODER;
 227:Drivers/STM32F4xx_HAL_Driver/Src/stm32f4xx_hal_gpio.c ****       temp &= ~(GPIO_MODER_MODER0 << (position * 2U));
 228:Drivers/STM32F4xx_HAL_Driver/Src/stm32f4xx_hal_gpio.c ****       temp |= ((GPIO_Init->Mode & GPIO_MODE) << (position * 2U));
 229:Drivers/STM32F4xx_HAL_Driver/Src/stm32f4xx_hal_gpio.c ****       GPIOx->MODER = temp;
 230:Drivers/STM32F4xx_HAL_Driver/Src/stm32f4xx_hal_gpio.c **** 
 231:Drivers/STM32F4xx_HAL_Driver/Src/stm32f4xx_hal_gpio.c ****       /* In case of Output or Alternate function mode selection */
 232:Drivers/STM32F4xx_HAL_Driver/Src/stm32f4xx_hal_gpio.c ****       if((GPIO_Init->Mode == GPIO_MODE_OUTPUT_PP) || (GPIO_Init->Mode == GPIO_MODE_AF_PP) ||
 233:Drivers/STM32F4xx_HAL_Driver/Src/stm32f4xx_hal_gpio.c ****          (GPIO_Init->Mode == GPIO_MODE_OUTPUT_OD) || (GPIO_Init->Mode == GPIO_MODE_AF_OD))
 234:Drivers/STM32F4xx_HAL_Driver/Src/stm32f4xx_hal_gpio.c ****       {
 235:Drivers/STM32F4xx_HAL_Driver/Src/stm32f4xx_hal_gpio.c ****         /* Check the Speed parameter */
 236:Drivers/STM32F4xx_HAL_Driver/Src/stm32f4xx_hal_gpio.c ****         assert_param(IS_GPIO_SPEED(GPIO_Init->Speed));
 237:Drivers/STM32F4xx_HAL_Driver/Src/stm32f4xx_hal_gpio.c ****         /* Configure the IO Speed */
 238:Drivers/STM32F4xx_HAL_Driver/Src/stm32f4xx_hal_gpio.c ****         temp = GPIOx->OSPEEDR; 
  72              		.loc 1 238 0
  73 0030 8668     		ldr	r6, [r0, #8]
  74              	.LVL7:
 239:Drivers/STM32F4xx_HAL_Driver/Src/stm32f4xx_hal_gpio.c ****         temp &= ~(GPIO_OSPEEDER_OSPEEDR0 << (position * 2U));
  75              		.loc 1 239 0
  76 0032 1640     		ands	r6, r6, r2
  77              	.LVL8:
 240:Drivers/STM32F4xx_HAL_Driver/Src/stm32f4xx_hal_gpio.c ****         temp |= (GPIO_Init->Speed << (position * 2U));
  78              		.loc 1 240 0
  79 0034 CF68     		ldr	r7, [r1, #12]
  80 0036 07FA0EF7 		lsl	r7, r7, lr
  81 003a 3E43     		orrs	r6, r6, r7
  82              	.LVL9:
 241:Drivers/STM32F4xx_HAL_Driver/Src/stm32f4xx_hal_gpio.c ****         GPIOx->OSPEEDR = temp;
  83              		.loc 1 241 0
  84 003c 8660     		str	r6, [r0, #8]
 242:Drivers/STM32F4xx_HAL_Driver/Src/stm32f4xx_hal_gpio.c **** 
 243:Drivers/STM32F4xx_HAL_Driver/Src/stm32f4xx_hal_gpio.c ****         /* Configure the IO Output Type */
 244:Drivers/STM32F4xx_HAL_Driver/Src/stm32f4xx_hal_gpio.c ****         temp = GPIOx->OTYPER;
  85              		.loc 1 244 0
  86 003e 4668     		ldr	r6, [r0, #4]
  87              	.LVL10:
 245:Drivers/STM32F4xx_HAL_Driver/Src/stm32f4xx_hal_gpio.c ****         temp &= ~(GPIO_OTYPER_OT_0 << position) ;
  88              		.loc 1 245 0
  89 0040 26EA0303 		bic	r3, r6, r3
  90              	.LVL11:
 246:Drivers/STM32F4xx_HAL_Driver/Src/stm32f4xx_hal_gpio.c ****         temp |= (((GPIO_Init->Mode & GPIO_OUTPUT_TYPE) >> 4U) << position);
  91              		.loc 1 246 0
  92 0044 4E68     		ldr	r6, [r1, #4]
  93 0046 C6F30016 		ubfx	r6, r6, #4, #1
  94 004a A640     		lsls	r6, r6, r4
  95 004c 3343     		orrs	r3, r3, r6
  96              	.LVL12:
 247:Drivers/STM32F4xx_HAL_Driver/Src/stm32f4xx_hal_gpio.c ****         GPIOx->OTYPER = temp;
ARM GAS  /var/folders/qx/3thh6vs13c76w0sbjx53xp240000gn/T//ccfnbiQV.s 			page 7


  97              		.loc 1 247 0
  98 004e 4360     		str	r3, [r0, #4]
  99              	.LVL13:
 100              	.L7:
 248:Drivers/STM32F4xx_HAL_Driver/Src/stm32f4xx_hal_gpio.c ****       }
 249:Drivers/STM32F4xx_HAL_Driver/Src/stm32f4xx_hal_gpio.c **** 
 250:Drivers/STM32F4xx_HAL_Driver/Src/stm32f4xx_hal_gpio.c ****       /* Activate the Pull-up or Pull down resistor for the current IO */
 251:Drivers/STM32F4xx_HAL_Driver/Src/stm32f4xx_hal_gpio.c ****       temp = GPIOx->PUPDR;
 101              		.loc 1 251 0
 102 0050 C368     		ldr	r3, [r0, #12]
 103              	.LVL14:
 252:Drivers/STM32F4xx_HAL_Driver/Src/stm32f4xx_hal_gpio.c ****       temp &= ~(GPIO_PUPDR_PUPDR0 << (position * 2U));
 104              		.loc 1 252 0
 105 0052 1A40     		ands	r2, r2, r3
 106              	.LVL15:
 253:Drivers/STM32F4xx_HAL_Driver/Src/stm32f4xx_hal_gpio.c ****       temp |= ((GPIO_Init->Pull) << (position * 2U));
 107              		.loc 1 253 0
 108 0054 8B68     		ldr	r3, [r1, #8]
 109 0056 03FA0EF3 		lsl	r3, r3, lr
 110 005a 1A43     		orrs	r2, r2, r3
 111              	.LVL16:
 254:Drivers/STM32F4xx_HAL_Driver/Src/stm32f4xx_hal_gpio.c ****       GPIOx->PUPDR = temp;
 112              		.loc 1 254 0
 113 005c C260     		str	r2, [r0, #12]
 255:Drivers/STM32F4xx_HAL_Driver/Src/stm32f4xx_hal_gpio.c **** 
 256:Drivers/STM32F4xx_HAL_Driver/Src/stm32f4xx_hal_gpio.c ****       /*--------------------- EXTI Mode Configuration ------------------------*/
 257:Drivers/STM32F4xx_HAL_Driver/Src/stm32f4xx_hal_gpio.c ****       /* Configure the External Interrupt or event for the current IO */
 258:Drivers/STM32F4xx_HAL_Driver/Src/stm32f4xx_hal_gpio.c ****       if((GPIO_Init->Mode & EXTI_MODE) == EXTI_MODE)
 114              		.loc 1 258 0
 115 005e 4B68     		ldr	r3, [r1, #4]
 116 0060 13F0805F 		tst	r3, #268435456
 117 0064 57D0     		beq	.L3
 118              	.LBB2:
 259:Drivers/STM32F4xx_HAL_Driver/Src/stm32f4xx_hal_gpio.c ****       {
 260:Drivers/STM32F4xx_HAL_Driver/Src/stm32f4xx_hal_gpio.c ****         /* Enable SYSCFG Clock */
 261:Drivers/STM32F4xx_HAL_Driver/Src/stm32f4xx_hal_gpio.c ****         __HAL_RCC_SYSCFG_CLK_ENABLE();
 119              		.loc 1 261 0
 120 0066 0023     		movs	r3, #0
 121 0068 0193     		str	r3, [sp, #4]
 122 006a 454B     		ldr	r3, .L20
 123 006c 5A6C     		ldr	r2, [r3, #68]
 124              	.LVL17:
 125 006e 42F48042 		orr	r2, r2, #16384
 126 0072 5A64     		str	r2, [r3, #68]
 127 0074 5B6C     		ldr	r3, [r3, #68]
 128 0076 03F48043 		and	r3, r3, #16384
 129 007a 0193     		str	r3, [sp, #4]
 130 007c 019B     		ldr	r3, [sp, #4]
 131              	.LBE2:
 262:Drivers/STM32F4xx_HAL_Driver/Src/stm32f4xx_hal_gpio.c **** 
 263:Drivers/STM32F4xx_HAL_Driver/Src/stm32f4xx_hal_gpio.c ****         temp = SYSCFG->EXTICR[position >> 2U];
 132              		.loc 1 263 0
 133 007e A208     		lsrs	r2, r4, #2
 134 0080 961C     		adds	r6, r2, #2
 135 0082 404B     		ldr	r3, .L20+4
 136 0084 53F82630 		ldr	r3, [r3, r6, lsl #2]
 137              	.LVL18:
ARM GAS  /var/folders/qx/3thh6vs13c76w0sbjx53xp240000gn/T//ccfnbiQV.s 			page 8


 264:Drivers/STM32F4xx_HAL_Driver/Src/stm32f4xx_hal_gpio.c ****         temp &= ~(0x0FU << (4U * (position & 0x03U)));
 138              		.loc 1 264 0
 139 0088 04F00306 		and	r6, r4, #3
 140 008c B600     		lsls	r6, r6, #2
 141 008e 0F27     		movs	r7, #15
 142 0090 B740     		lsls	r7, r7, r6
 143 0092 23EA0703 		bic	r3, r3, r7
 144              	.LVL19:
 265:Drivers/STM32F4xx_HAL_Driver/Src/stm32f4xx_hal_gpio.c ****         temp |= ((uint32_t)(GPIO_GET_INDEX(GPIOx)) << (4U * (position & 0x03U)));
 145              		.loc 1 265 0
 146 0096 3C4F     		ldr	r7, .L20+8
 147 0098 B842     		cmp	r0, r7
 148 009a 6AD0     		beq	.L14
 149              		.loc 1 265 0 is_stmt 0 discriminator 1
 150 009c 07F58067 		add	r7, r7, #1024
 151 00a0 B842     		cmp	r0, r7
 152 00a2 68D0     		beq	.L15
 153              		.loc 1 265 0 discriminator 3
 154 00a4 07F58067 		add	r7, r7, #1024
 155 00a8 B842     		cmp	r0, r7
 156 00aa 60D0     		beq	.L18
 157              		.loc 1 265 0
 158 00ac 0727     		movs	r7, #7
 159              	.L8:
 160              		.loc 1 265 0 discriminator 12
 161 00ae 07FA06F6 		lsl	r6, r7, r6
 162 00b2 3343     		orrs	r3, r3, r6
 163              	.LVL20:
 266:Drivers/STM32F4xx_HAL_Driver/Src/stm32f4xx_hal_gpio.c ****         SYSCFG->EXTICR[position >> 2U] = temp;
 164              		.loc 1 266 0 is_stmt 1 discriminator 12
 165 00b4 0232     		adds	r2, r2, #2
 166 00b6 334E     		ldr	r6, .L20+4
 167 00b8 46F82230 		str	r3, [r6, r2, lsl #2]
 267:Drivers/STM32F4xx_HAL_Driver/Src/stm32f4xx_hal_gpio.c **** 
 268:Drivers/STM32F4xx_HAL_Driver/Src/stm32f4xx_hal_gpio.c ****         /* Clear EXTI line configuration */
 269:Drivers/STM32F4xx_HAL_Driver/Src/stm32f4xx_hal_gpio.c ****         temp = EXTI->IMR;
 168              		.loc 1 269 0 discriminator 12
 169 00bc 334B     		ldr	r3, .L20+12
 170              	.LVL21:
 171 00be 1A68     		ldr	r2, [r3]
 172              	.LVL22:
 270:Drivers/STM32F4xx_HAL_Driver/Src/stm32f4xx_hal_gpio.c ****         temp &= ~((uint32_t)iocurrent);
 173              		.loc 1 270 0 discriminator 12
 174 00c0 EB43     		mvns	r3, r5
 175 00c2 02EA0306 		and	r6, r2, r3
 176              	.LVL23:
 271:Drivers/STM32F4xx_HAL_Driver/Src/stm32f4xx_hal_gpio.c ****         if((GPIO_Init->Mode & GPIO_MODE_IT) == GPIO_MODE_IT)
 177              		.loc 1 271 0 discriminator 12
 178 00c6 4F68     		ldr	r7, [r1, #4]
 179 00c8 17F4803F 		tst	r7, #65536
 180 00cc 01D0     		beq	.L9
 272:Drivers/STM32F4xx_HAL_Driver/Src/stm32f4xx_hal_gpio.c ****         {
 273:Drivers/STM32F4xx_HAL_Driver/Src/stm32f4xx_hal_gpio.c ****           temp |= iocurrent;
 181              		.loc 1 273 0
 182 00ce 45EA0206 		orr	r6, r5, r2
 183              	.LVL24:
 184              	.L9:
ARM GAS  /var/folders/qx/3thh6vs13c76w0sbjx53xp240000gn/T//ccfnbiQV.s 			page 9


 274:Drivers/STM32F4xx_HAL_Driver/Src/stm32f4xx_hal_gpio.c ****         }
 275:Drivers/STM32F4xx_HAL_Driver/Src/stm32f4xx_hal_gpio.c ****         EXTI->IMR = temp;
 185              		.loc 1 275 0
 186 00d2 2E4A     		ldr	r2, .L20+12
 187 00d4 1660     		str	r6, [r2]
 276:Drivers/STM32F4xx_HAL_Driver/Src/stm32f4xx_hal_gpio.c **** 
 277:Drivers/STM32F4xx_HAL_Driver/Src/stm32f4xx_hal_gpio.c ****         temp = EXTI->EMR;
 188              		.loc 1 277 0
 189 00d6 5268     		ldr	r2, [r2, #4]
 190              	.LVL25:
 278:Drivers/STM32F4xx_HAL_Driver/Src/stm32f4xx_hal_gpio.c ****         temp &= ~((uint32_t)iocurrent);
 191              		.loc 1 278 0
 192 00d8 03EA0206 		and	r6, r3, r2
 193              	.LVL26:
 279:Drivers/STM32F4xx_HAL_Driver/Src/stm32f4xx_hal_gpio.c ****         if((GPIO_Init->Mode & GPIO_MODE_EVT) == GPIO_MODE_EVT)
 194              		.loc 1 279 0
 195 00dc 4F68     		ldr	r7, [r1, #4]
 196 00de 17F4003F 		tst	r7, #131072
 197 00e2 01D0     		beq	.L10
 280:Drivers/STM32F4xx_HAL_Driver/Src/stm32f4xx_hal_gpio.c ****         {
 281:Drivers/STM32F4xx_HAL_Driver/Src/stm32f4xx_hal_gpio.c ****           temp |= iocurrent;
 198              		.loc 1 281 0
 199 00e4 45EA0206 		orr	r6, r5, r2
 200              	.LVL27:
 201              	.L10:
 282:Drivers/STM32F4xx_HAL_Driver/Src/stm32f4xx_hal_gpio.c ****         }
 283:Drivers/STM32F4xx_HAL_Driver/Src/stm32f4xx_hal_gpio.c ****         EXTI->EMR = temp;
 202              		.loc 1 283 0
 203 00e8 284A     		ldr	r2, .L20+12
 204 00ea 5660     		str	r6, [r2, #4]
 284:Drivers/STM32F4xx_HAL_Driver/Src/stm32f4xx_hal_gpio.c **** 
 285:Drivers/STM32F4xx_HAL_Driver/Src/stm32f4xx_hal_gpio.c ****         /* Clear Rising Falling edge configuration */
 286:Drivers/STM32F4xx_HAL_Driver/Src/stm32f4xx_hal_gpio.c ****         temp = EXTI->RTSR;
 205              		.loc 1 286 0
 206 00ec 9268     		ldr	r2, [r2, #8]
 207              	.LVL28:
 287:Drivers/STM32F4xx_HAL_Driver/Src/stm32f4xx_hal_gpio.c ****         temp &= ~((uint32_t)iocurrent);
 208              		.loc 1 287 0
 209 00ee 03EA0206 		and	r6, r3, r2
 210              	.LVL29:
 288:Drivers/STM32F4xx_HAL_Driver/Src/stm32f4xx_hal_gpio.c ****         if((GPIO_Init->Mode & RISING_EDGE) == RISING_EDGE)
 211              		.loc 1 288 0
 212 00f2 4F68     		ldr	r7, [r1, #4]
 213 00f4 17F4801F 		tst	r7, #1048576
 214 00f8 01D0     		beq	.L11
 289:Drivers/STM32F4xx_HAL_Driver/Src/stm32f4xx_hal_gpio.c ****         {
 290:Drivers/STM32F4xx_HAL_Driver/Src/stm32f4xx_hal_gpio.c ****           temp |= iocurrent;
 215              		.loc 1 290 0
 216 00fa 45EA0206 		orr	r6, r5, r2
 217              	.LVL30:
 218              	.L11:
 291:Drivers/STM32F4xx_HAL_Driver/Src/stm32f4xx_hal_gpio.c ****         }
 292:Drivers/STM32F4xx_HAL_Driver/Src/stm32f4xx_hal_gpio.c ****         EXTI->RTSR = temp;
 219              		.loc 1 292 0
 220 00fe 234A     		ldr	r2, .L20+12
 221 0100 9660     		str	r6, [r2, #8]
 293:Drivers/STM32F4xx_HAL_Driver/Src/stm32f4xx_hal_gpio.c **** 
ARM GAS  /var/folders/qx/3thh6vs13c76w0sbjx53xp240000gn/T//ccfnbiQV.s 			page 10


 294:Drivers/STM32F4xx_HAL_Driver/Src/stm32f4xx_hal_gpio.c ****         temp = EXTI->FTSR;
 222              		.loc 1 294 0
 223 0102 D268     		ldr	r2, [r2, #12]
 224              	.LVL31:
 295:Drivers/STM32F4xx_HAL_Driver/Src/stm32f4xx_hal_gpio.c ****         temp &= ~((uint32_t)iocurrent);
 225              		.loc 1 295 0
 226 0104 1340     		ands	r3, r3, r2
 227              	.LVL32:
 296:Drivers/STM32F4xx_HAL_Driver/Src/stm32f4xx_hal_gpio.c ****         if((GPIO_Init->Mode & FALLING_EDGE) == FALLING_EDGE)
 228              		.loc 1 296 0
 229 0106 4E68     		ldr	r6, [r1, #4]
 230 0108 16F4001F 		tst	r6, #2097152
 231 010c 01D0     		beq	.L12
 297:Drivers/STM32F4xx_HAL_Driver/Src/stm32f4xx_hal_gpio.c ****         {
 298:Drivers/STM32F4xx_HAL_Driver/Src/stm32f4xx_hal_gpio.c ****           temp |= iocurrent;
 232              		.loc 1 298 0
 233 010e 45EA0203 		orr	r3, r5, r2
 234              	.LVL33:
 235              	.L12:
 299:Drivers/STM32F4xx_HAL_Driver/Src/stm32f4xx_hal_gpio.c ****         }
 300:Drivers/STM32F4xx_HAL_Driver/Src/stm32f4xx_hal_gpio.c ****         EXTI->FTSR = temp;
 236              		.loc 1 300 0
 237 0112 1E4A     		ldr	r2, .L20+12
 238 0114 D360     		str	r3, [r2, #12]
 239              	.LVL34:
 240              	.L3:
 203:Drivers/STM32F4xx_HAL_Driver/Src/stm32f4xx_hal_gpio.c ****   {
 241              		.loc 1 203 0 discriminator 2
 242 0116 0134     		adds	r4, r4, #1
 243              	.LVL35:
 244              	.L2:
 203:Drivers/STM32F4xx_HAL_Driver/Src/stm32f4xx_hal_gpio.c ****   {
 245              		.loc 1 203 0 is_stmt 0 discriminator 1
 246 0118 0F2C     		cmp	r4, #15
 247 011a 2ED8     		bhi	.L19
 206:Drivers/STM32F4xx_HAL_Driver/Src/stm32f4xx_hal_gpio.c ****     /* Get the current IO position */
 248              		.loc 1 206 0 is_stmt 1
 249 011c 0123     		movs	r3, #1
 250 011e A340     		lsls	r3, r3, r4
 251              	.LVL36:
 208:Drivers/STM32F4xx_HAL_Driver/Src/stm32f4xx_hal_gpio.c **** 
 252              		.loc 1 208 0
 253 0120 0A68     		ldr	r2, [r1]
 254 0122 03EA0205 		and	r5, r3, r2
 255              	.LVL37:
 210:Drivers/STM32F4xx_HAL_Driver/Src/stm32f4xx_hal_gpio.c ****     {
 256              		.loc 1 210 0
 257 0126 AB42     		cmp	r3, r5
 258 0128 F5D1     		bne	.L3
 214:Drivers/STM32F4xx_HAL_Driver/Src/stm32f4xx_hal_gpio.c ****       {
 259              		.loc 1 214 0
 260 012a 4A68     		ldr	r2, [r1, #4]
 261 012c 022A     		cmp	r2, #2
 262 012e 3FF46BAF 		beq	.L4
 214:Drivers/STM32F4xx_HAL_Driver/Src/stm32f4xx_hal_gpio.c ****       {
 263              		.loc 1 214 0 is_stmt 0 discriminator 1
 264 0132 122A     		cmp	r2, #18
ARM GAS  /var/folders/qx/3thh6vs13c76w0sbjx53xp240000gn/T//ccfnbiQV.s 			page 11


 265 0134 3FF468AF 		beq	.L4
 266              	.L5:
 226:Drivers/STM32F4xx_HAL_Driver/Src/stm32f4xx_hal_gpio.c ****       temp &= ~(GPIO_MODER_MODER0 << (position * 2U));
 267              		.loc 1 226 0 is_stmt 1
 268 0138 0668     		ldr	r6, [r0]
 269              	.LVL38:
 227:Drivers/STM32F4xx_HAL_Driver/Src/stm32f4xx_hal_gpio.c ****       temp |= ((GPIO_Init->Mode & GPIO_MODE) << (position * 2U));
 270              		.loc 1 227 0
 271 013a 4FEA440E 		lsl	lr, r4, #1
 272 013e 0322     		movs	r2, #3
 273 0140 02FA0EF2 		lsl	r2, r2, lr
 274 0144 D243     		mvns	r2, r2
 275 0146 1640     		ands	r6, r6, r2
 276              	.LVL39:
 228:Drivers/STM32F4xx_HAL_Driver/Src/stm32f4xx_hal_gpio.c ****       GPIOx->MODER = temp;
 277              		.loc 1 228 0
 278 0148 4F68     		ldr	r7, [r1, #4]
 279 014a 07F00307 		and	r7, r7, #3
 280 014e 07FA0EF7 		lsl	r7, r7, lr
 281 0152 3E43     		orrs	r6, r6, r7
 282              	.LVL40:
 229:Drivers/STM32F4xx_HAL_Driver/Src/stm32f4xx_hal_gpio.c **** 
 283              		.loc 1 229 0
 284 0154 0660     		str	r6, [r0]
 232:Drivers/STM32F4xx_HAL_Driver/Src/stm32f4xx_hal_gpio.c ****          (GPIO_Init->Mode == GPIO_MODE_OUTPUT_OD) || (GPIO_Init->Mode == GPIO_MODE_AF_OD))
 285              		.loc 1 232 0
 286 0156 4E68     		ldr	r6, [r1, #4]
 287              	.LVL41:
 288 0158 771E     		subs	r7, r6, #1
 289 015a 012F     		cmp	r7, #1
 290 015c 7FF668AF 		bls	.L6
 232:Drivers/STM32F4xx_HAL_Driver/Src/stm32f4xx_hal_gpio.c ****          (GPIO_Init->Mode == GPIO_MODE_OUTPUT_OD) || (GPIO_Init->Mode == GPIO_MODE_AF_OD))
 291              		.loc 1 232 0 is_stmt 0 discriminator 1
 292 0160 112E     		cmp	r6, #17
 293 0162 3FF465AF 		beq	.L6
 233:Drivers/STM32F4xx_HAL_Driver/Src/stm32f4xx_hal_gpio.c ****       {
 294              		.loc 1 233 0 is_stmt 1
 295 0166 122E     		cmp	r6, #18
 296 0168 7FF472AF 		bne	.L7
 297 016c 60E7     		b	.L6
 298              	.LVL42:
 299              	.L18:
 265:Drivers/STM32F4xx_HAL_Driver/Src/stm32f4xx_hal_gpio.c ****         SYSCFG->EXTICR[position >> 2U] = temp;
 300              		.loc 1 265 0
 301 016e 0227     		movs	r7, #2
 302 0170 9DE7     		b	.L8
 303              	.L14:
 304 0172 0027     		movs	r7, #0
 305 0174 9BE7     		b	.L8
 306              	.L15:
 307 0176 0127     		movs	r7, #1
 308              	.LVL43:
 309 0178 99E7     		b	.L8
 310              	.LVL44:
 311              	.L19:
 301:Drivers/STM32F4xx_HAL_Driver/Src/stm32f4xx_hal_gpio.c ****       }
 302:Drivers/STM32F4xx_HAL_Driver/Src/stm32f4xx_hal_gpio.c ****     }
ARM GAS  /var/folders/qx/3thh6vs13c76w0sbjx53xp240000gn/T//ccfnbiQV.s 			page 12


 303:Drivers/STM32F4xx_HAL_Driver/Src/stm32f4xx_hal_gpio.c ****   }
 304:Drivers/STM32F4xx_HAL_Driver/Src/stm32f4xx_hal_gpio.c **** }
 312              		.loc 1 304 0
 313 017a 03B0     		add	sp, sp, #12
 314              	.LCFI2:
 315              		.cfi_def_cfa_offset 20
 316              		@ sp needed
 317 017c F0BD     		pop	{r4, r5, r6, r7, pc}
 318              	.LVL45:
 319              	.L21:
 320 017e 00BF     		.align	2
 321              	.L20:
 322 0180 00380240 		.word	1073887232
 323 0184 00380140 		.word	1073821696
 324 0188 00000240 		.word	1073872896
 325 018c 003C0140 		.word	1073822720
 326              		.cfi_endproc
 327              	.LFE124:
 329              		.section	.text.HAL_GPIO_DeInit,"ax",%progbits
 330              		.align	1
 331              		.global	HAL_GPIO_DeInit
 332              		.syntax unified
 333              		.thumb
 334              		.thumb_func
 335              		.fpu fpv4-sp-d16
 337              	HAL_GPIO_DeInit:
 338              	.LFB125:
 305:Drivers/STM32F4xx_HAL_Driver/Src/stm32f4xx_hal_gpio.c **** 
 306:Drivers/STM32F4xx_HAL_Driver/Src/stm32f4xx_hal_gpio.c **** /**
 307:Drivers/STM32F4xx_HAL_Driver/Src/stm32f4xx_hal_gpio.c ****   * @brief  De-initializes the GPIOx peripheral registers to their default reset values.
 308:Drivers/STM32F4xx_HAL_Driver/Src/stm32f4xx_hal_gpio.c ****   * @param  GPIOx: where x can be (A..K) to select the GPIO peripheral for STM32F429X device or
 309:Drivers/STM32F4xx_HAL_Driver/Src/stm32f4xx_hal_gpio.c ****   *                      x can be (A..I) to select the GPIO peripheral for STM32F40XX and STM32F427
 310:Drivers/STM32F4xx_HAL_Driver/Src/stm32f4xx_hal_gpio.c ****   * @param  GPIO_Pin: specifies the port bit to be written.
 311:Drivers/STM32F4xx_HAL_Driver/Src/stm32f4xx_hal_gpio.c ****   *          This parameter can be one of GPIO_PIN_x where x can be (0..15).
 312:Drivers/STM32F4xx_HAL_Driver/Src/stm32f4xx_hal_gpio.c ****   * @retval None
 313:Drivers/STM32F4xx_HAL_Driver/Src/stm32f4xx_hal_gpio.c ****   */
 314:Drivers/STM32F4xx_HAL_Driver/Src/stm32f4xx_hal_gpio.c **** void HAL_GPIO_DeInit(GPIO_TypeDef  *GPIOx, uint32_t GPIO_Pin)
 315:Drivers/STM32F4xx_HAL_Driver/Src/stm32f4xx_hal_gpio.c **** {
 339              		.loc 1 315 0
 340              		.cfi_startproc
 341              		@ args = 0, pretend = 0, frame = 0
 342              		@ frame_needed = 0, uses_anonymous_args = 0
 343              	.LVL46:
 316:Drivers/STM32F4xx_HAL_Driver/Src/stm32f4xx_hal_gpio.c ****   uint32_t position;
 317:Drivers/STM32F4xx_HAL_Driver/Src/stm32f4xx_hal_gpio.c ****   uint32_t ioposition = 0x00U;
 318:Drivers/STM32F4xx_HAL_Driver/Src/stm32f4xx_hal_gpio.c ****   uint32_t iocurrent = 0x00U;
 319:Drivers/STM32F4xx_HAL_Driver/Src/stm32f4xx_hal_gpio.c ****   uint32_t tmp = 0x00U;
 320:Drivers/STM32F4xx_HAL_Driver/Src/stm32f4xx_hal_gpio.c **** 
 321:Drivers/STM32F4xx_HAL_Driver/Src/stm32f4xx_hal_gpio.c ****   /* Check the parameters */
 322:Drivers/STM32F4xx_HAL_Driver/Src/stm32f4xx_hal_gpio.c ****   assert_param(IS_GPIO_ALL_INSTANCE(GPIOx));
 323:Drivers/STM32F4xx_HAL_Driver/Src/stm32f4xx_hal_gpio.c ****   
 324:Drivers/STM32F4xx_HAL_Driver/Src/stm32f4xx_hal_gpio.c ****   /* Configure the port pins */
 325:Drivers/STM32F4xx_HAL_Driver/Src/stm32f4xx_hal_gpio.c ****   for(position = 0U; position < GPIO_NUMBER; position++)
 344              		.loc 1 325 0
 345 0000 0023     		movs	r3, #0
 346              	.LVL47:
 347 0002 0F2B     		cmp	r3, #15
ARM GAS  /var/folders/qx/3thh6vs13c76w0sbjx53xp240000gn/T//ccfnbiQV.s 			page 13


 348 0004 67D8     		bhi	.L33
 315:Drivers/STM32F4xx_HAL_Driver/Src/stm32f4xx_hal_gpio.c ****   uint32_t position;
 349              		.loc 1 315 0
 350 0006 F0B5     		push	{r4, r5, r6, r7, lr}
 351              	.LCFI3:
 352              		.cfi_def_cfa_offset 20
 353              		.cfi_offset 4, -20
 354              		.cfi_offset 5, -16
 355              		.cfi_offset 6, -12
 356              		.cfi_offset 7, -8
 357              		.cfi_offset 14, -4
 358 0008 09E0     		b	.L26
 359              	.LVL48:
 360              	.L36:
 326:Drivers/STM32F4xx_HAL_Driver/Src/stm32f4xx_hal_gpio.c ****   {
 327:Drivers/STM32F4xx_HAL_Driver/Src/stm32f4xx_hal_gpio.c ****     /* Get the IO position */
 328:Drivers/STM32F4xx_HAL_Driver/Src/stm32f4xx_hal_gpio.c ****     ioposition = 0x01U << position;
 329:Drivers/STM32F4xx_HAL_Driver/Src/stm32f4xx_hal_gpio.c ****     /* Get the current IO position */
 330:Drivers/STM32F4xx_HAL_Driver/Src/stm32f4xx_hal_gpio.c ****     iocurrent = (GPIO_Pin) & ioposition;
 331:Drivers/STM32F4xx_HAL_Driver/Src/stm32f4xx_hal_gpio.c **** 
 332:Drivers/STM32F4xx_HAL_Driver/Src/stm32f4xx_hal_gpio.c ****     if(iocurrent == ioposition)
 333:Drivers/STM32F4xx_HAL_Driver/Src/stm32f4xx_hal_gpio.c ****     {
 334:Drivers/STM32F4xx_HAL_Driver/Src/stm32f4xx_hal_gpio.c ****       /*------------------------- GPIO Mode Configuration --------------------*/
 335:Drivers/STM32F4xx_HAL_Driver/Src/stm32f4xx_hal_gpio.c ****       /* Configure IO Direction in Input Floating Mode */
 336:Drivers/STM32F4xx_HAL_Driver/Src/stm32f4xx_hal_gpio.c ****       GPIOx->MODER &= ~(GPIO_MODER_MODER0 << (position * 2U));
 337:Drivers/STM32F4xx_HAL_Driver/Src/stm32f4xx_hal_gpio.c **** 
 338:Drivers/STM32F4xx_HAL_Driver/Src/stm32f4xx_hal_gpio.c ****       /* Configure the default Alternate Function in current IO */
 339:Drivers/STM32F4xx_HAL_Driver/Src/stm32f4xx_hal_gpio.c ****       GPIOx->AFR[position >> 3U] &= ~(0xFU << ((uint32_t)(position & 0x07U) * 4U)) ;
 340:Drivers/STM32F4xx_HAL_Driver/Src/stm32f4xx_hal_gpio.c **** 
 341:Drivers/STM32F4xx_HAL_Driver/Src/stm32f4xx_hal_gpio.c ****       /* Configure the default value for IO Speed */
 342:Drivers/STM32F4xx_HAL_Driver/Src/stm32f4xx_hal_gpio.c ****       GPIOx->OSPEEDR &= ~(GPIO_OSPEEDER_OSPEEDR0 << (position * 2U));
 343:Drivers/STM32F4xx_HAL_Driver/Src/stm32f4xx_hal_gpio.c **** 
 344:Drivers/STM32F4xx_HAL_Driver/Src/stm32f4xx_hal_gpio.c ****       /* Configure the default value IO Output Type */
 345:Drivers/STM32F4xx_HAL_Driver/Src/stm32f4xx_hal_gpio.c ****       GPIOx->OTYPER  &= ~(GPIO_OTYPER_OT_0 << position) ;
 346:Drivers/STM32F4xx_HAL_Driver/Src/stm32f4xx_hal_gpio.c **** 
 347:Drivers/STM32F4xx_HAL_Driver/Src/stm32f4xx_hal_gpio.c ****       /* Deactivate the Pull-up and Pull-down resistor for the current IO */
 348:Drivers/STM32F4xx_HAL_Driver/Src/stm32f4xx_hal_gpio.c ****       GPIOx->PUPDR &= ~(GPIO_PUPDR_PUPDR0 << (position * 2U));
 349:Drivers/STM32F4xx_HAL_Driver/Src/stm32f4xx_hal_gpio.c **** 
 350:Drivers/STM32F4xx_HAL_Driver/Src/stm32f4xx_hal_gpio.c ****       /*------------------------- EXTI Mode Configuration --------------------*/
 351:Drivers/STM32F4xx_HAL_Driver/Src/stm32f4xx_hal_gpio.c ****       tmp = SYSCFG->EXTICR[position >> 2U];
 352:Drivers/STM32F4xx_HAL_Driver/Src/stm32f4xx_hal_gpio.c ****       tmp &= (0x0FU << (4U * (position & 0x03U)));
 353:Drivers/STM32F4xx_HAL_Driver/Src/stm32f4xx_hal_gpio.c ****       if(tmp == ((uint32_t)(GPIO_GET_INDEX(GPIOx)) << (4U * (position & 0x03U))))
 361              		.loc 1 353 0
 362 000a 0226     		movs	r6, #2
 363 000c 00E0     		b	.L25
 364              	.L27:
 365 000e 0026     		movs	r6, #0
 366              	.L25:
 367              		.loc 1 353 0 is_stmt 0 discriminator 12
 368 0010 06FA02F2 		lsl	r2, r6, r2
 369 0014 9442     		cmp	r4, r2
 370 0016 44D0     		beq	.L34
 371              	.LVL49:
 372              	.L24:
 325:Drivers/STM32F4xx_HAL_Driver/Src/stm32f4xx_hal_gpio.c ****   {
 373              		.loc 1 325 0 is_stmt 1 discriminator 2
 374 0018 0133     		adds	r3, r3, #1
ARM GAS  /var/folders/qx/3thh6vs13c76w0sbjx53xp240000gn/T//ccfnbiQV.s 			page 14


 375              	.LVL50:
 376 001a 0F2B     		cmp	r3, #15
 377 001c 5AD8     		bhi	.L35
 378              	.LVL51:
 379              	.L26:
 328:Drivers/STM32F4xx_HAL_Driver/Src/stm32f4xx_hal_gpio.c ****     /* Get the current IO position */
 380              		.loc 1 328 0
 381 001e 0122     		movs	r2, #1
 382 0020 9A40     		lsls	r2, r2, r3
 383              	.LVL52:
 330:Drivers/STM32F4xx_HAL_Driver/Src/stm32f4xx_hal_gpio.c **** 
 384              		.loc 1 330 0
 385 0022 02EA0105 		and	r5, r2, r1
 386              	.LVL53:
 332:Drivers/STM32F4xx_HAL_Driver/Src/stm32f4xx_hal_gpio.c ****     {
 387              		.loc 1 332 0
 388 0026 AA42     		cmp	r2, r5
 389 0028 F6D1     		bne	.L24
 336:Drivers/STM32F4xx_HAL_Driver/Src/stm32f4xx_hal_gpio.c **** 
 390              		.loc 1 336 0
 391 002a 0668     		ldr	r6, [r0]
 392 002c 5F00     		lsls	r7, r3, #1
 393 002e 0324     		movs	r4, #3
 394 0030 BC40     		lsls	r4, r4, r7
 395 0032 E443     		mvns	r4, r4
 396 0034 2640     		ands	r6, r6, r4
 397 0036 0660     		str	r6, [r0]
 339:Drivers/STM32F4xx_HAL_Driver/Src/stm32f4xx_hal_gpio.c **** 
 398              		.loc 1 339 0
 399 0038 4FEAD30E 		lsr	lr, r3, #3
 400 003c 0EF1080E 		add	lr, lr, #8
 401 0040 50F82EC0 		ldr	ip, [r0, lr, lsl #2]
 402 0044 03F00706 		and	r6, r3, #7
 403 0048 B600     		lsls	r6, r6, #2
 404 004a 0F27     		movs	r7, #15
 405 004c 07FA06F6 		lsl	r6, r7, r6
 406 0050 2CEA0606 		bic	r6, ip, r6
 407 0054 40F82E60 		str	r6, [r0, lr, lsl #2]
 342:Drivers/STM32F4xx_HAL_Driver/Src/stm32f4xx_hal_gpio.c **** 
 408              		.loc 1 342 0
 409 0058 8668     		ldr	r6, [r0, #8]
 410 005a 2640     		ands	r6, r6, r4
 411 005c 8660     		str	r6, [r0, #8]
 345:Drivers/STM32F4xx_HAL_Driver/Src/stm32f4xx_hal_gpio.c **** 
 412              		.loc 1 345 0
 413 005e 4668     		ldr	r6, [r0, #4]
 414 0060 26EA0202 		bic	r2, r6, r2
 415              	.LVL54:
 416 0064 4260     		str	r2, [r0, #4]
 348:Drivers/STM32F4xx_HAL_Driver/Src/stm32f4xx_hal_gpio.c **** 
 417              		.loc 1 348 0
 418 0066 C268     		ldr	r2, [r0, #12]
 419 0068 1440     		ands	r4, r4, r2
 420 006a C460     		str	r4, [r0, #12]
 351:Drivers/STM32F4xx_HAL_Driver/Src/stm32f4xx_hal_gpio.c ****       tmp &= (0x0FU << (4U * (position & 0x03U)));
 421              		.loc 1 351 0
 422 006c 4FEA930E 		lsr	lr, r3, #2
ARM GAS  /var/folders/qx/3thh6vs13c76w0sbjx53xp240000gn/T//ccfnbiQV.s 			page 15


 423 0070 0EF10204 		add	r4, lr, #2
 424 0074 184A     		ldr	r2, .L37
 425 0076 52F82440 		ldr	r4, [r2, r4, lsl #2]
 426              	.LVL55:
 352:Drivers/STM32F4xx_HAL_Driver/Src/stm32f4xx_hal_gpio.c ****       if(tmp == ((uint32_t)(GPIO_GET_INDEX(GPIOx)) << (4U * (position & 0x03U))))
 427              		.loc 1 352 0
 428 007a 03F00302 		and	r2, r3, #3
 429 007e 9200     		lsls	r2, r2, #2
 430 0080 9740     		lsls	r7, r7, r2
 431 0082 3C40     		ands	r4, r4, r7
 432              	.LVL56:
 433              		.loc 1 353 0
 434 0084 154E     		ldr	r6, .L37+4
 435 0086 B042     		cmp	r0, r6
 436 0088 C1D0     		beq	.L27
 437              		.loc 1 353 0 is_stmt 0 discriminator 1
 438 008a 06F58066 		add	r6, r6, #1024
 439 008e B042     		cmp	r0, r6
 440 0090 05D0     		beq	.L28
 441              		.loc 1 353 0 discriminator 3
 442 0092 06F58066 		add	r6, r6, #1024
 443 0096 B042     		cmp	r0, r6
 444 0098 B7D0     		beq	.L36
 445              		.loc 1 353 0
 446 009a 0726     		movs	r6, #7
 447 009c B8E7     		b	.L25
 448              	.L28:
 449 009e 0126     		movs	r6, #1
 450              	.LVL57:
 451 00a0 B6E7     		b	.L25
 452              	.LVL58:
 453              	.L34:
 354:Drivers/STM32F4xx_HAL_Driver/Src/stm32f4xx_hal_gpio.c ****       {
 355:Drivers/STM32F4xx_HAL_Driver/Src/stm32f4xx_hal_gpio.c ****         /* Configure the External Interrupt or event for the current IO */
 356:Drivers/STM32F4xx_HAL_Driver/Src/stm32f4xx_hal_gpio.c ****         tmp = 0x0FU << (4U * (position & 0x03U));
 357:Drivers/STM32F4xx_HAL_Driver/Src/stm32f4xx_hal_gpio.c ****         SYSCFG->EXTICR[position >> 2U] &= ~tmp;
 454              		.loc 1 357 0 is_stmt 1
 455 00a2 0D4C     		ldr	r4, .L37
 456 00a4 0EF1020E 		add	lr, lr, #2
 457 00a8 54F82E20 		ldr	r2, [r4, lr, lsl #2]
 458 00ac 22EA0707 		bic	r7, r2, r7
 459              	.LVL59:
 460 00b0 44F82E70 		str	r7, [r4, lr, lsl #2]
 358:Drivers/STM32F4xx_HAL_Driver/Src/stm32f4xx_hal_gpio.c **** 
 359:Drivers/STM32F4xx_HAL_Driver/Src/stm32f4xx_hal_gpio.c ****         /* Clear EXTI line configuration */
 360:Drivers/STM32F4xx_HAL_Driver/Src/stm32f4xx_hal_gpio.c ****         EXTI->IMR &= ~((uint32_t)iocurrent);
 461              		.loc 1 360 0
 462 00b4 04F58064 		add	r4, r4, #1024
 463 00b8 2668     		ldr	r6, [r4]
 464 00ba EA43     		mvns	r2, r5
 465 00bc 1640     		ands	r6, r6, r2
 466 00be 2660     		str	r6, [r4]
 361:Drivers/STM32F4xx_HAL_Driver/Src/stm32f4xx_hal_gpio.c ****         EXTI->EMR &= ~((uint32_t)iocurrent);
 467              		.loc 1 361 0
 468 00c0 6568     		ldr	r5, [r4, #4]
 469              	.LVL60:
 470 00c2 1540     		ands	r5, r5, r2
ARM GAS  /var/folders/qx/3thh6vs13c76w0sbjx53xp240000gn/T//ccfnbiQV.s 			page 16


 471 00c4 6560     		str	r5, [r4, #4]
 362:Drivers/STM32F4xx_HAL_Driver/Src/stm32f4xx_hal_gpio.c ****         
 363:Drivers/STM32F4xx_HAL_Driver/Src/stm32f4xx_hal_gpio.c ****         /* Clear Rising Falling edge configuration */
 364:Drivers/STM32F4xx_HAL_Driver/Src/stm32f4xx_hal_gpio.c ****         EXTI->RTSR &= ~((uint32_t)iocurrent);
 472              		.loc 1 364 0
 473 00c6 A568     		ldr	r5, [r4, #8]
 474 00c8 1540     		ands	r5, r5, r2
 475 00ca A560     		str	r5, [r4, #8]
 365:Drivers/STM32F4xx_HAL_Driver/Src/stm32f4xx_hal_gpio.c ****         EXTI->FTSR &= ~((uint32_t)iocurrent);
 476              		.loc 1 365 0
 477 00cc E568     		ldr	r5, [r4, #12]
 478 00ce 2A40     		ands	r2, r2, r5
 479              	.LVL61:
 480 00d0 E260     		str	r2, [r4, #12]
 481 00d2 A1E7     		b	.L24
 482              	.LVL62:
 483              	.L35:
 366:Drivers/STM32F4xx_HAL_Driver/Src/stm32f4xx_hal_gpio.c ****       }
 367:Drivers/STM32F4xx_HAL_Driver/Src/stm32f4xx_hal_gpio.c ****     }
 368:Drivers/STM32F4xx_HAL_Driver/Src/stm32f4xx_hal_gpio.c ****   }
 369:Drivers/STM32F4xx_HAL_Driver/Src/stm32f4xx_hal_gpio.c **** }
 484              		.loc 1 369 0
 485 00d4 F0BD     		pop	{r4, r5, r6, r7, pc}
 486              	.LVL63:
 487              	.L33:
 488              	.LCFI4:
 489              		.cfi_def_cfa_offset 0
 490              		.cfi_restore 4
 491              		.cfi_restore 5
 492              		.cfi_restore 6
 493              		.cfi_restore 7
 494              		.cfi_restore 14
 495 00d6 7047     		bx	lr
 496              	.L38:
 497              		.align	2
 498              	.L37:
 499 00d8 00380140 		.word	1073821696
 500 00dc 00000240 		.word	1073872896
 501              		.cfi_endproc
 502              	.LFE125:
 504              		.section	.text.HAL_GPIO_ReadPin,"ax",%progbits
 505              		.align	1
 506              		.global	HAL_GPIO_ReadPin
 507              		.syntax unified
 508              		.thumb
 509              		.thumb_func
 510              		.fpu fpv4-sp-d16
 512              	HAL_GPIO_ReadPin:
 513              	.LFB126:
 370:Drivers/STM32F4xx_HAL_Driver/Src/stm32f4xx_hal_gpio.c **** 
 371:Drivers/STM32F4xx_HAL_Driver/Src/stm32f4xx_hal_gpio.c **** /**
 372:Drivers/STM32F4xx_HAL_Driver/Src/stm32f4xx_hal_gpio.c ****   * @}
 373:Drivers/STM32F4xx_HAL_Driver/Src/stm32f4xx_hal_gpio.c ****   */
 374:Drivers/STM32F4xx_HAL_Driver/Src/stm32f4xx_hal_gpio.c **** 
 375:Drivers/STM32F4xx_HAL_Driver/Src/stm32f4xx_hal_gpio.c **** /** @defgroup GPIO_Exported_Functions_Group2 IO operation functions 
 376:Drivers/STM32F4xx_HAL_Driver/Src/stm32f4xx_hal_gpio.c ****   *  @brief   GPIO Read and Write
 377:Drivers/STM32F4xx_HAL_Driver/Src/stm32f4xx_hal_gpio.c ****   *
ARM GAS  /var/folders/qx/3thh6vs13c76w0sbjx53xp240000gn/T//ccfnbiQV.s 			page 17


 378:Drivers/STM32F4xx_HAL_Driver/Src/stm32f4xx_hal_gpio.c **** @verbatim
 379:Drivers/STM32F4xx_HAL_Driver/Src/stm32f4xx_hal_gpio.c ****  ===============================================================================
 380:Drivers/STM32F4xx_HAL_Driver/Src/stm32f4xx_hal_gpio.c ****                        ##### IO operation functions #####
 381:Drivers/STM32F4xx_HAL_Driver/Src/stm32f4xx_hal_gpio.c ****  ===============================================================================
 382:Drivers/STM32F4xx_HAL_Driver/Src/stm32f4xx_hal_gpio.c **** 
 383:Drivers/STM32F4xx_HAL_Driver/Src/stm32f4xx_hal_gpio.c **** @endverbatim
 384:Drivers/STM32F4xx_HAL_Driver/Src/stm32f4xx_hal_gpio.c ****   * @{
 385:Drivers/STM32F4xx_HAL_Driver/Src/stm32f4xx_hal_gpio.c ****   */
 386:Drivers/STM32F4xx_HAL_Driver/Src/stm32f4xx_hal_gpio.c **** 
 387:Drivers/STM32F4xx_HAL_Driver/Src/stm32f4xx_hal_gpio.c **** /**
 388:Drivers/STM32F4xx_HAL_Driver/Src/stm32f4xx_hal_gpio.c ****   * @brief  Reads the specified input port pin.
 389:Drivers/STM32F4xx_HAL_Driver/Src/stm32f4xx_hal_gpio.c ****   * @param  GPIOx: where x can be (A..K) to select the GPIO peripheral for STM32F429X device or
 390:Drivers/STM32F4xx_HAL_Driver/Src/stm32f4xx_hal_gpio.c ****   *                      x can be (A..I) to select the GPIO peripheral for STM32F40XX and STM32F427
 391:Drivers/STM32F4xx_HAL_Driver/Src/stm32f4xx_hal_gpio.c ****   * @param  GPIO_Pin: specifies the port bit to read.
 392:Drivers/STM32F4xx_HAL_Driver/Src/stm32f4xx_hal_gpio.c ****   *         This parameter can be GPIO_PIN_x where x can be (0..15).
 393:Drivers/STM32F4xx_HAL_Driver/Src/stm32f4xx_hal_gpio.c ****   * @retval The input port pin value.
 394:Drivers/STM32F4xx_HAL_Driver/Src/stm32f4xx_hal_gpio.c ****   */
 395:Drivers/STM32F4xx_HAL_Driver/Src/stm32f4xx_hal_gpio.c **** GPIO_PinState HAL_GPIO_ReadPin(GPIO_TypeDef* GPIOx, uint16_t GPIO_Pin)
 396:Drivers/STM32F4xx_HAL_Driver/Src/stm32f4xx_hal_gpio.c **** {
 514              		.loc 1 396 0
 515              		.cfi_startproc
 516              		@ args = 0, pretend = 0, frame = 0
 517              		@ frame_needed = 0, uses_anonymous_args = 0
 518              		@ link register save eliminated.
 519              	.LVL64:
 397:Drivers/STM32F4xx_HAL_Driver/Src/stm32f4xx_hal_gpio.c ****   GPIO_PinState bitstatus;
 398:Drivers/STM32F4xx_HAL_Driver/Src/stm32f4xx_hal_gpio.c **** 
 399:Drivers/STM32F4xx_HAL_Driver/Src/stm32f4xx_hal_gpio.c ****   /* Check the parameters */
 400:Drivers/STM32F4xx_HAL_Driver/Src/stm32f4xx_hal_gpio.c ****   assert_param(IS_GPIO_PIN(GPIO_Pin));
 401:Drivers/STM32F4xx_HAL_Driver/Src/stm32f4xx_hal_gpio.c **** 
 402:Drivers/STM32F4xx_HAL_Driver/Src/stm32f4xx_hal_gpio.c ****   if((GPIOx->IDR & GPIO_Pin) != (uint32_t)GPIO_PIN_RESET)
 520              		.loc 1 402 0
 521 0000 0369     		ldr	r3, [r0, #16]
 522 0002 1942     		tst	r1, r3
 523 0004 01D1     		bne	.L42
 403:Drivers/STM32F4xx_HAL_Driver/Src/stm32f4xx_hal_gpio.c ****   {
 404:Drivers/STM32F4xx_HAL_Driver/Src/stm32f4xx_hal_gpio.c ****     bitstatus = GPIO_PIN_SET;
 405:Drivers/STM32F4xx_HAL_Driver/Src/stm32f4xx_hal_gpio.c ****   }
 406:Drivers/STM32F4xx_HAL_Driver/Src/stm32f4xx_hal_gpio.c ****   else
 407:Drivers/STM32F4xx_HAL_Driver/Src/stm32f4xx_hal_gpio.c ****   {
 408:Drivers/STM32F4xx_HAL_Driver/Src/stm32f4xx_hal_gpio.c ****     bitstatus = GPIO_PIN_RESET;
 524              		.loc 1 408 0
 525 0006 0020     		movs	r0, #0
 526              	.LVL65:
 409:Drivers/STM32F4xx_HAL_Driver/Src/stm32f4xx_hal_gpio.c ****   }
 410:Drivers/STM32F4xx_HAL_Driver/Src/stm32f4xx_hal_gpio.c ****   return bitstatus;
 411:Drivers/STM32F4xx_HAL_Driver/Src/stm32f4xx_hal_gpio.c **** }
 527              		.loc 1 411 0
 528 0008 7047     		bx	lr
 529              	.LVL66:
 530              	.L42:
 404:Drivers/STM32F4xx_HAL_Driver/Src/stm32f4xx_hal_gpio.c ****   }
 531              		.loc 1 404 0
 532 000a 0120     		movs	r0, #1
 533              	.LVL67:
 534 000c 7047     		bx	lr
 535              		.cfi_endproc
ARM GAS  /var/folders/qx/3thh6vs13c76w0sbjx53xp240000gn/T//ccfnbiQV.s 			page 18


 536              	.LFE126:
 538              		.section	.text.HAL_GPIO_WritePin,"ax",%progbits
 539              		.align	1
 540              		.global	HAL_GPIO_WritePin
 541              		.syntax unified
 542              		.thumb
 543              		.thumb_func
 544              		.fpu fpv4-sp-d16
 546              	HAL_GPIO_WritePin:
 547              	.LFB127:
 412:Drivers/STM32F4xx_HAL_Driver/Src/stm32f4xx_hal_gpio.c **** 
 413:Drivers/STM32F4xx_HAL_Driver/Src/stm32f4xx_hal_gpio.c **** /**
 414:Drivers/STM32F4xx_HAL_Driver/Src/stm32f4xx_hal_gpio.c ****   * @brief  Sets or clears the selected data port bit.
 415:Drivers/STM32F4xx_HAL_Driver/Src/stm32f4xx_hal_gpio.c ****   *
 416:Drivers/STM32F4xx_HAL_Driver/Src/stm32f4xx_hal_gpio.c ****   * @note   This function uses GPIOx_BSRR register to allow atomic read/modify
 417:Drivers/STM32F4xx_HAL_Driver/Src/stm32f4xx_hal_gpio.c ****   *         accesses. In this way, there is no risk of an IRQ occurring between
 418:Drivers/STM32F4xx_HAL_Driver/Src/stm32f4xx_hal_gpio.c ****   *         the read and the modify access.
 419:Drivers/STM32F4xx_HAL_Driver/Src/stm32f4xx_hal_gpio.c ****   *
 420:Drivers/STM32F4xx_HAL_Driver/Src/stm32f4xx_hal_gpio.c ****   * @param  GPIOx: where x can be (A..K) to select the GPIO peripheral for STM32F429X device or
 421:Drivers/STM32F4xx_HAL_Driver/Src/stm32f4xx_hal_gpio.c ****   *                      x can be (A..I) to select the GPIO peripheral for STM32F40XX and STM32F427
 422:Drivers/STM32F4xx_HAL_Driver/Src/stm32f4xx_hal_gpio.c ****   * @param  GPIO_Pin: specifies the port bit to be written.
 423:Drivers/STM32F4xx_HAL_Driver/Src/stm32f4xx_hal_gpio.c ****   *          This parameter can be one of GPIO_PIN_x where x can be (0..15).
 424:Drivers/STM32F4xx_HAL_Driver/Src/stm32f4xx_hal_gpio.c ****   * @param  PinState: specifies the value to be written to the selected bit.
 425:Drivers/STM32F4xx_HAL_Driver/Src/stm32f4xx_hal_gpio.c ****   *          This parameter can be one of the GPIO_PinState enum values:
 426:Drivers/STM32F4xx_HAL_Driver/Src/stm32f4xx_hal_gpio.c ****   *            @arg GPIO_PIN_RESET: to clear the port pin
 427:Drivers/STM32F4xx_HAL_Driver/Src/stm32f4xx_hal_gpio.c ****   *            @arg GPIO_PIN_SET: to set the port pin
 428:Drivers/STM32F4xx_HAL_Driver/Src/stm32f4xx_hal_gpio.c ****   * @retval None
 429:Drivers/STM32F4xx_HAL_Driver/Src/stm32f4xx_hal_gpio.c ****   */
 430:Drivers/STM32F4xx_HAL_Driver/Src/stm32f4xx_hal_gpio.c **** void HAL_GPIO_WritePin(GPIO_TypeDef* GPIOx, uint16_t GPIO_Pin, GPIO_PinState PinState)
 431:Drivers/STM32F4xx_HAL_Driver/Src/stm32f4xx_hal_gpio.c **** {
 548              		.loc 1 431 0
 549              		.cfi_startproc
 550              		@ args = 0, pretend = 0, frame = 0
 551              		@ frame_needed = 0, uses_anonymous_args = 0
 552              		@ link register save eliminated.
 553              	.LVL68:
 432:Drivers/STM32F4xx_HAL_Driver/Src/stm32f4xx_hal_gpio.c ****   /* Check the parameters */
 433:Drivers/STM32F4xx_HAL_Driver/Src/stm32f4xx_hal_gpio.c ****   assert_param(IS_GPIO_PIN(GPIO_Pin));
 434:Drivers/STM32F4xx_HAL_Driver/Src/stm32f4xx_hal_gpio.c ****   assert_param(IS_GPIO_PIN_ACTION(PinState));
 435:Drivers/STM32F4xx_HAL_Driver/Src/stm32f4xx_hal_gpio.c **** 
 436:Drivers/STM32F4xx_HAL_Driver/Src/stm32f4xx_hal_gpio.c ****   if(PinState != GPIO_PIN_RESET)
 554              		.loc 1 436 0
 555 0000 12B9     		cbnz	r2, .L46
 437:Drivers/STM32F4xx_HAL_Driver/Src/stm32f4xx_hal_gpio.c ****   {
 438:Drivers/STM32F4xx_HAL_Driver/Src/stm32f4xx_hal_gpio.c ****     GPIOx->BSRR = GPIO_Pin;
 439:Drivers/STM32F4xx_HAL_Driver/Src/stm32f4xx_hal_gpio.c ****   }
 440:Drivers/STM32F4xx_HAL_Driver/Src/stm32f4xx_hal_gpio.c ****   else
 441:Drivers/STM32F4xx_HAL_Driver/Src/stm32f4xx_hal_gpio.c ****   {
 442:Drivers/STM32F4xx_HAL_Driver/Src/stm32f4xx_hal_gpio.c ****     GPIOx->BSRR = (uint32_t)GPIO_Pin << 16U;
 556              		.loc 1 442 0
 557 0002 0904     		lsls	r1, r1, #16
 558              	.LVL69:
 559 0004 8161     		str	r1, [r0, #24]
 560 0006 7047     		bx	lr
 561              	.LVL70:
 562              	.L46:
 438:Drivers/STM32F4xx_HAL_Driver/Src/stm32f4xx_hal_gpio.c ****   }
ARM GAS  /var/folders/qx/3thh6vs13c76w0sbjx53xp240000gn/T//ccfnbiQV.s 			page 19


 563              		.loc 1 438 0
 564 0008 8161     		str	r1, [r0, #24]
 565 000a 7047     		bx	lr
 566              		.cfi_endproc
 567              	.LFE127:
 569              		.section	.text.HAL_GPIO_TogglePin,"ax",%progbits
 570              		.align	1
 571              		.global	HAL_GPIO_TogglePin
 572              		.syntax unified
 573              		.thumb
 574              		.thumb_func
 575              		.fpu fpv4-sp-d16
 577              	HAL_GPIO_TogglePin:
 578              	.LFB128:
 443:Drivers/STM32F4xx_HAL_Driver/Src/stm32f4xx_hal_gpio.c ****   }
 444:Drivers/STM32F4xx_HAL_Driver/Src/stm32f4xx_hal_gpio.c **** }
 445:Drivers/STM32F4xx_HAL_Driver/Src/stm32f4xx_hal_gpio.c **** 
 446:Drivers/STM32F4xx_HAL_Driver/Src/stm32f4xx_hal_gpio.c **** /**
 447:Drivers/STM32F4xx_HAL_Driver/Src/stm32f4xx_hal_gpio.c ****   * @brief  Toggles the specified GPIO pins.
 448:Drivers/STM32F4xx_HAL_Driver/Src/stm32f4xx_hal_gpio.c ****   * @param  GPIOx: Where x can be (A..K) to select the GPIO peripheral for STM32F429X device or
 449:Drivers/STM32F4xx_HAL_Driver/Src/stm32f4xx_hal_gpio.c ****   *                      x can be (A..I) to select the GPIO peripheral for STM32F40XX and STM32F427
 450:Drivers/STM32F4xx_HAL_Driver/Src/stm32f4xx_hal_gpio.c ****   * @param  GPIO_Pin: Specifies the pins to be toggled.
 451:Drivers/STM32F4xx_HAL_Driver/Src/stm32f4xx_hal_gpio.c ****   * @retval None
 452:Drivers/STM32F4xx_HAL_Driver/Src/stm32f4xx_hal_gpio.c ****   */
 453:Drivers/STM32F4xx_HAL_Driver/Src/stm32f4xx_hal_gpio.c **** void HAL_GPIO_TogglePin(GPIO_TypeDef* GPIOx, uint16_t GPIO_Pin)
 454:Drivers/STM32F4xx_HAL_Driver/Src/stm32f4xx_hal_gpio.c **** {
 579              		.loc 1 454 0
 580              		.cfi_startproc
 581              		@ args = 0, pretend = 0, frame = 0
 582              		@ frame_needed = 0, uses_anonymous_args = 0
 583              		@ link register save eliminated.
 584              	.LVL71:
 455:Drivers/STM32F4xx_HAL_Driver/Src/stm32f4xx_hal_gpio.c ****   /* Check the parameters */
 456:Drivers/STM32F4xx_HAL_Driver/Src/stm32f4xx_hal_gpio.c ****   assert_param(IS_GPIO_PIN(GPIO_Pin));
 457:Drivers/STM32F4xx_HAL_Driver/Src/stm32f4xx_hal_gpio.c **** 
 458:Drivers/STM32F4xx_HAL_Driver/Src/stm32f4xx_hal_gpio.c ****   GPIOx->ODR ^= GPIO_Pin;
 585              		.loc 1 458 0
 586 0000 4369     		ldr	r3, [r0, #20]
 587 0002 5940     		eors	r1, r1, r3
 588              	.LVL72:
 589 0004 4161     		str	r1, [r0, #20]
 590 0006 7047     		bx	lr
 591              		.cfi_endproc
 592              	.LFE128:
 594              		.section	.text.HAL_GPIO_LockPin,"ax",%progbits
 595              		.align	1
 596              		.global	HAL_GPIO_LockPin
 597              		.syntax unified
 598              		.thumb
 599              		.thumb_func
 600              		.fpu fpv4-sp-d16
 602              	HAL_GPIO_LockPin:
 603              	.LFB129:
 459:Drivers/STM32F4xx_HAL_Driver/Src/stm32f4xx_hal_gpio.c **** }
 460:Drivers/STM32F4xx_HAL_Driver/Src/stm32f4xx_hal_gpio.c **** 
 461:Drivers/STM32F4xx_HAL_Driver/Src/stm32f4xx_hal_gpio.c **** /**
 462:Drivers/STM32F4xx_HAL_Driver/Src/stm32f4xx_hal_gpio.c ****   * @brief  Locks GPIO Pins configuration registers.
ARM GAS  /var/folders/qx/3thh6vs13c76w0sbjx53xp240000gn/T//ccfnbiQV.s 			page 20


 463:Drivers/STM32F4xx_HAL_Driver/Src/stm32f4xx_hal_gpio.c ****   * @note   The locked registers are GPIOx_MODER, GPIOx_OTYPER, GPIOx_OSPEEDR,
 464:Drivers/STM32F4xx_HAL_Driver/Src/stm32f4xx_hal_gpio.c ****   *         GPIOx_PUPDR, GPIOx_AFRL and GPIOx_AFRH.
 465:Drivers/STM32F4xx_HAL_Driver/Src/stm32f4xx_hal_gpio.c ****   * @note   The configuration of the locked GPIO pins can no longer be modified
 466:Drivers/STM32F4xx_HAL_Driver/Src/stm32f4xx_hal_gpio.c ****   *         until the next reset.
 467:Drivers/STM32F4xx_HAL_Driver/Src/stm32f4xx_hal_gpio.c ****   * @param  GPIOx: where x can be (A..F) to select the GPIO peripheral for STM32F4 family
 468:Drivers/STM32F4xx_HAL_Driver/Src/stm32f4xx_hal_gpio.c ****   * @param  GPIO_Pin: specifies the port bit to be locked.
 469:Drivers/STM32F4xx_HAL_Driver/Src/stm32f4xx_hal_gpio.c ****   *         This parameter can be any combination of GPIO_PIN_x where x can be (0..15).
 470:Drivers/STM32F4xx_HAL_Driver/Src/stm32f4xx_hal_gpio.c ****   * @retval None
 471:Drivers/STM32F4xx_HAL_Driver/Src/stm32f4xx_hal_gpio.c ****   */
 472:Drivers/STM32F4xx_HAL_Driver/Src/stm32f4xx_hal_gpio.c **** HAL_StatusTypeDef HAL_GPIO_LockPin(GPIO_TypeDef* GPIOx, uint16_t GPIO_Pin)
 473:Drivers/STM32F4xx_HAL_Driver/Src/stm32f4xx_hal_gpio.c **** {
 604              		.loc 1 473 0
 605              		.cfi_startproc
 606              		@ args = 0, pretend = 0, frame = 8
 607              		@ frame_needed = 0, uses_anonymous_args = 0
 608              		@ link register save eliminated.
 609              	.LVL73:
 610 0000 82B0     		sub	sp, sp, #8
 611              	.LCFI5:
 612              		.cfi_def_cfa_offset 8
 474:Drivers/STM32F4xx_HAL_Driver/Src/stm32f4xx_hal_gpio.c ****   __IO uint32_t tmp = GPIO_LCKR_LCKK;
 613              		.loc 1 474 0
 614 0002 4FF48033 		mov	r3, #65536
 615 0006 0193     		str	r3, [sp, #4]
 475:Drivers/STM32F4xx_HAL_Driver/Src/stm32f4xx_hal_gpio.c **** 
 476:Drivers/STM32F4xx_HAL_Driver/Src/stm32f4xx_hal_gpio.c ****   /* Check the parameters */
 477:Drivers/STM32F4xx_HAL_Driver/Src/stm32f4xx_hal_gpio.c ****   assert_param(IS_GPIO_PIN(GPIO_Pin));
 478:Drivers/STM32F4xx_HAL_Driver/Src/stm32f4xx_hal_gpio.c **** 
 479:Drivers/STM32F4xx_HAL_Driver/Src/stm32f4xx_hal_gpio.c ****   /* Apply lock key write sequence */
 480:Drivers/STM32F4xx_HAL_Driver/Src/stm32f4xx_hal_gpio.c ****   tmp |= GPIO_Pin;
 616              		.loc 1 480 0
 617 0008 019B     		ldr	r3, [sp, #4]
 618 000a 0B43     		orrs	r3, r3, r1
 619 000c 0193     		str	r3, [sp, #4]
 481:Drivers/STM32F4xx_HAL_Driver/Src/stm32f4xx_hal_gpio.c ****   /* Set LCKx bit(s): LCKK='1' + LCK[15-0] */
 482:Drivers/STM32F4xx_HAL_Driver/Src/stm32f4xx_hal_gpio.c ****   GPIOx->LCKR = tmp;
 620              		.loc 1 482 0
 621 000e 019B     		ldr	r3, [sp, #4]
 622 0010 C361     		str	r3, [r0, #28]
 483:Drivers/STM32F4xx_HAL_Driver/Src/stm32f4xx_hal_gpio.c ****   /* Reset LCKx bit(s): LCKK='0' + LCK[15-0] */
 484:Drivers/STM32F4xx_HAL_Driver/Src/stm32f4xx_hal_gpio.c ****   GPIOx->LCKR = GPIO_Pin;
 623              		.loc 1 484 0
 624 0012 C161     		str	r1, [r0, #28]
 485:Drivers/STM32F4xx_HAL_Driver/Src/stm32f4xx_hal_gpio.c ****   /* Set LCKx bit(s): LCKK='1' + LCK[15-0] */
 486:Drivers/STM32F4xx_HAL_Driver/Src/stm32f4xx_hal_gpio.c ****   GPIOx->LCKR = tmp;
 625              		.loc 1 486 0
 626 0014 019B     		ldr	r3, [sp, #4]
 627 0016 C361     		str	r3, [r0, #28]
 487:Drivers/STM32F4xx_HAL_Driver/Src/stm32f4xx_hal_gpio.c ****   /* Read LCKK bit*/
 488:Drivers/STM32F4xx_HAL_Driver/Src/stm32f4xx_hal_gpio.c ****   tmp = GPIOx->LCKR;
 628              		.loc 1 488 0
 629 0018 C369     		ldr	r3, [r0, #28]
 630 001a 0193     		str	r3, [sp, #4]
 489:Drivers/STM32F4xx_HAL_Driver/Src/stm32f4xx_hal_gpio.c **** 
 490:Drivers/STM32F4xx_HAL_Driver/Src/stm32f4xx_hal_gpio.c ****  if((GPIOx->LCKR & GPIO_LCKR_LCKK) != RESET)
 631              		.loc 1 490 0
 632 001c C369     		ldr	r3, [r0, #28]
ARM GAS  /var/folders/qx/3thh6vs13c76w0sbjx53xp240000gn/T//ccfnbiQV.s 			page 21


 633 001e 13F4803F 		tst	r3, #65536
 634 0022 02D1     		bne	.L52
 491:Drivers/STM32F4xx_HAL_Driver/Src/stm32f4xx_hal_gpio.c ****   {
 492:Drivers/STM32F4xx_HAL_Driver/Src/stm32f4xx_hal_gpio.c ****     return HAL_OK;
 493:Drivers/STM32F4xx_HAL_Driver/Src/stm32f4xx_hal_gpio.c ****   }
 494:Drivers/STM32F4xx_HAL_Driver/Src/stm32f4xx_hal_gpio.c ****   else
 495:Drivers/STM32F4xx_HAL_Driver/Src/stm32f4xx_hal_gpio.c ****   {
 496:Drivers/STM32F4xx_HAL_Driver/Src/stm32f4xx_hal_gpio.c ****     return HAL_ERROR;
 635              		.loc 1 496 0
 636 0024 0120     		movs	r0, #1
 637              	.LVL74:
 638              	.L49:
 497:Drivers/STM32F4xx_HAL_Driver/Src/stm32f4xx_hal_gpio.c ****   }
 498:Drivers/STM32F4xx_HAL_Driver/Src/stm32f4xx_hal_gpio.c **** }
 639              		.loc 1 498 0
 640 0026 02B0     		add	sp, sp, #8
 641              	.LCFI6:
 642              		.cfi_remember_state
 643              		.cfi_def_cfa_offset 0
 644              		@ sp needed
 645 0028 7047     		bx	lr
 646              	.LVL75:
 647              	.L52:
 648              	.LCFI7:
 649              		.cfi_restore_state
 492:Drivers/STM32F4xx_HAL_Driver/Src/stm32f4xx_hal_gpio.c ****   }
 650              		.loc 1 492 0
 651 002a 0020     		movs	r0, #0
 652              	.LVL76:
 653 002c FBE7     		b	.L49
 654              		.cfi_endproc
 655              	.LFE129:
 657              		.section	.text.HAL_GPIO_EXTI_Callback,"ax",%progbits
 658              		.align	1
 659              		.weak	HAL_GPIO_EXTI_Callback
 660              		.syntax unified
 661              		.thumb
 662              		.thumb_func
 663              		.fpu fpv4-sp-d16
 665              	HAL_GPIO_EXTI_Callback:
 666              	.LFB131:
 499:Drivers/STM32F4xx_HAL_Driver/Src/stm32f4xx_hal_gpio.c **** 
 500:Drivers/STM32F4xx_HAL_Driver/Src/stm32f4xx_hal_gpio.c **** /**
 501:Drivers/STM32F4xx_HAL_Driver/Src/stm32f4xx_hal_gpio.c ****   * @brief  This function handles EXTI interrupt request.
 502:Drivers/STM32F4xx_HAL_Driver/Src/stm32f4xx_hal_gpio.c ****   * @param  GPIO_Pin: Specifies the pins connected EXTI line
 503:Drivers/STM32F4xx_HAL_Driver/Src/stm32f4xx_hal_gpio.c ****   * @retval None
 504:Drivers/STM32F4xx_HAL_Driver/Src/stm32f4xx_hal_gpio.c ****   */
 505:Drivers/STM32F4xx_HAL_Driver/Src/stm32f4xx_hal_gpio.c **** void HAL_GPIO_EXTI_IRQHandler(uint16_t GPIO_Pin)
 506:Drivers/STM32F4xx_HAL_Driver/Src/stm32f4xx_hal_gpio.c **** {
 507:Drivers/STM32F4xx_HAL_Driver/Src/stm32f4xx_hal_gpio.c ****   /* EXTI line interrupt detected */
 508:Drivers/STM32F4xx_HAL_Driver/Src/stm32f4xx_hal_gpio.c ****   if(__HAL_GPIO_EXTI_GET_IT(GPIO_Pin) != RESET)
 509:Drivers/STM32F4xx_HAL_Driver/Src/stm32f4xx_hal_gpio.c ****   {
 510:Drivers/STM32F4xx_HAL_Driver/Src/stm32f4xx_hal_gpio.c ****     __HAL_GPIO_EXTI_CLEAR_IT(GPIO_Pin);
 511:Drivers/STM32F4xx_HAL_Driver/Src/stm32f4xx_hal_gpio.c ****     HAL_GPIO_EXTI_Callback(GPIO_Pin);
 512:Drivers/STM32F4xx_HAL_Driver/Src/stm32f4xx_hal_gpio.c ****   }
 513:Drivers/STM32F4xx_HAL_Driver/Src/stm32f4xx_hal_gpio.c **** }
 514:Drivers/STM32F4xx_HAL_Driver/Src/stm32f4xx_hal_gpio.c **** 
ARM GAS  /var/folders/qx/3thh6vs13c76w0sbjx53xp240000gn/T//ccfnbiQV.s 			page 22


 515:Drivers/STM32F4xx_HAL_Driver/Src/stm32f4xx_hal_gpio.c **** /**
 516:Drivers/STM32F4xx_HAL_Driver/Src/stm32f4xx_hal_gpio.c ****   * @brief  EXTI line detection callbacks.
 517:Drivers/STM32F4xx_HAL_Driver/Src/stm32f4xx_hal_gpio.c ****   * @param  GPIO_Pin: Specifies the pins connected EXTI line
 518:Drivers/STM32F4xx_HAL_Driver/Src/stm32f4xx_hal_gpio.c ****   * @retval None
 519:Drivers/STM32F4xx_HAL_Driver/Src/stm32f4xx_hal_gpio.c ****   */
 520:Drivers/STM32F4xx_HAL_Driver/Src/stm32f4xx_hal_gpio.c **** __weak void HAL_GPIO_EXTI_Callback(uint16_t GPIO_Pin)
 521:Drivers/STM32F4xx_HAL_Driver/Src/stm32f4xx_hal_gpio.c **** {
 667              		.loc 1 521 0
 668              		.cfi_startproc
 669              		@ args = 0, pretend = 0, frame = 0
 670              		@ frame_needed = 0, uses_anonymous_args = 0
 671              		@ link register save eliminated.
 672              	.LVL77:
 673 0000 7047     		bx	lr
 674              		.cfi_endproc
 675              	.LFE131:
 677              		.section	.text.HAL_GPIO_EXTI_IRQHandler,"ax",%progbits
 678              		.align	1
 679              		.global	HAL_GPIO_EXTI_IRQHandler
 680              		.syntax unified
 681              		.thumb
 682              		.thumb_func
 683              		.fpu fpv4-sp-d16
 685              	HAL_GPIO_EXTI_IRQHandler:
 686              	.LFB130:
 506:Drivers/STM32F4xx_HAL_Driver/Src/stm32f4xx_hal_gpio.c ****   /* EXTI line interrupt detected */
 687              		.loc 1 506 0
 688              		.cfi_startproc
 689              		@ args = 0, pretend = 0, frame = 0
 690              		@ frame_needed = 0, uses_anonymous_args = 0
 691              	.LVL78:
 506:Drivers/STM32F4xx_HAL_Driver/Src/stm32f4xx_hal_gpio.c ****   /* EXTI line interrupt detected */
 692              		.loc 1 506 0
 693 0000 08B5     		push	{r3, lr}
 694              	.LCFI8:
 695              		.cfi_def_cfa_offset 8
 696              		.cfi_offset 3, -8
 697              		.cfi_offset 14, -4
 508:Drivers/STM32F4xx_HAL_Driver/Src/stm32f4xx_hal_gpio.c ****   {
 698              		.loc 1 508 0
 699 0002 054B     		ldr	r3, .L58
 700 0004 5B69     		ldr	r3, [r3, #20]
 701 0006 0342     		tst	r3, r0
 702 0008 00D1     		bne	.L57
 703              	.LVL79:
 704              	.L54:
 705 000a 08BD     		pop	{r3, pc}
 706              	.LVL80:
 707              	.L57:
 510:Drivers/STM32F4xx_HAL_Driver/Src/stm32f4xx_hal_gpio.c ****     HAL_GPIO_EXTI_Callback(GPIO_Pin);
 708              		.loc 1 510 0
 709 000c 024B     		ldr	r3, .L58
 710 000e 5861     		str	r0, [r3, #20]
 511:Drivers/STM32F4xx_HAL_Driver/Src/stm32f4xx_hal_gpio.c ****   }
 711              		.loc 1 511 0
 712 0010 FFF7FEFF 		bl	HAL_GPIO_EXTI_Callback
 713              	.LVL81:
ARM GAS  /var/folders/qx/3thh6vs13c76w0sbjx53xp240000gn/T//ccfnbiQV.s 			page 23


 513:Drivers/STM32F4xx_HAL_Driver/Src/stm32f4xx_hal_gpio.c **** 
 714              		.loc 1 513 0
 715 0014 F9E7     		b	.L54
 716              	.L59:
 717 0016 00BF     		.align	2
 718              	.L58:
 719 0018 003C0140 		.word	1073822720
 720              		.cfi_endproc
 721              	.LFE130:
 723              		.text
 724              	.Letext0:
 725              		.file 2 "/usr/local/Caskroom/gcc-arm-embedded/6-2017-q1-update/gcc-arm-none-eabi-6-2017-q1-update/
 726              		.file 3 "/usr/local/Caskroom/gcc-arm-embedded/6-2017-q1-update/gcc-arm-none-eabi-6-2017-q1-update/
 727              		.file 4 "Drivers/CMSIS/Include/core_cm4.h"
 728              		.file 5 "Drivers/CMSIS/Device/ST/STM32F4xx/Include/system_stm32f4xx.h"
 729              		.file 6 "Drivers/CMSIS/Device/ST/STM32F4xx/Include/stm32f410rx.h"
 730              		.file 7 "/usr/local/Caskroom/gcc-arm-embedded/6-2017-q1-update/gcc-arm-none-eabi-6-2017-q1-update/
 731              		.file 8 "/usr/local/Caskroom/gcc-arm-embedded/6-2017-q1-update/gcc-arm-none-eabi-6-2017-q1-update/
 732              		.file 9 "/usr/local/Caskroom/gcc-arm-embedded/6-2017-q1-update/gcc-arm-none-eabi-6-2017-q1-update/
 733              		.file 10 "/usr/local/Caskroom/gcc-arm-embedded/6-2017-q1-update/gcc-arm-none-eabi-6-2017-q1-update
 734              		.file 11 "Drivers/CMSIS/Device/ST/STM32F4xx/Include/stm32f4xx.h"
 735              		.file 12 "Drivers/STM32F4xx_HAL_Driver/Inc/stm32f4xx_hal_def.h"
 736              		.file 13 "Drivers/STM32F4xx_HAL_Driver/Inc/stm32f4xx_hal_gpio.h"
ARM GAS  /var/folders/qx/3thh6vs13c76w0sbjx53xp240000gn/T//ccfnbiQV.s 			page 24


DEFINED SYMBOLS
                            *ABS*:0000000000000000 stm32f4xx_hal_gpio.c
/var/folders/qx/3thh6vs13c76w0sbjx53xp240000gn/T//ccfnbiQV.s:18     .text.HAL_GPIO_Init:0000000000000000 $t
/var/folders/qx/3thh6vs13c76w0sbjx53xp240000gn/T//ccfnbiQV.s:25     .text.HAL_GPIO_Init:0000000000000000 HAL_GPIO_Init
/var/folders/qx/3thh6vs13c76w0sbjx53xp240000gn/T//ccfnbiQV.s:322    .text.HAL_GPIO_Init:0000000000000180 $d
/var/folders/qx/3thh6vs13c76w0sbjx53xp240000gn/T//ccfnbiQV.s:330    .text.HAL_GPIO_DeInit:0000000000000000 $t
/var/folders/qx/3thh6vs13c76w0sbjx53xp240000gn/T//ccfnbiQV.s:337    .text.HAL_GPIO_DeInit:0000000000000000 HAL_GPIO_DeInit
/var/folders/qx/3thh6vs13c76w0sbjx53xp240000gn/T//ccfnbiQV.s:499    .text.HAL_GPIO_DeInit:00000000000000d8 $d
/var/folders/qx/3thh6vs13c76w0sbjx53xp240000gn/T//ccfnbiQV.s:505    .text.HAL_GPIO_ReadPin:0000000000000000 $t
/var/folders/qx/3thh6vs13c76w0sbjx53xp240000gn/T//ccfnbiQV.s:512    .text.HAL_GPIO_ReadPin:0000000000000000 HAL_GPIO_ReadPin
/var/folders/qx/3thh6vs13c76w0sbjx53xp240000gn/T//ccfnbiQV.s:539    .text.HAL_GPIO_WritePin:0000000000000000 $t
/var/folders/qx/3thh6vs13c76w0sbjx53xp240000gn/T//ccfnbiQV.s:546    .text.HAL_GPIO_WritePin:0000000000000000 HAL_GPIO_WritePin
/var/folders/qx/3thh6vs13c76w0sbjx53xp240000gn/T//ccfnbiQV.s:570    .text.HAL_GPIO_TogglePin:0000000000000000 $t
/var/folders/qx/3thh6vs13c76w0sbjx53xp240000gn/T//ccfnbiQV.s:577    .text.HAL_GPIO_TogglePin:0000000000000000 HAL_GPIO_TogglePin
/var/folders/qx/3thh6vs13c76w0sbjx53xp240000gn/T//ccfnbiQV.s:595    .text.HAL_GPIO_LockPin:0000000000000000 $t
/var/folders/qx/3thh6vs13c76w0sbjx53xp240000gn/T//ccfnbiQV.s:602    .text.HAL_GPIO_LockPin:0000000000000000 HAL_GPIO_LockPin
/var/folders/qx/3thh6vs13c76w0sbjx53xp240000gn/T//ccfnbiQV.s:658    .text.HAL_GPIO_EXTI_Callback:0000000000000000 $t
/var/folders/qx/3thh6vs13c76w0sbjx53xp240000gn/T//ccfnbiQV.s:665    .text.HAL_GPIO_EXTI_Callback:0000000000000000 HAL_GPIO_EXTI_Callback
/var/folders/qx/3thh6vs13c76w0sbjx53xp240000gn/T//ccfnbiQV.s:678    .text.HAL_GPIO_EXTI_IRQHandler:0000000000000000 $t
/var/folders/qx/3thh6vs13c76w0sbjx53xp240000gn/T//ccfnbiQV.s:685    .text.HAL_GPIO_EXTI_IRQHandler:0000000000000000 HAL_GPIO_EXTI_IRQHandler
/var/folders/qx/3thh6vs13c76w0sbjx53xp240000gn/T//ccfnbiQV.s:719    .text.HAL_GPIO_EXTI_IRQHandler:0000000000000018 $d
                     .debug_frame:0000000000000010 $d

NO UNDEFINED SYMBOLS
