
a.elf:     file format elf32-avr

Sections:
Idx Name          Size      VMA       LMA       File off  Algn
  0 .data         00000000  00800100  000000dc  00000150  2**0
                  CONTENTS, ALLOC, LOAD, DATA
  1 .text         000000dc  00000000  00000000  00000074  2**1
                  CONTENTS, ALLOC, LOAD, READONLY, CODE
  2 .comment      00000011  00000000  00000000  00000150  2**0
                  CONTENTS, READONLY
  3 .debug_aranges 00000020  00000000  00000000  00000168  2**3
                  CONTENTS, READONLY, DEBUGGING
  4 .debug_info   000000be  00000000  00000000  00000188  2**0
                  CONTENTS, READONLY, DEBUGGING
  5 .debug_abbrev 00000014  00000000  00000000  00000246  2**0
                  CONTENTS, READONLY, DEBUGGING
  6 .debug_line   00000058  00000000  00000000  0000025a  2**0
                  CONTENTS, READONLY, DEBUGGING

Disassembly of section .text:

00000000 <__vectors>:
   0:	0c 94 56 00 	jmp	0xac	; 0xac <__ctors_end>
   4:	0c 94 60 00 	jmp	0xc0	; 0xc0 <__bad_interrupt>
   8:	0c 94 60 00 	jmp	0xc0	; 0xc0 <__bad_interrupt>
   c:	0c 94 60 00 	jmp	0xc0	; 0xc0 <__bad_interrupt>
  10:	0c 94 60 00 	jmp	0xc0	; 0xc0 <__bad_interrupt>
  14:	0c 94 60 00 	jmp	0xc0	; 0xc0 <__bad_interrupt>
  18:	0c 94 60 00 	jmp	0xc0	; 0xc0 <__bad_interrupt>
  1c:	0c 94 60 00 	jmp	0xc0	; 0xc0 <__bad_interrupt>
  20:	0c 94 60 00 	jmp	0xc0	; 0xc0 <__bad_interrupt>
  24:	0c 94 60 00 	jmp	0xc0	; 0xc0 <__bad_interrupt>
  28:	0c 94 60 00 	jmp	0xc0	; 0xc0 <__bad_interrupt>
  2c:	0c 94 60 00 	jmp	0xc0	; 0xc0 <__bad_interrupt>
  30:	0c 94 60 00 	jmp	0xc0	; 0xc0 <__bad_interrupt>
  34:	0c 94 60 00 	jmp	0xc0	; 0xc0 <__bad_interrupt>
  38:	0c 94 60 00 	jmp	0xc0	; 0xc0 <__bad_interrupt>
  3c:	0c 94 60 00 	jmp	0xc0	; 0xc0 <__bad_interrupt>
  40:	0c 94 60 00 	jmp	0xc0	; 0xc0 <__bad_interrupt>
  44:	0c 94 60 00 	jmp	0xc0	; 0xc0 <__bad_interrupt>
  48:	0c 94 60 00 	jmp	0xc0	; 0xc0 <__bad_interrupt>
  4c:	0c 94 60 00 	jmp	0xc0	; 0xc0 <__bad_interrupt>
  50:	0c 94 60 00 	jmp	0xc0	; 0xc0 <__bad_interrupt>
  54:	0c 94 60 00 	jmp	0xc0	; 0xc0 <__bad_interrupt>
  58:	0c 94 60 00 	jmp	0xc0	; 0xc0 <__bad_interrupt>
  5c:	0c 94 60 00 	jmp	0xc0	; 0xc0 <__bad_interrupt>
  60:	0c 94 60 00 	jmp	0xc0	; 0xc0 <__bad_interrupt>
  64:	0c 94 60 00 	jmp	0xc0	; 0xc0 <__bad_interrupt>
  68:	0c 94 60 00 	jmp	0xc0	; 0xc0 <__bad_interrupt>
  6c:	0c 94 60 00 	jmp	0xc0	; 0xc0 <__bad_interrupt>
  70:	0c 94 60 00 	jmp	0xc0	; 0xc0 <__bad_interrupt>
  74:	0c 94 60 00 	jmp	0xc0	; 0xc0 <__bad_interrupt>
  78:	0c 94 60 00 	jmp	0xc0	; 0xc0 <__bad_interrupt>
  7c:	0c 94 60 00 	jmp	0xc0	; 0xc0 <__bad_interrupt>
  80:	0c 94 60 00 	jmp	0xc0	; 0xc0 <__bad_interrupt>
  84:	0c 94 60 00 	jmp	0xc0	; 0xc0 <__bad_interrupt>
  88:	0c 94 60 00 	jmp	0xc0	; 0xc0 <__bad_interrupt>
  8c:	0c 94 60 00 	jmp	0xc0	; 0xc0 <__bad_interrupt>
  90:	0c 94 60 00 	jmp	0xc0	; 0xc0 <__bad_interrupt>
  94:	0c 94 60 00 	jmp	0xc0	; 0xc0 <__bad_interrupt>
  98:	0c 94 60 00 	jmp	0xc0	; 0xc0 <__bad_interrupt>
  9c:	0c 94 60 00 	jmp	0xc0	; 0xc0 <__bad_interrupt>
  a0:	0c 94 60 00 	jmp	0xc0	; 0xc0 <__bad_interrupt>
  a4:	0c 94 60 00 	jmp	0xc0	; 0xc0 <__bad_interrupt>
  a8:	0c 94 60 00 	jmp	0xc0	; 0xc0 <__bad_interrupt>

000000ac <__ctors_end>:
  ac:	11 24       	eor	r1, r1
  ae:	1f be       	out	0x3f, r1	; 63
  b0:	cf ef       	ldi	r28, 0xFF	; 255
  b2:	da e0       	ldi	r29, 0x0A	; 10
  b4:	de bf       	out	0x3e, r29	; 62
  b6:	cd bf       	out	0x3d, r28	; 61
  b8:	0e 94 62 00 	call	0xc4	; 0xc4 <main>
  bc:	0c 94 6c 00 	jmp	0xd8	; 0xd8 <_exit>

000000c0 <__bad_interrupt>:
  c0:	0c 94 00 00 	jmp	0	; 0x0 <__vectors>

000000c4 <main>:
  c4:	2f ef       	ldi	r18, 0xFF	; 255
  c6:	84 e3       	ldi	r24, 0x34	; 52
  c8:	9c e0       	ldi	r25, 0x0C	; 12
  ca:	21 50       	subi	r18, 0x01	; 1
  cc:	80 40       	sbci	r24, 0x00	; 0
  ce:	90 40       	sbci	r25, 0x00	; 0
  d0:	e1 f7       	brne	.-8      	; 0xca <main+0x6>
  d2:	00 c0       	rjmp	.+0      	; 0xd4 <main+0x10>
  d4:	00 00       	nop
  d6:	f6 cf       	rjmp	.-20     	; 0xc4 <main>

000000d8 <_exit>:
  d8:	f8 94       	cli

000000da <__stop_program>:
  da:	ff cf       	rjmp	.-2      	; 0xda <__stop_program>
